SELECT COUNT(*) as goods_num FROM `thbvietnam_1s`.`nb_goods` AS g WHERE (g.cat_id  IN ('396')  OR g.goods_id IN ('') ) AND g.is_delete = 0 AND g.is_on_sale = 1 AND g.is_alone_sale = 1 AND g.shop_price >= 15000000 AND g.shop_price < 

2023-07-27 00:11:42 - MySQLi Query Error: You have an error in your SQL syntax; check the manual that corresponds to your MySQL server version for the right syntax to use near '' at line 1

SELECT COUNT(*) as goods_num FROM `thbvietnam_1s`.`nb_goods` AS g WHERE (g.cat_id  IN ('396')  OR g.goods_id IN ('') ) AND g.is_delete = 0 AND g.is_on_sale = 1 AND g.is_alone_sale = 1 AND g.shop_price >=  AND g.shop_price < 9223372036854775807

2023-07-27 00:11:42 - MySQLi Query Error: You have an error in your SQL syntax; check the manual that corresponds to your MySQL server version for the right syntax to use near 'AND g.shop_price < 9223372036854775807' at line 1

SELECT COUNT(*) as goods_num FROM `thbvietnam_1s`.`nb_goods` AS g WHERE (g.cat_id  IN ('396')  OR g.goods_id IN ('') ) AND g.is_delete = 0 AND g.is_on_sale = 1 AND g.is_alone_sale = 1 AND g.shop_price >= 15000000 AND g.shop_price < 

2023-07-27 02:20:50 - MySQLi Query Error: You have an error in your SQL syntax; check the manual that corresponds to your MySQL server version for the right syntax to use near '' at line 1

SELECT COUNT(*) as goods_num FROM `thbvietnam_1s`.`nb_goods` AS g WHERE (g.cat_id  IN ('396')  OR g.goods_id IN ('') ) AND g.is_delete = 0 AND g.is_on_sale = 1 AND g.is_alone_sale = 1 AND g.shop_price >=  AND g.shop_price < 9223372036854775807

2023-07-27 02:20:50 - MySQLi Query Error: You have an error in your SQL syntax; check the manual that corresponds to your MySQL server version for the right syntax to use near 'AND g.shop_price < 9223372036854775807' at line 1

SELECT COUNT(*) as goods_num FROM `thbvietnam_1s`.`nb_goods` AS g WHERE (g.cat_id  IN ('396')  OR g.goods_id IN ('') ) AND g.is_delete = 0 AND g.is_on_sale = 1 AND g.is_alone_sale = 1 AND g.shop_price >= 15000000 AND g.shop_price < 

2023-07-27 06:15:58 - MySQLi Query Error: You have an error in your SQL syntax; check the manual that corresponds to your MySQL server version for the right syntax to use near '' at line 1

SELECT COUNT(*) as goods_num FROM `thbvietnam_1s`.`nb_goods` AS g WHERE (g.cat_id  IN ('396')  OR g.goods_id IN ('') ) AND g.is_delete = 0 AND g.is_on_sale = 1 AND g.is_alone_sale = 1 AND g.shop_price >=  AND g.shop_price < 9223372036854775807

2023-07-27 06:15:58 - MySQLi Query Error: You have an error in your SQL syntax; check the manual that corresponds to your MySQL server version for the right syntax to use near 'AND g.shop_price < 9223372036854775807' at line 1

SELECT COUNT(*) as goods_num FROM `thbvietnam_1s`.`nb_goods` AS g WHERE (g.cat_id  IN ('396')  OR g.goods_id IN ('') ) AND g.is_delete = 0 AND g.is_on_sale = 1 AND g.is_alone_sale = 1 AND g.shop_price >= 15000000 AND g.shop_price < 

2023-07-27 08:05:57 - MySQLi Query Error: You have an error in your SQL syntax; check the manual that corresponds to your MySQL server version for the right syntax to use near '' at line 1

SELECT COUNT(*) as goods_num FROM `thbvietnam_1s`.`nb_goods` AS g WHERE (g.cat_id  IN ('396')  OR g.goods_id IN ('') ) AND g.is_delete = 0 AND g.is_on_sale = 1 AND g.is_alone_sale = 1 AND g.shop_price >=  AND g.shop_price < 9223372036854775807

2023-07-27 08:05:57 - MySQLi Query Error: You have an error in your SQL syntax; check the manual that corresponds to your MySQL server version for the right syntax to use near 'AND g.shop_price < 9223372036854775807' at line 1

SELECT COUNT(*) as goods_num FROM `thbvietnam_1s`.`nb_goods` AS g WHERE (g.cat_id  IN ('396')  OR g.goods_id IN ('') ) AND g.is_delete = 0 AND g.is_on_sale = 1 AND g.is_alone_sale = 1 AND g.shop_price >= 15000000 AND g.shop_price < 

2023-07-27 09:26:05 - MySQLi Query Error: You have an error in your SQL syntax; check the manual that corresponds to your MySQL server version for the right syntax to use near '' at line 1

SELECT COUNT(*) as goods_num FROM `thbvietnam_1s`.`nb_goods` AS g WHERE (g.cat_id  IN ('396')  OR g.goods_id IN ('') ) AND g.is_delete = 0 AND g.is_on_sale = 1 AND g.is_alone_sale = 1 AND g.shop_price >=  AND g.shop_price < 9223372036854775807

2023-07-27 09:26:05 - MySQLi Query Error: You have an error in your SQL syntax; check the manual that corresponds to your MySQL server version for the right syntax to use near 'AND g.shop_price < 9223372036854775807' at line 1

SELECT COUNT(*) as goods_num FROM `thbvietnam_1s`.`nb_goods` AS g WHERE (g.cat_id  IN ('396')  OR g.goods_id IN ('') ) AND g.is_delete = 0 AND g.is_on_sale = 1 AND g.is_alone_sale = 1 AND g.shop_price >= 15000000 AND g.shop_price < 

2023-07-27 10:01:31 - MySQLi Query Error: You have an error in your SQL syntax; check the manual that corresponds to your MySQL server version for the right syntax to use near '' at line 1

SELECT COUNT(*) as goods_num FROM `thbvietnam_1s`.`nb_goods` AS g WHERE (g.cat_id  IN ('396')  OR g.goods_id IN ('') ) AND g.is_delete = 0 AND g.is_on_sale = 1 AND g.is_alone_sale = 1 AND g.shop_price >=  AND g.shop_price < 9223372036854775807

2023-07-27 10:01:31 - MySQLi Query Error: You have an error in your SQL syntax; check the manual that corresponds to your MySQL server version for the right syntax to use near 'AND g.shop_price < 9223372036854775807' at line 1

SELECT COUNT(*) as goods_num FROM `thbvietnam_1s`.`nb_goods` AS g WHERE (g.cat_id  IN ('396')  OR g.goods_id IN ('') ) AND g.is_delete = 0 AND g.is_on_sale = 1 AND g.is_alone_sale = 1 AND g.shop_price >= 15000000 AND g.shop_price < 

2023-07-27 10:53:18 - MySQLi Query Error: You have an error in your SQL syntax; check the manual that corresponds to your MySQL server version for the right syntax to use near '' at line 1

SELECT COUNT(*) as goods_num FROM `thbvietnam_1s`.`nb_goods` AS g WHERE (g.cat_id  IN ('396')  OR g.goods_id IN ('') ) AND g.is_delete = 0 AND g.is_on_sale = 1 AND g.is_alone_sale = 1 AND g.shop_price >=  AND g.shop_price < 9223372036854775807

2023-07-27 10:53:18 - MySQLi Query Error: You have an error in your SQL syntax; check the manual that corresponds to your MySQL server version for the right syntax to use near 'AND g.shop_price < 9223372036854775807' at line 1

SELECT COUNT(*) as goods_num FROM `thbvietnam_1s`.`nb_goods` AS g WHERE (g.cat_id  IN ('396')  OR g.goods_id IN ('') ) AND g.is_delete = 0 AND g.is_on_sale = 1 AND g.is_alone_sale = 1 AND g.shop_price >= 15000000 AND g.shop_price < 

2023-07-27 10:53:19 - MySQLi Query Error: You have an error in your SQL syntax; check the manual that corresponds to your MySQL server version for the right syntax to use near '' at line 1

SELECT COUNT(*) as goods_num FROM `thbvietnam_1s`.`nb_goods` AS g WHERE (g.cat_id  IN ('396')  OR g.goods_id IN ('') ) AND g.is_delete = 0 AND g.is_on_sale = 1 AND g.is_alone_sale = 1 AND g.shop_price >=  AND g.shop_price < 9223372036854775807

2023-07-27 10:53:19 - MySQLi Query Error: You have an error in your SQL syntax; check the manual that corresponds to your MySQL server version for the right syntax to use near 'AND g.shop_price < 9223372036854775807' at line 1

SELECT COUNT(*) as goods_num FROM `thbvietnam_1s`.`nb_goods` AS g WHERE (g.cat_id  IN ('396')  OR g.goods_id IN ('') ) AND g.is_delete = 0 AND g.is_on_sale = 1 AND g.is_alone_sale = 1 AND g.shop_price >= 15000000 AND g.shop_price < 

2023-07-27 10:53:21 - MySQLi Query Error: You have an error in your SQL syntax; check the manual that corresponds to your MySQL server version for the right syntax to use near '' at line 1

SELECT COUNT(*) as goods_num FROM `thbvietnam_1s`.`nb_goods` AS g WHERE (g.cat_id  IN ('396')  OR g.goods_id IN ('') ) AND g.is_delete = 0 AND g.is_on_sale = 1 AND g.is_alone_sale = 1 AND g.shop_price >=  AND g.shop_price < 9223372036854775807

2023-07-27 10:53:21 - MySQLi Query Error: You have an error in your SQL syntax; check the manual that corresponds to your MySQL server version for the right syntax to use near 'AND g.shop_price < 9223372036854775807' at line 1

SELECT COUNT(*) as goods_num FROM `thbvietnam_1s`.`nb_goods` AS g WHERE (g.cat_id  IN ('396')  OR g.goods_id IN ('') ) AND g.is_delete = 0 AND g.is_on_sale = 1 AND g.is_alone_sale = 1 AND g.shop_price >= 15000000 AND g.shop_price < 

2023-07-27 10:53:22 - MySQLi Query Error: You have an error in your SQL syntax; check the manual that corresponds to your MySQL server version for the right syntax to use near '' at line 1

SELECT COUNT(*) as goods_num FROM `thbvietnam_1s`.`nb_goods` AS g WHERE (g.cat_id  IN ('396')  OR g.goods_id IN ('') ) AND g.is_delete = 0 AND g.is_on_sale = 1 AND g.is_alone_sale = 1 AND g.shop_price >=  AND g.shop_price < 9223372036854775807

2023-07-27 10:53:22 - MySQLi Query Error: You have an error in your SQL syntax; check the manual that corresponds to your MySQL server version for the right syntax to use near 'AND g.shop_price < 9223372036854775807' at line 1

SELECT COUNT(*) as goods_num FROM `thbvietnam_1s`.`nb_goods` AS g WHERE (g.cat_id  IN ('396')  OR g.goods_id IN ('') ) AND g.is_delete = 0 AND g.is_on_sale = 1 AND g.is_alone_sale = 1 AND g.shop_price >= 15000000 AND g.shop_price < 

2023-07-27 10:53:23 - MySQLi Query Error: You have an error in your SQL syntax; check the manual that corresponds to your MySQL server version for the right syntax to use near '' at line 1

SELECT COUNT(*) as goods_num FROM `thbvietnam_1s`.`nb_goods` AS g WHERE (g.cat_id  IN ('396')  OR g.goods_id IN ('') ) AND g.is_delete = 0 AND g.is_on_sale = 1 AND g.is_alone_sale = 1 AND g.shop_price >=  AND g.shop_price < 9223372036854775807

2023-07-27 10:53:23 - MySQLi Query Error: You have an error in your SQL syntax; check the manual that corresponds to your MySQL server version for the right syntax to use near 'AND g.shop_price < 9223372036854775807' at line 1

SELECT COUNT(*) as goods_num FROM `thbvietnam_1s`.`nb_goods` AS g WHERE (g.cat_id  IN ('396')  OR g.goods_id IN ('') ) AND g.is_delete = 0 AND g.is_on_sale = 1 AND g.is_alone_sale = 1 AND g.shop_price >= 15000000 AND g.shop_price < 

2023-07-27 10:53:25 - MySQLi Query Error: You have an error in your SQL syntax; check the manual that corresponds to your MySQL server version for the right syntax to use near '' at line 1

SELECT COUNT(*) as goods_num FROM `thbvietnam_1s`.`nb_goods` AS g WHERE (g.cat_id  IN ('396')  OR g.goods_id IN ('') ) AND g.is_delete = 0 AND g.is_on_sale = 1 AND g.is_alone_sale = 1 AND g.shop_price >=  AND g.shop_price < 9223372036854775807

2023-07-27 10:53:25 - MySQLi Query Error: You have an error in your SQL syntax; check the manual that corresponds to your MySQL server version for the right syntax to use near 'AND g.shop_price < 9223372036854775807' at line 1

SELECT COUNT(*) as goods_num FROM `thbvietnam_1s`.`nb_goods` AS g WHERE (g.cat_id  IN ('396')  OR g.goods_id IN ('') ) AND g.is_delete = 0 AND g.is_on_sale = 1 AND g.is_alone_sale = 1 AND g.shop_price >= 15000000 AND g.shop_price < 

2023-07-27 10:53:26 - MySQLi Query Error: You have an error in your SQL syntax; check the manual that corresponds to your MySQL server version for the right syntax to use near '' at line 1

SELECT COUNT(*) as goods_num FROM `thbvietnam_1s`.`nb_goods` AS g WHERE (g.cat_id  IN ('396')  OR g.goods_id IN ('') ) AND g.is_delete = 0 AND g.is_on_sale = 1 AND g.is_alone_sale = 1 AND g.shop_price >=  AND g.shop_price < 9223372036854775807

2023-07-27 10:53:26 - MySQLi Query Error: You have an error in your SQL syntax; check the manual that corresponds to your MySQL server version for the right syntax to use near 'AND g.shop_price < 9223372036854775807' at line 1

SELECT COUNT(*) as goods_num FROM `thbvietnam_1s`.`nb_goods` AS g WHERE (g.cat_id  IN ('396')  OR g.goods_id IN ('') ) AND g.is_delete = 0 AND g.is_on_sale = 1 AND g.is_alone_sale = 1 AND g.shop_price >= 15000000 AND g.shop_price < 

2023-07-27 10:53:27 - MySQLi Query Error: You have an error in your SQL syntax; check the manual that corresponds to your MySQL server version for the right syntax to use near '' at line 1

SELECT COUNT(*) as goods_num FROM `thbvietnam_1s`.`nb_goods` AS g WHERE (g.cat_id  IN ('396')  OR g.goods_id IN ('') ) AND g.is_delete = 0 AND g.is_on_sale = 1 AND g.is_alone_sale = 1 AND g.shop_price >=  AND g.shop_price < 9223372036854775807

2023-07-27 10:53:27 - MySQLi Query Error: You have an error in your SQL syntax; check the manual that corresponds to your MySQL server version for the right syntax to use near 'AND g.shop_price < 9223372036854775807' at line 1

SELECT COUNT(*) as goods_num FROM `thbvietnam_1s`.`nb_goods` AS g WHERE (g.cat_id  IN ('396')  OR g.goods_id IN ('') ) AND g.is_delete = 0 AND g.is_on_sale = 1 AND g.is_alone_sale = 1 AND g.shop_price >= 15000000 AND g.shop_price < 

2023-07-27 10:53:28 - MySQLi Query Error: You have an error in your SQL syntax; check the manual that corresponds to your MySQL server version for the right syntax to use near '' at line 1

SELECT COUNT(*) as goods_num FROM `thbvietnam_1s`.`nb_goods` AS g WHERE (g.cat_id  IN ('396')  OR g.goods_id IN ('') ) AND g.is_delete = 0 AND g.is_on_sale = 1 AND g.is_alone_sale = 1 AND g.shop_price >=  AND g.shop_price < 9223372036854775807

2023-07-27 10:53:28 - MySQLi Query Error: You have an error in your SQL syntax; check the manual that corresponds to your MySQL server version for the right syntax to use near 'AND g.shop_price < 9223372036854775807' at line 1

SELECT COUNT(*) as goods_num FROM `thbvietnam_1s`.`nb_goods` AS g WHERE (g.cat_id  IN ('396')  OR g.goods_id IN ('') ) AND g.is_delete = 0 AND g.is_on_sale = 1 AND g.is_alone_sale = 1 AND g.shop_price >= 15000000 AND g.shop_price < 

2023-07-27 10:53:30 - MySQLi Query Error: You have an error in your SQL syntax; check the manual that corresponds to your MySQL server version for the right syntax to use near '' at line 1

SELECT COUNT(*) as goods_num FROM `thbvietnam_1s`.`nb_goods` AS g WHERE (g.cat_id  IN ('396')  OR g.goods_id IN ('') ) AND g.is_delete = 0 AND g.is_on_sale = 1 AND g.is_alone_sale = 1 AND g.shop_price >=  AND g.shop_price < 9223372036854775807

2023-07-27 10:53:30 - MySQLi Query Error: You have an error in your SQL syntax; check the manual that corresponds to your MySQL server version for the right syntax to use near 'AND g.shop_price < 9223372036854775807' at line 1

SELECT COUNT(*) as goods_num FROM `thbvietnam_1s`.`nb_goods` AS g WHERE (g.cat_id  IN ('396')  OR g.goods_id IN ('') ) AND g.is_delete = 0 AND g.is_on_sale = 1 AND g.is_alone_sale = 1 AND g.shop_price >= 15000000 AND g.shop_price < 

2023-07-27 10:53:31 - MySQLi Query Error: You have an error in your SQL syntax; check the manual that corresponds to your MySQL server version for the right syntax to use near '' at line 1

SELECT COUNT(*) as goods_num FROM `thbvietnam_1s`.`nb_goods` AS g WHERE (g.cat_id  IN ('396')  OR g.goods_id IN ('') ) AND g.is_delete = 0 AND g.is_on_sale = 1 AND g.is_alone_sale = 1 AND g.shop_price >=  AND g.shop_price < 9223372036854775807

2023-07-27 10:53:31 - MySQLi Query Error: You have an error in your SQL syntax; check the manual that corresponds to your MySQL server version for the right syntax to use near 'AND g.shop_price < 9223372036854775807' at line 1

SELECT COUNT(*) as goods_num FROM `thbvietnam_1s`.`nb_goods` AS g WHERE (g.cat_id  IN ('396')  OR g.goods_id IN ('') ) AND g.is_delete = 0 AND g.is_on_sale = 1 AND g.is_alone_sale = 1 AND g.shop_price >= 15000000 AND g.shop_price < 

2023-07-27 10:53:32 - MySQLi Query Error: You have an error in your SQL syntax; check the manual that corresponds to your MySQL server version for the right syntax to use near '' at line 1

SELECT COUNT(*) as goods_num FROM `thbvietnam_1s`.`nb_goods` AS g WHERE (g.cat_id  IN ('396')  OR g.goods_id IN ('') ) AND g.is_delete = 0 AND g.is_on_sale = 1 AND g.is_alone_sale = 1 AND g.shop_price >=  AND g.shop_price < 9223372036854775807

2023-07-27 10:53:32 - MySQLi Query Error: You have an error in your SQL syntax; check the manual that corresponds to your MySQL server version for the right syntax to use near 'AND g.shop_price < 9223372036854775807' at line 1

SELECT COUNT(*) as goods_num FROM `thbvietnam_1s`.`nb_goods` AS g WHERE (g.cat_id  IN ('396')  OR g.goods_id IN ('') ) AND g.is_delete = 0 AND g.is_on_sale = 1 AND g.is_alone_sale = 1 AND g.shop_price >= 15000000 AND g.shop_price < 

2023-07-27 10:53:33 - MySQLi Query Error: You have an error in your SQL syntax; check the manual that corresponds to your MySQL server version for the right syntax to use near '' at line 1

SELECT COUNT(*) as goods_num FROM `thbvietnam_1s`.`nb_goods` AS g WHERE (g.cat_id  IN ('396')  OR g.goods_id IN ('') ) AND g.is_delete = 0 AND g.is_on_sale = 1 AND g.is_alone_sale = 1 AND g.shop_price >=  AND g.shop_price < 9223372036854775807

2023-07-27 10:53:33 - MySQLi Query Error: You have an error in your SQL syntax; check the manual that corresponds to your MySQL server version for the right syntax to use near 'AND g.shop_price < 9223372036854775807' at line 1

SELECT COUNT(*) as goods_num FROM `thbvietnam_1s`.`nb_goods` AS g WHERE (g.cat_id  IN ('396')  OR g.goods_id IN ('') ) AND g.is_delete = 0 AND g.is_on_sale = 1 AND g.is_alone_sale = 1 AND g.shop_price >= 15000000 AND g.shop_price < 

2023-07-27 10:53:35 - MySQLi Query Error: You have an error in your SQL syntax; check the manual that corresponds to your MySQL server version for the right syntax to use near '' at line 1

SELECT COUNT(*) as goods_num FROM `thbvietnam_1s`.`nb_goods` AS g WHERE (g.cat_id  IN ('396')  OR g.goods_id IN ('') ) AND g.is_delete = 0 AND g.is_on_sale = 1 AND g.is_alone_sale = 1 AND g.shop_price >=  AND g.shop_price < 9223372036854775807

2023-07-27 10:53:35 - MySQLi Query Error: You have an error in your SQL syntax; check the manual that corresponds to your MySQL server version for the right syntax to use near 'AND g.shop_price < 9223372036854775807' at line 1

SELECT cat_id, cat_name FROM `thbvietnam_1s`.`nb_goods_type` WHERE cat_id IN () AND enabled = 1

2023-07-27 14:11:48 - MySQLi Query Error: You have an error in your SQL syntax; check the manual that corresponds to your MySQL server version for the right syntax to use near ') AND enabled = 1' at line 1

SELECT COUNT(*) as goods_num FROM `thbvietnam_1s`.`nb_goods` AS g WHERE (g.cat_id  IN ('396')  OR g.goods_id IN ('') ) AND g.is_delete = 0 AND g.is_on_sale = 1 AND g.is_alone_sale = 1 AND g.shop_price >= 15000000 AND g.shop_price < 

2023-07-27 14:46:04 - MySQLi Query Error: You have an error in your SQL syntax; check the manual that corresponds to your MySQL server version for the right syntax to use near '' at line 1

SELECT COUNT(*) as goods_num FROM `thbvietnam_1s`.`nb_goods` AS g WHERE (g.cat_id  IN ('396')  OR g.goods_id IN ('') ) AND g.is_delete = 0 AND g.is_on_sale = 1 AND g.is_alone_sale = 1 AND g.shop_price >=  AND g.shop_price < 9223372036854775807

2023-07-27 14:46:04 - MySQLi Query Error: You have an error in your SQL syntax; check the manual that corresponds to your MySQL server version for the right syntax to use near 'AND g.shop_price < 9223372036854775807' at line 1

SELECT COUNT(*) as goods_num FROM `thbvietnam_1s`.`nb_goods` AS g WHERE (g.cat_id  IN ('396')  OR g.goods_id IN ('') ) AND g.is_delete = 0 AND g.is_on_sale = 1 AND g.is_alone_sale = 1 AND g.shop_price >= 15000000 AND g.shop_price < 

2023-07-27 15:24:41 - MySQLi Query Error: You have an error in your SQL syntax; check the manual that corresponds to your MySQL server version for the right syntax to use near '' at line 1

SELECT COUNT(*) as goods_num FROM `thbvietnam_1s`.`nb_goods` AS g WHERE (g.cat_id  IN ('396')  OR g.goods_id IN ('') ) AND g.is_delete = 0 AND g.is_on_sale = 1 AND g.is_alone_sale = 1 AND g.shop_price >=  AND g.shop_price < 9223372036854775807

2023-07-27 15:24:41 - MySQLi Query Error: You have an error in your SQL syntax; check the manual that corresponds to your MySQL server version for the right syntax to use near 'AND g.shop_price < 9223372036854775807' at line 1

SELECT COUNT(*) as goods_num FROM `thbvietnam_1s`.`nb_goods` AS g WHERE (g.cat_id  IN ('396')  OR g.goods_id IN ('') ) AND g.is_delete = 0 AND g.is_on_sale = 1 AND g.is_alone_sale = 1 AND g.shop_price >= 15000000 AND g.shop_price < 

2023-07-27 15:33:56 - MySQLi Query Error: You have an error in your SQL syntax; check the manual that corresponds to your MySQL server version for the right syntax to use near '' at line 1

SELECT COUNT(*) as goods_num FROM `thbvietnam_1s`.`nb_goods` AS g WHERE (g.cat_id  IN ('396')  OR g.goods_id IN ('') ) AND g.is_delete = 0 AND g.is_on_sale = 1 AND g.is_alone_sale = 1 AND g.shop_price >=  AND g.shop_price < 9223372036854775807

2023-07-27 15:33:56 - MySQLi Query Error: You have an error in your SQL syntax; check the manual that corresponds to your MySQL server version for the right syntax to use near 'AND g.shop_price < 9223372036854775807' at line 1

SELECT COUNT(*) as goods_num FROM `thbvietnam_1s`.`nb_goods` AS g WHERE (g.cat_id  IN ('396')  OR g.goods_id IN ('') ) AND g.is_delete = 0 AND g.is_on_sale = 1 AND g.is_alone_sale = 1 AND g.shop_price >= 15000000 AND g.shop_price < 

2023-07-27 15:56:38 - MySQLi Query Error: You have an error in your SQL syntax; check the manual that corresponds to your MySQL server version for the right syntax to use near '' at line 1

SELECT COUNT(*) as goods_num FROM `thbvietnam_1s`.`nb_goods` AS g WHERE (g.cat_id  IN ('396')  OR g.goods_id IN ('') ) AND g.is_delete = 0 AND g.is_on_sale = 1 AND g.is_alone_sale = 1 AND g.shop_price >=  AND g.shop_price < 9223372036854775807

2023-07-27 15:56:38 - MySQLi Query Error: You have an error in your SQL syntax; check the manual that corresponds to your MySQL server version for the right syntax to use near 'AND g.shop_price < 9223372036854775807' at line 1

SELECT COUNT(*) as goods_num FROM `thbvietnam_1s`.`nb_goods` AS g WHERE (g.cat_id  IN ('396')  OR g.goods_id IN ('') ) AND g.is_delete = 0 AND g.is_on_sale = 1 AND g.is_alone_sale = 1 AND g.shop_price >= 15000000 AND g.shop_price < 

2023-07-27 16:47:38 - MySQLi Query Error: You have an error in your SQL syntax; check the manual that corresponds to your MySQL server version for the right syntax to use near '' at line 1

SELECT COUNT(*) as goods_num FROM `thbvietnam_1s`.`nb_goods` AS g WHERE (g.cat_id  IN ('396')  OR g.goods_id IN ('') ) AND g.is_delete = 0 AND g.is_on_sale = 1 AND g.is_alone_sale = 1 AND g.shop_price >=  AND g.shop_price < 9223372036854775807

2023-07-27 16:47:38 - MySQLi Query Error: You have an error in your SQL syntax; check the manual that corresponds to your MySQL server version for the right syntax to use near 'AND g.shop_price < 9223372036854775807' at line 1

SELECT COUNT(*) as goods_num FROM `thbvietnam_1s`.`nb_goods` AS g WHERE (g.cat_id  IN ('396')  OR g.goods_id IN ('') ) AND g.is_delete = 0 AND g.is_on_sale = 1 AND g.is_alone_sale = 1 AND g.shop_price >= 15000000 AND g.shop_price < 

2023-07-27 21:21:03 - MySQLi Query Error: You have an error in your SQL syntax; check the manual that corresponds to your MySQL server version for the right syntax to use near '' at line 1

SELECT COUNT(*) as goods_num FROM `thbvietnam_1s`.`nb_goods` AS g WHERE (g.cat_id  IN ('396')  OR g.goods_id IN ('') ) AND g.is_delete = 0 AND g.is_on_sale = 1 AND g.is_alone_sale = 1 AND g.shop_price >=  AND g.shop_price < 9223372036854775807

2023-07-27 21:21:03 - MySQLi Query Error: You have an error in your SQL syntax; check the manual that corresponds to your MySQL server version for the right syntax to use near 'AND g.shop_price < 9223372036854775807' at line 1

SELECT COUNT(*) as goods_num FROM `thbvietnam_1s`.`nb_goods` AS g WHERE (g.cat_id  IN ('396')  OR g.goods_id IN ('') ) AND g.is_delete = 0 AND g.is_on_sale = 1 AND g.is_alone_sale = 1 AND g.shop_price >= 15000000 AND g.shop_price < 

2023-07-27 22:50:02 - MySQLi Query Error: You have an error in your SQL syntax; check the manual that corresponds to your MySQL server version for the right syntax to use near '' at line 1

SELECT COUNT(*) as goods_num FROM `thbvietnam_1s`.`nb_goods` AS g WHERE (g.cat_id  IN ('396')  OR g.goods_id IN ('') ) AND g.is_delete = 0 AND g.is_on_sale = 1 AND g.is_alone_sale = 1 AND g.shop_price >=  AND g.shop_price < 9223372036854775807

2023-07-27 22:50:02 - MySQLi Query Error: You have an error in your SQL syntax; check the manual that corresponds to your MySQL server version for the right syntax to use near 'AND g.shop_price < 9223372036854775807' at line 1

SELECT rank_id, IFNULL(mp.user_price, r.discount *  / 100) AS price, r.rank_name, r.discount FROM `thbvietnam_1s`.`nb_user_rank` AS r LEFT JOIN `thbvietnam_1s`.`nb_member_price` AS mp ON mp.goods_id = '9384' AND mp.user_rank = r.rank_id WHERE r.show_price = 1 OR r.rank_id = '0'

2023-07-27 23:24:58 - MySQLi Query Error: You have an error in your SQL syntax; check the manual that corresponds to your MySQL server version for the right syntax to use near '/ 100) AS price, r.rank_name, r.discount FROM `thbvietnam_1s`.`nb_user_rank` AS ' at line 1

SELECT pg.goods_id, ga.act_id, ga.act_name, ga.act_desc, ga.goods_name, ga.start_time,
                   ga.end_time, ga.is_finished, ga.ext_info
            FROM `thbvietnam_1s`.`nb_goods_activity` AS ga, `thbvietnam_1s`.`nb_package_goods` AS pg
            WHERE pg.package_id = ga.act_id
            AND ga.start_time <= '1690449898'
            AND ga.end_time >= '1690449898'
            AND pg.goods_id = 
            GROUP BY ga.act_id
            ORDER BY ga.act_id 

2023-07-27 23:24:58 - MySQLi Query Error: You have an error in your SQL syntax; check the manual that corresponds to your MySQL server version for the right syntax to use near 'GROUP BY ga.act_id\x0A            ORDER BY ga.act_id' at line 8

SELECT g.goods_id, g.goods_name, RAND() AS rnd, g.goods_thumb, g.goods_img, g.shop_price AS org_price, IFNULL(mp.user_price, g.shop_price * '1') AS shop_price, g.market_price, g.promote_price, g.promote_start_date, g.promote_end_date FROM `thbvietnam_1s`.`nb_goods` g LEFT JOIN `thbvietnam_1s`.`nb_member_price` AS mp ON mp.goods_id = g.goods_id AND mp.user_rank = '0' WHERE g.goods_id <>  AND shop_price >  0 AND shop_price < 0 AND g.cat_id  IN ('','588','589','316','591','590','595','602','608','592','606','607','621','632','624','634','637','642','660','670','662','739','750','748','747','746','749','751','740','611','613','622','612','579','580','584','581','585','320','543','319','582','583','669','674','587','549','300','603','604','631','623','635','609','633','636','638','299','644','659','649','643','650','704','658','324','327','718','719','720','721','722','723','724','725','726','727','728','729','698','699','702','707','705','706','708','574','575','576','577','395','605','453','483','501','493','494','689','687','502','700','703','701','484','492','710','486','457','460','458','459','497','499','743','495','530','533','446','531','534','532','535','571','504','507','510','508','509','478','505','479','481','482','480','506','541','380','381','680','681','682','382','683','684','685','709','389','558','392','498','552','387','390','572','540','385','388','391','383','551','386','593','597','601','599','600','598','596','594','639','640','641','393','511','399','400','401','402','405','512','396','397','398','404','653','654','408','655','656','407','403','675','679','677','678','409','691','694','692','695','690','693','688','697','696','412','406','410','411','615','735','736','737','738','616','617','618','619','666','667','668','645','626','627','628','450','451','454','455','456','503','496','711','712','713','714','715','716','717','434','437','435','436','513','429','431','430','433','432','514','515','516','522','524','523','517','521','536','519','537','520','518','413','420','423','472','475','473','476','474','477','415','418','421','424','461','463','466','469','464','467','470','462','465','468','471','416','419','422','414','417','294','339','309','312','539','315','545','296','336','306','321','305','301','330','333','328','331','334','337','547','329','332','335','525','527','528','550','526','529','538','307','341','310','313','338','308','500','311','544','548','295','298','303','318','304','297','302','573','317','553','554','555','556','568','559','561','560','569','570','394','438','440','443','441','444','439','442','445','447','449','452','448','342','363','343','366','349','364','367','350','365','368','348','351','346','542','355','358','361','344','369','352','370','353','371','354','347','378','376','379','377','356','359','362','345','372','375','373','374','357','360','762','763','764','646','647','663','665','664','661','648','671','673','672','761','760','756','752','755','753','754','757','759','758','741','425','426','742','427','428','314','744','745')  AND g.is_on_sale = 1 AND g.is_alone_sale = 1 AND g.is_delete = 0  ORDER BY rnd LIMIT 10

2023-07-27 23:24:58 - MySQLi Query Error: You have an error in your SQL syntax; check the manual that corresponds to your MySQL server version for the right syntax to use near 'AND shop_price >  0 AND shop_price < 0 AND g.cat_id  IN ('','588','589','316','5' at line 1

