SELECT cat_id, cat_name FROM `thbvietnam_1s`.`nb_goods_type` WHERE cat_id IN () AND enabled = 1

2023-06-29 16:45:50 - MySQLi Query Error: You have an error in your SQL syntax; check the manual that corresponds to your MySQL server version for the right syntax to use near ') AND enabled = 1' at line 1

SELECT cat_id, cat_name FROM `thbvietnam_1s`.`nb_goods_type` WHERE cat_id IN () AND enabled = 1

2023-06-29 16:46:13 - MySQLi Query Error: You have an error in your SQL syntax; check the manual that corresponds to your MySQL server version for the right syntax to use near ') AND enabled = 1' at line 1

SELECT cat_id, cat_name FROM `thbvietnam_1s`.`nb_goods_type` WHERE cat_id IN () AND enabled = 1

2023-06-29 16:47:16 - MySQLi Query Error: You have an error in your SQL syntax; check the manual that corresponds to your MySQL server version for the right syntax to use near ') AND enabled = 1' at line 1

SELECT cat_id, cat_name FROM `thbvietnam_1s`.`nb_goods_type` WHERE cat_id IN () AND enabled = 1

2023-06-29 16:49:44 - MySQLi Query Error: You have an error in your SQL syntax; check the manual that corresponds to your MySQL server version for the right syntax to use near ') AND enabled = 1' at line 1

SELECT cat_id, cat_name FROM `thbvietnam_1s`.`nb_goods_type` WHERE cat_id IN () AND enabled = 1

2023-06-29 16:50:39 - MySQLi Query Error: You have an error in your SQL syntax; check the manual that corresponds to your MySQL server version for the right syntax to use near ') AND enabled = 1' at line 1

SELECT cat_id, cat_name FROM `thbvietnam_1s`.`nb_goods_type` WHERE cat_id IN () AND enabled = 1

2023-06-29 16:51:05 - MySQLi Query Error: You have an error in your SQL syntax; check the manual that corresponds to your MySQL server version for the right syntax to use near ') AND enabled = 1' at line 1

SELECT cat_id, cat_name FROM `thbvietnam_1s`.`nb_goods_type` WHERE cat_id IN () AND enabled = 1

2023-06-29 16:51:35 - MySQLi Query Error: You have an error in your SQL syntax; check the manual that corresponds to your MySQL server version for the right syntax to use near ') AND enabled = 1' at line 1

SELECT g.*, b.brand_name as brandname  FROM `thbvietnam_1s`.`nb_goods` AS g LEFT JOIN `thbvietnam_1s`.`nb_brand` AS b ON g.brand_id = b.brand_id WHERE is_delete = 0  AND g.cat_id  IN ('591')  AND brand_id = '578'

2023-06-29 17:16:24 - MySQLi Query Error: Column 'brand_id' in where clause is ambiguous

SELECT goods_status FROM `thbvietnam_1s`.`nb_goods` WHERE goods_id=2825

2023-06-29 22:06:08 - MySQLi Query Error: MySQL server has gone away

SELECT COUNT(*) FROM `thbvietnam_1s`.`nb_comment` WHERE id_value = '2825' AND comment_type = '0' AND status = 1 AND parent_id = 0

2023-06-29 22:06:08 - MySQLi Query Error: MySQL server has gone away

SELECT g.goods_id, g.goods_name, g.click_count, g.is_feature, g.goods_name_style, g.market_price, g.is_new, g.is_best, g.is_hot, g.shop_price AS org_price, IFNULL(mp.user_price, g.shop_price * '1') AS shop_price, g.promote_price, g.online_price, g.goods_type,  IFNULL(AVG(r.comment_rank),0) AS comment_rank,IF(r.comment_rank,count(*),0) AS  comment_count, g.promote_start_date, g.promote_end_date, g.desc_short, g.seller_note, g.goods_thumb_url, g.goods_thumb , g.goods_img, b.brand_logo FROM `thbvietnam_1s`.`nb_goods` AS g LEFT JOIN `thbvietnam_1s`.`nb_member_price` AS mp ON mp.goods_id = g.goods_id AND mp.user_rank = '0' LEFT JOIN `thbvietnam_1s`.`nb_brand` AS b ON g.brand_id = b.brand_id  LEFT JOIN  `thbvietnam_1s`.`nb_comment` AS r ON r.id_value = g.goods_id AND comment_type = 0 AND r.parent_id = 0 AND r.status = 1 WHERE g.is_on_sale = 1 AND g.is_alone_sale = 1 AND g.is_delete = 0 AND (g.cat_id  IN ('404','653','654')  OR g.goods_id IN ('') )AND g.brand_id=581   group by g.goods_id ORDER BY (g.shop_price = 0) ASC, (g.goods_number = 0) ASC, g.is_best DESC, g.sort_order,  is_best ASC LIMIT 20

2023-06-29 22:06:08 - MySQLi Query Error: MySQL server has gone away

SELECT * FROM `thbvietnam_1s`.`nb_category` WHERE parent_id = '404' ORDER BY sort_order ASC LIMIT 0, 99

2023-06-29 22:06:08 - MySQLi Query Error: MySQL server has gone away

SELECT parent_id FROM `thbvietnam_1s`.`nb_category` WHERE cat_id = '404'

2023-06-29 22:06:08 - MySQLi Query Error: MySQL server has gone away

SELECT parent_id FROM `thbvietnam_1s`.`nb_category` WHERE cat_id = '393'

2023-06-29 22:06:08 - MySQLi Query Error: MySQL server has gone away

SELECT cat_id, cat_name, class, parent_id, icon FROM `thbvietnam_1s`.`nb_category`WHERE parent_id = 393 AND is_show = 1 ORDER BY sort_order ASC, cat_id ASC

2023-06-29 22:06:08 - MySQLi Query Error: MySQL server has gone away

SELECT slug FROM `thbvietnam_1s`.`nb_slug` WHERE id = '404' and module='category'

2023-06-29 22:06:08 - MySQLi Query Error: MySQL server has gone away

SELECT slug FROM `thbvietnam_1s`.`nb_slug` WHERE id = '581' and module='brand'

2023-06-29 22:06:08 - MySQLi Query Error: MySQL server has gone away

SELECT slug FROM `thbvietnam_1s`.`nb_slug` WHERE id = '404' and module='category'

2023-06-29 22:06:08 - MySQLi Query Error: MySQL server has gone away

SELECT slug FROM `thbvietnam_1s`.`nb_slug` WHERE id = '581' and module='brand'

2023-06-29 22:06:08 - MySQLi Query Error: MySQL server has gone away

SELECT slug FROM `thbvietnam_1s`.`nb_slug` WHERE id = '404' and module='category'

2023-06-29 22:06:08 - MySQLi Query Error: MySQL server has gone away

SELECT slug FROM `thbvietnam_1s`.`nb_slug` WHERE id = '581' and module='brand'

2023-06-29 22:06:08 - MySQLi Query Error: MySQL server has gone away

SELECT id, number, type FROM `thbvietnam_1s`.`nb_template` WHERE filename = 'category' AND type > 0 AND remarks ='' AND theme='bkcare2017'

2023-06-29 22:06:08 - MySQLi Query Error: MySQL server has gone away

SELECT act_id, act_name, act_type, start_time, end_time FROM `thbvietnam_1s`.`nb_goods_activity` WHERE is_finished=0 AND start_time <= '1688025968' AND end_time >= '1688025968' AND goods_id = '2825'

2023-06-29 22:06:08 - MySQLi Query Error: MySQL server has gone away

SELECT act_id, act_range, act_range_ext, act_name, start_time, end_time FROM `thbvietnam_1s`.`nb_favourable_activity` WHERE start_time <= '1688025968' AND end_time >= '1688025968' AND CONCAT(',', user_rank, ',') LIKE '%,0,%'

2023-06-29 22:06:08 - MySQLi Query Error: MySQL server has gone away

SELECT cat_id, brand_id FROM `thbvietnam_1s`.`nb_goods`WHERE goods_id = '2825'

2023-06-29 22:06:08 - MySQLi Query Error: MySQL server has gone away

SELECT act_id, act_name, act_type, start_time, end_time FROM `thbvietnam_1s`.`nb_goods_activity` WHERE is_finished=0 AND start_time <= '1688025968' AND end_time >= '1688025968'

2023-06-29 22:06:08 - MySQLi Query Error: MySQL server has gone away

SELECT act_id, act_range, act_range_ext, act_name, start_time, end_time FROM `thbvietnam_1s`.`nb_favourable_activity` WHERE start_time <= '1688025968' AND end_time >= '1688025968'

2023-06-29 22:06:08 - MySQLi Query Error: MySQL server has gone away

SELECT g.*, c.measure_unit, c.parent_id, b.brand_id, b.brand_name AS goods_brand, m.type_money AS bonus_money, IFNULL(AVG(r.comment_rank), 0) AS comment_rank, IFNULL(mp.user_price, g.shop_price * '1') AS rank_price FROM `thbvietnam_1s`.`nb_goods` AS g LEFT JOIN `thbvietnam_1s`.`nb_category` AS c ON g.cat_id = c.cat_id LEFT JOIN `thbvietnam_1s`.`nb_brand` AS b ON g.brand_id = b.brand_id LEFT JOIN `thbvietnam_1s`.`nb_comment` AS r ON r.id_value = g.goods_id AND comment_type = 0 AND r.parent_id = 0 AND r.status = 1 LEFT JOIN `thbvietnam_1s`.`nb_bonus_type` AS m ON g.bonus_type_id = m.type_id AND m.send_start_date <= '1688025968' AND m.send_end_date >= '1688025968' LEFT JOIN `thbvietnam_1s`.`nb_member_price` AS mp ON mp.goods_id = g.goods_id AND mp.user_rank = '0' WHERE g.goods_id = '2825' AND g.is_delete = 0 GROUP BY g.goods_id

2023-06-29 22:06:08 - MySQLi Query Error: MySQL server has gone away

SELECT act_id, act_name, act_type, start_time, end_time FROM `thbvietnam_1s`.`nb_goods_activity` WHERE is_finished=0 AND start_time <= '1688025968' AND end_time >= '1688025968' AND goods_id = '2825'

2023-06-29 22:06:08 - MySQLi Query Error: MySQL server has gone away

SELECT act_id, act_range, act_range_ext, act_name, start_time, end_time FROM `thbvietnam_1s`.`nb_favourable_activity` WHERE start_time <= '1688025968' AND end_time >= '1688025968' AND CONCAT(',', user_rank, ',') LIKE '%,0,%'

2023-06-29 22:06:08 - MySQLi Query Error: MySQL server has gone away

SELECT cat_id, brand_id FROM `thbvietnam_1s`.`nb_goods`WHERE goods_id = '2825'

2023-06-29 22:06:08 - MySQLi Query Error: MySQL server has gone away

SELECT g.cat_id, c.parent_id, c2.parent_id as grandparent_id FROM `thbvietnam_1s`.`nb_goods` AS g JOIN `thbvietnam_1s`.`nb_category` AS c ON g.cat_id = c.cat_id LEFT JOIN `thbvietnam_1s`.`nb_category` AS c2 ON c.parent_id = c2.cat_id WHERE g.goods_id = '2825' 

2023-06-29 22:06:08 - MySQLi Query Error: MySQL server has gone away

SELECT g.goods_id, g.goods_name, g.goods_thumb, g.goods_img, g.shop_price AS org_price, IFNULL(mp.user_price, g.shop_price * '1') AS shop_price, g.market_price, g.promote_price, g.promote_start_date, g.promote_end_date FROM `thbvietnam_1s`.`nb_link_goods` lg LEFT JOIN `thbvietnam_1s`.`nb_goods` AS g ON g.goods_id = lg.link_goods_id LEFT JOIN `thbvietnam_1s`.`nb_member_price` AS mp ON mp.goods_id = g.goods_id AND mp.user_rank = '0' WHERE lg.goods_id = '2825' AND g.is_on_sale = 1 AND g.is_alone_sale = 1 AND g.is_delete = 0 LIMIT 4

2023-06-29 22:06:08 - MySQLi Query Error: MySQL server has gone away

SELECT count(*) FROM `thbvietnam_1s`.`nb_category` WHERE parent_id = '0' AND is_show = 1 

2023-06-29 22:06:08 - MySQLi Query Error: MySQL server has gone away

SELECT cat_id,cat_name, icon, custom_name, class, parent_id,is_show FROM `thbvietnam_1s`.`nb_category`WHERE parent_id = '0' AND is_show = 1 ORDER BY sort_order ASC, cat_id ASC

2023-06-29 22:06:08 - MySQLi Query Error: MySQL server has gone away

SELECT attr_group FROM `thbvietnam_1s`.`nb_goods_type` AS gt, `thbvietnam_1s`.`nb_goods` AS g WHERE g.goods_id='2825' AND gt.cat_id=g.goods_type

2023-06-29 22:06:08 - MySQLi Query Error: MySQL server has gone away

SELECT a.attr_id, a.attr_name, a.attr_group, a.is_linked, a.attr_type, g.goods_attr_id, g.attr_value, g.attr_price FROM `thbvietnam_1s`.`nb_goods_attr` AS g LEFT JOIN `thbvietnam_1s`.`nb_attribute` AS a ON a.attr_id = g.attr_id WHERE g.goods_id = '2825' ORDER BY a.sort_order, g.attr_price, g.goods_attr_id

2023-06-29 22:06:08 - MySQLi Query Error: MySQL server has gone away

SELECT a.article_id, a.title, a.article_thumb, a.article_sthumb, a.file_url, a.open_type, a.add_time, a.viewed FROM `thbvietnam_1s`.`nb_goods_article2` AS g, `thbvietnam_1s`.`nb_article` AS a WHERE g.article_id = a.article_id AND g.mod_type = 0 AND g.goods_id = '2825' AND a.is_open = 1 ORDER BY a.add_time DESC

2023-06-29 22:06:08 - MySQLi Query Error: MySQL server has gone away

SELECT gg.parent_id, ggg.goods_name AS parent_name, gg.goods_id, gg.goods_price, g.goods_name, g.goods_thumb, g.goods_img, g.shop_price AS org_price, IFNULL(mp.user_price, g.shop_price * '1') AS shop_price FROM `thbvietnam_1s`.`nb_group_goods` AS gg LEFT JOIN `thbvietnam_1s`.`nb_goods`AS g ON g.goods_id = gg.goods_id LEFT JOIN `thbvietnam_1s`.`nb_member_price` AS mp ON mp.goods_id = gg.goods_id AND mp.user_rank = '0' LEFT JOIN `thbvietnam_1s`.`nb_goods` AS ggg ON ggg.goods_id = gg.parent_id WHERE gg.parent_id  IN ('2825')  AND g.is_delete = 0 AND g.is_on_sale = 1 ORDER BY gg.parent_id, gg.goods_id

2023-06-29 22:06:08 - MySQLi Query Error: MySQL server has gone away

SELECT rank_id, IFNULL(mp.user_price, r.discount *  / 100) AS price, r.rank_name, r.discount FROM `thbvietnam_1s`.`nb_user_rank` AS r LEFT JOIN `thbvietnam_1s`.`nb_member_price` AS mp ON mp.goods_id = '2825' AND mp.user_rank = r.rank_id WHERE r.show_price = 1 OR r.rank_id = '0'

2023-06-29 22:06:08 - MySQLi Query Error: MySQL server has gone away

SELECT img_id, img_url, thumb_url, img_desc FROM `thbvietnam_1s`.`nb_goods_gallery` WHERE goods_id = '2825' LIMIT 10

2023-06-29 22:06:08 - MySQLi Query Error: MySQL server has gone away

SELECT IFNULL(SUM(g.goods_number), 0) FROM `thbvietnam_1s`.`nb_order_info` AS o, `thbvietnam_1s`.`nb_order_goods` AS g WHERE o.order_id = g.order_id AND o.order_status = '1' AND o.shipping_status  IN ('1','2')  AND o.pay_status  IN ('2','1')  AND g.goods_id = '2825'

2023-06-29 22:06:08 - MySQLi Query Error: MySQL server has gone away

SELECT pg.goods_id, ga.act_id, ga.act_name, ga.act_desc, ga.goods_name, ga.start_time,
                   ga.end_time, ga.is_finished, ga.ext_info
            FROM `thbvietnam_1s`.`nb_goods_activity` AS ga, `thbvietnam_1s`.`nb_package_goods` AS pg
            WHERE pg.package_id = ga.act_id
            AND ga.start_time <= '1688025968'
            AND ga.end_time >= '1688025968'
            AND pg.goods_id = 
            GROUP BY ga.act_id
            ORDER BY ga.act_id 

2023-06-29 22:06:08 - MySQLi Query Error: MySQL server has gone away

SELECT SUM(goods_number) AS number, SUM(goods_price * goods_number) AS amount FROM `thbvietnam_1s`.`nb_cart` WHERE session_id = '9fa14213341735bb51495884d6963c4c' AND rec_type = '0'

2023-06-29 22:06:08 - MySQLi Query Error: MySQL server has gone away

SELECT COUNT(*) FROM `thbvietnam_1s`.`nb_comment` WHERE id_value = '2825' AND comment_type = '0' AND status = 1 AND parent_id = 0

2023-06-29 22:06:08 - MySQLi Query Error: MySQL server has gone away

SELECT * FROM `thbvietnam_1s`.`nb_comment` WHERE id_value = '2825' AND comment_type = '0' AND status = 1 AND parent_id = 0 ORDER BY comment_id DESC LIMIT 30

2023-06-29 22:06:08 - MySQLi Query Error: MySQL server has gone away

SELECT * FROM `thbvietnam_1s`.`nb_nav`
		WHERE ifshow = "1" AND type = "top" ORDER BY vieworder

2023-06-29 22:06:08 - MySQLi Query Error: MySQL server has gone away

UPDATE `thbvietnam_1s`.`nb_sessions` SET expiry = '1688051168', ip = '1.52.41.192', userid = '0', adminid = '0', user_name='0', user_rank='0', discount='1', email='0', data = 'a:5:{s:7:\"from_ad\";i:0;s:7:\"referer\";s:11:\"Trang chủ\";s:10:\"login_fail\";i:0;s:9:\"send_time\";i:1688025950;s:14:\"display_search\";s:4:\"grid\";}' WHERE sesskey = '9fa14213341735bb51495884d6963c4c' LIMIT 1

2023-06-29 22:06:08 - MySQLi Query Error: MySQL server has gone away

DELETE FROM `thbvietnam_1s`.`nb_sessions_data` WHERE expiry < 1688049368

2023-06-29 22:06:08 - MySQLi Query Error: MySQL server has gone away

DELETE FROM `thbvietnam_1s`.`nb_sessions` WHERE expiry < 1688049368

2023-06-29 22:06:08 - MySQLi Query Error: MySQL server has gone away

SELECT slug FROM `thbvietnam_1s`.`nb_slug` WHERE id = '588' and module='category'

2023-06-29 22:06:08 - MySQLi Query Error: MySQL server has gone away

SELECT slug FROM `thbvietnam_1s`.`nb_slug` WHERE id = '316' and module='category'

2023-06-29 22:06:08 - MySQLi Query Error: MySQL server has gone away

SELECT slug FROM `thbvietnam_1s`.`nb_slug` WHERE id = '591' and module='category'

2023-06-29 22:06:08 - MySQLi Query Error: MySQL server has gone away

SELECT slug FROM `thbvietnam_1s`.`nb_slug` WHERE id = '590' and module='category'

2023-06-29 22:06:08 - MySQLi Query Error: MySQL server has gone away

SELECT slug FROM `thbvietnam_1s`.`nb_slug` WHERE id = '595' and module='category'

2023-06-29 22:06:08 - MySQLi Query Error: MySQL server has gone away

SELECT slug FROM `thbvietnam_1s`.`nb_slug` WHERE id = '589' and module='category'

2023-06-29 22:06:08 - MySQLi Query Error: MySQL server has gone away

SELECT slug FROM `thbvietnam_1s`.`nb_slug` WHERE id = '602' and module='category'

2023-06-29 22:06:08 - MySQLi Query Error: MySQL server has gone away

SELECT slug FROM `thbvietnam_1s`.`nb_slug` WHERE id = '608' and module='category'

2023-06-29 22:06:08 - MySQLi Query Error: MySQL server has gone away

SELECT slug FROM `thbvietnam_1s`.`nb_slug` WHERE id = '642' and module='category'

2023-06-29 22:06:08 - MySQLi Query Error: MySQL server has gone away

SELECT slug FROM `thbvietnam_1s`.`nb_slug` WHERE id = '660' and module='category'

2023-06-29 22:06:08 - MySQLi Query Error: MySQL server has gone away

SELECT slug FROM `thbvietnam_1s`.`nb_slug` WHERE id = '662' and module='category'

2023-06-29 22:06:08 - MySQLi Query Error: MySQL server has gone away

SELECT slug FROM `thbvietnam_1s`.`nb_slug` WHERE id = '670' and module='category'

2023-06-29 22:06:08 - MySQLi Query Error: MySQL server has gone away

SELECT slug FROM `thbvietnam_1s`.`nb_slug` WHERE id = '592' and module='category'

2023-06-29 22:06:08 - MySQLi Query Error: MySQL server has gone away

SELECT slug FROM `thbvietnam_1s`.`nb_slug` WHERE id = '606' and module='category'

2023-06-29 22:06:08 - MySQLi Query Error: MySQL server has gone away

SELECT slug FROM `thbvietnam_1s`.`nb_slug` WHERE id = '621' and module='category'

2023-06-29 22:06:08 - MySQLi Query Error: MySQL server has gone away

SELECT slug FROM `thbvietnam_1s`.`nb_slug` WHERE id = '624' and module='category'

2023-06-29 22:06:08 - MySQLi Query Error: MySQL server has gone away

SELECT slug FROM `thbvietnam_1s`.`nb_slug` WHERE id = '634' and module='category'

2023-06-29 22:06:08 - MySQLi Query Error: MySQL server has gone away

SELECT slug FROM `thbvietnam_1s`.`nb_slug` WHERE id = '637' and module='category'

2023-06-29 22:06:08 - MySQLi Query Error: MySQL server has gone away

SELECT slug FROM `thbvietnam_1s`.`nb_slug` WHERE id = '607' and module='category'

2023-06-29 22:06:08 - MySQLi Query Error: MySQL server has gone away

SELECT slug FROM `thbvietnam_1s`.`nb_slug` WHERE id = '632' and module='category'

2023-06-29 22:06:08 - MySQLi Query Error: MySQL server has gone away

SELECT slug FROM `thbvietnam_1s`.`nb_slug` WHERE id = '611' and module='category'

2023-06-29 22:06:08 - MySQLi Query Error: MySQL server has gone away

SELECT slug FROM `thbvietnam_1s`.`nb_slug` WHERE id = '613' and module='category'

2023-06-29 22:06:08 - MySQLi Query Error: MySQL server has gone away

SELECT slug FROM `thbvietnam_1s`.`nb_slug` WHERE id = '622' and module='category'

2023-06-29 22:06:08 - MySQLi Query Error: MySQL server has gone away

SELECT slug FROM `thbvietnam_1s`.`nb_slug` WHERE id = '612' and module='category'

2023-06-29 22:06:08 - MySQLi Query Error: MySQL server has gone away

SELECT slug FROM `thbvietnam_1s`.`nb_slug` WHERE id = '579' and module='category'

2023-06-29 22:06:08 - MySQLi Query Error: MySQL server has gone away

SELECT slug FROM `thbvietnam_1s`.`nb_slug` WHERE id = '580' and module='category'

2023-06-29 22:06:08 - MySQLi Query Error: MySQL server has gone away

SELECT slug FROM `thbvietnam_1s`.`nb_slug` WHERE id = '584' and module='category'

2023-06-29 22:06:08 - MySQLi Query Error: MySQL server has gone away

SELECT slug FROM `thbvietnam_1s`.`nb_slug` WHERE id = '581' and module='category'

2023-06-29 22:06:08 - MySQLi Query Error: MySQL server has gone away

SELECT slug FROM `thbvietnam_1s`.`nb_slug` WHERE id = '585' and module='category'

2023-06-29 22:06:08 - MySQLi Query Error: MySQL server has gone away

SELECT slug FROM `thbvietnam_1s`.`nb_slug` WHERE id = '320' and module='category'

2023-06-29 22:06:08 - MySQLi Query Error: MySQL server has gone away

SELECT slug FROM `thbvietnam_1s`.`nb_slug` WHERE id = '543' and module='category'

2023-06-29 22:06:08 - MySQLi Query Error: MySQL server has gone away

SELECT slug FROM `thbvietnam_1s`.`nb_slug` WHERE id = '319' and module='category'

2023-06-29 22:06:08 - MySQLi Query Error: MySQL server has gone away

SELECT slug FROM `thbvietnam_1s`.`nb_slug` WHERE id = '587' and module='category'

2023-06-29 22:06:08 - MySQLi Query Error: MySQL server has gone away

SELECT slug FROM `thbvietnam_1s`.`nb_slug` WHERE id = '549' and module='category'

2023-06-29 22:06:08 - MySQLi Query Error: MySQL server has gone away

SELECT slug FROM `thbvietnam_1s`.`nb_slug` WHERE id = '582' and module='category'

2023-06-29 22:06:08 - MySQLi Query Error: MySQL server has gone away

SELECT slug FROM `thbvietnam_1s`.`nb_slug` WHERE id = '583' and module='category'

2023-06-29 22:06:08 - MySQLi Query Error: MySQL server has gone away

SELECT slug FROM `thbvietnam_1s`.`nb_slug` WHERE id = '669' and module='category'

2023-06-29 22:06:08 - MySQLi Query Error: MySQL server has gone away

SELECT slug FROM `thbvietnam_1s`.`nb_slug` WHERE id = '674' and module='category'

2023-06-29 22:06:08 - MySQLi Query Error: MySQL server has gone away

SELECT slug FROM `thbvietnam_1s`.`nb_slug` WHERE id = '300' and module='category'

2023-06-29 22:06:08 - MySQLi Query Error: MySQL server has gone away

SELECT slug FROM `thbvietnam_1s`.`nb_slug` WHERE id = '299' and module='category'

2023-06-29 22:06:08 - MySQLi Query Error: MySQL server has gone away

SELECT slug FROM `thbvietnam_1s`.`nb_slug` WHERE id = '650' and module='category'

2023-06-29 22:06:08 - MySQLi Query Error: MySQL server has gone away

SELECT slug FROM `thbvietnam_1s`.`nb_slug` WHERE id = '659' and module='category'

2023-06-29 22:06:08 - MySQLi Query Error: MySQL server has gone away

SELECT slug FROM `thbvietnam_1s`.`nb_slug` WHERE id = '327' and module='category'

2023-06-29 22:06:08 - MySQLi Query Error: MySQL server has gone away

SELECT count(*) FROM `thbvietnam_1s`.`nb_category` WHERE parent_id = '0' AND is_show = 1 

2023-06-29 22:06:08 - MySQLi Query Error: MySQL server has gone away

SELECT cat_id,cat_name, icon, custom_name, class, parent_id,is_show FROM `thbvietnam_1s`.`nb_category`WHERE parent_id = '0' AND is_show = 1 ORDER BY sort_order ASC, cat_id ASC

2023-06-29 22:06:08 - MySQLi Query Error: MySQL server has gone away

SELECT * FROM `thbvietnam_1s`.`nb_nav`
		WHERE ifshow = "1" AND type = "middle" ORDER BY vieworder

2023-06-29 22:06:08 - MySQLi Query Error: MySQL server has gone away

SELECT slug FROM `thbvietnam_1s`.`nb_slug` WHERE id = '704' and module='category'

2023-06-29 22:06:08 - MySQLi Query Error: MySQL server has gone away

SELECT slug FROM `thbvietnam_1s`.`nb_slug` WHERE id = '324' and module='category'

2023-06-29 22:06:08 - MySQLi Query Error: MySQL server has gone away

SELECT slug FROM `thbvietnam_1s`.`nb_slug` WHERE id = '643' and module='category'

2023-06-29 22:06:08 - MySQLi Query Error: MySQL server has gone away

SELECT slug FROM `thbvietnam_1s`.`nb_slug` WHERE id = '649' and module='category'

2023-06-29 22:06:08 - MySQLi Query Error: MySQL server has gone away

SELECT slug FROM `thbvietnam_1s`.`nb_slug` WHERE id = '658' and module='category'

2023-06-29 22:06:08 - MySQLi Query Error: MySQL server has gone away

SELECT slug FROM `thbvietnam_1s`.`nb_slug` WHERE id = '326' and module='category'

2023-06-29 22:06:08 - MySQLi Query Error: MySQL server has gone away

SELECT slug FROM `thbvietnam_1s`.`nb_slug` WHERE id = '644' and module='category'

2023-06-29 22:06:08 - MySQLi Query Error: MySQL server has gone away

SELECT slug FROM `thbvietnam_1s`.`nb_slug` WHERE id = '603' and module='category'

2023-06-29 22:06:08 - MySQLi Query Error: MySQL server has gone away

SELECT slug FROM `thbvietnam_1s`.`nb_slug` WHERE id = '604' and module='category'

2023-06-29 22:06:08 - MySQLi Query Error: MySQL server has gone away

SELECT slug FROM `thbvietnam_1s`.`nb_slug` WHERE id = '623' and module='category'

2023-06-29 22:06:08 - MySQLi Query Error: MySQL server has gone away

SELECT slug FROM `thbvietnam_1s`.`nb_slug` WHERE id = '631' and module='category'

2023-06-29 22:06:08 - MySQLi Query Error: MySQL server has gone away

SELECT slug FROM `thbvietnam_1s`.`nb_slug` WHERE id = '635' and module='category'

2023-06-29 22:06:08 - MySQLi Query Error: MySQL server has gone away

SELECT slug FROM `thbvietnam_1s`.`nb_slug` WHERE id = '633' and module='category'

2023-06-29 22:06:08 - MySQLi Query Error: MySQL server has gone away

SELECT slug FROM `thbvietnam_1s`.`nb_slug` WHERE id = '636' and module='category'

2023-06-29 22:06:08 - MySQLi Query Error: MySQL server has gone away

SELECT slug FROM `thbvietnam_1s`.`nb_slug` WHERE id = '609' and module='category'

2023-06-29 22:06:08 - MySQLi Query Error: MySQL server has gone away

SELECT slug FROM `thbvietnam_1s`.`nb_slug` WHERE id = '638' and module='category'

2023-06-29 22:06:08 - MySQLi Query Error: MySQL server has gone away

SELECT slug FROM `thbvietnam_1s`.`nb_slug` WHERE id = '698' and module='category'

2023-06-29 22:06:08 - MySQLi Query Error: MySQL server has gone away

SELECT slug FROM `thbvietnam_1s`.`nb_slug` WHERE id = '707' and module='category'

2023-06-29 22:06:08 - MySQLi Query Error: MySQL server has gone away

SELECT slug FROM `thbvietnam_1s`.`nb_slug` WHERE id = '699' and module='category'

2023-06-29 22:06:08 - MySQLi Query Error: MySQL server has gone away

SELECT slug FROM `thbvietnam_1s`.`nb_slug` WHERE id = '702' and module='category'

2023-06-29 22:06:08 - MySQLi Query Error: MySQL server has gone away

SELECT slug FROM `thbvietnam_1s`.`nb_slug` WHERE id = '705' and module='category'

2023-06-29 22:06:08 - MySQLi Query Error: MySQL server has gone away

SELECT slug FROM `thbvietnam_1s`.`nb_slug` WHERE id = '708' and module='category'

2023-06-29 22:06:08 - MySQLi Query Error: MySQL server has gone away

SELECT slug FROM `thbvietnam_1s`.`nb_slug` WHERE id = '706' and module='category'

2023-06-29 22:06:08 - MySQLi Query Error: MySQL server has gone away

SELECT slug FROM `thbvietnam_1s`.`nb_slug` WHERE id = '574' and module='category'

2023-06-29 22:06:08 - MySQLi Query Error: MySQL server has gone away

SELECT slug FROM `thbvietnam_1s`.`nb_slug` WHERE id = '577' and module='category'

2023-06-29 22:06:08 - MySQLi Query Error: MySQL server has gone away

SELECT slug FROM `thbvietnam_1s`.`nb_slug` WHERE id = '575' and module='category'

2023-06-29 22:06:08 - MySQLi Query Error: MySQL server has gone away

SELECT slug FROM `thbvietnam_1s`.`nb_slug` WHERE id = '576' and module='category'

2023-06-29 22:06:08 - MySQLi Query Error: MySQL server has gone away

SELECT slug FROM `thbvietnam_1s`.`nb_slug` WHERE id = '718' and module='category'

2023-06-29 22:06:08 - MySQLi Query Error: MySQL server has gone away

SELECT slug FROM `thbvietnam_1s`.`nb_slug` WHERE id = '720' and module='category'

2023-06-29 22:06:08 - MySQLi Query Error: MySQL server has gone away

SELECT slug FROM `thbvietnam_1s`.`nb_slug` WHERE id = '721' and module='category'

2023-06-29 22:06:08 - MySQLi Query Error: MySQL server has gone away

SELECT slug FROM `thbvietnam_1s`.`nb_slug` WHERE id = '719' and module='category'

2023-06-29 22:06:08 - MySQLi Query Error: MySQL server has gone away

SELECT slug FROM `thbvietnam_1s`.`nb_slug` WHERE id = '722' and module='category'

2023-06-29 22:06:08 - MySQLi Query Error: MySQL server has gone away

SELECT slug FROM `thbvietnam_1s`.`nb_slug` WHERE id = '723' and module='category'

2023-06-29 22:06:08 - MySQLi Query Error: MySQL server has gone away

SELECT slug FROM `thbvietnam_1s`.`nb_slug` WHERE id = '726' and module='category'

2023-06-29 22:06:08 - MySQLi Query Error: MySQL server has gone away

SELECT slug FROM `thbvietnam_1s`.`nb_slug` WHERE id = '729' and module='category'

2023-06-29 22:06:08 - MySQLi Query Error: MySQL server has gone away

SELECT slug FROM `thbvietnam_1s`.`nb_slug` WHERE id = '724' and module='category'

2023-06-29 22:06:08 - MySQLi Query Error: MySQL server has gone away

SELECT slug FROM `thbvietnam_1s`.`nb_slug` WHERE id = '727' and module='category'

2023-06-29 22:06:08 - MySQLi Query Error: MySQL server has gone away

SELECT slug FROM `thbvietnam_1s`.`nb_slug` WHERE id = '725' and module='category'

2023-06-29 22:06:08 - MySQLi Query Error: MySQL server has gone away

SELECT slug FROM `thbvietnam_1s`.`nb_slug` WHERE id = '728' and module='category'

2023-06-29 22:06:08 - MySQLi Query Error: MySQL server has gone away

SELECT slug FROM `thbvietnam_1s`.`nb_slug` WHERE id = '380' and module='category'

2023-06-29 22:06:08 - MySQLi Query Error: MySQL server has gone away

SELECT slug FROM `thbvietnam_1s`.`nb_slug` WHERE id = '381' and module='category'

2023-06-29 22:06:08 - MySQLi Query Error: MySQL server has gone away

SELECT slug FROM `thbvietnam_1s`.`nb_slug` WHERE id = '682' and module='category'

2023-06-29 22:06:08 - MySQLi Query Error: MySQL server has gone away

SELECT slug FROM `thbvietnam_1s`.`nb_slug` WHERE id = '680' and module='category'

2023-06-29 22:06:08 - MySQLi Query Error: MySQL server has gone away

SELECT slug FROM `thbvietnam_1s`.`nb_slug` WHERE id = '681' and module='category'

2023-06-29 22:06:08 - MySQLi Query Error: MySQL server has gone away

SELECT slug FROM `thbvietnam_1s`.`nb_slug` WHERE id = '382' and module='category'

2023-06-29 22:06:08 - MySQLi Query Error: MySQL server has gone away

SELECT slug FROM `thbvietnam_1s`.`nb_slug` WHERE id = '685' and module='category'

2023-06-29 22:06:08 - MySQLi Query Error: MySQL server has gone away

SELECT slug FROM `thbvietnam_1s`.`nb_slug` WHERE id = '683' and module='category'

2023-06-29 22:06:08 - MySQLi Query Error: MySQL server has gone away

SELECT slug FROM `thbvietnam_1s`.`nb_slug` WHERE id = '684' and module='category'

2023-06-29 22:06:08 - MySQLi Query Error: MySQL server has gone away

SELECT slug FROM `thbvietnam_1s`.`nb_slug` WHERE id = '709' and module='category'

2023-06-29 22:06:08 - MySQLi Query Error: MySQL server has gone away

SELECT slug FROM `thbvietnam_1s`.`nb_slug` WHERE id = '383' and module='category'

2023-06-29 22:06:08 - MySQLi Query Error: MySQL server has gone away

SELECT slug FROM `thbvietnam_1s`.`nb_slug` WHERE id = '386' and module='category'

2023-06-29 22:06:08 - MySQLi Query Error: MySQL server has gone away

SELECT slug FROM `thbvietnam_1s`.`nb_slug` WHERE id = '389' and module='category'

2023-06-29 22:06:08 - MySQLi Query Error: MySQL server has gone away

SELECT slug FROM `thbvietnam_1s`.`nb_slug` WHERE id = '552' and module='category'

2023-06-29 22:06:08 - MySQLi Query Error: MySQL server has gone away

SELECT slug FROM `thbvietnam_1s`.`nb_slug` WHERE id = '392' and module='category'

2023-06-29 22:06:08 - MySQLi Query Error: MySQL server has gone away

SELECT slug FROM `thbvietnam_1s`.`nb_slug` WHERE id = '572' and module='category'

2023-06-29 22:06:08 - MySQLi Query Error: MySQL server has gone away

SELECT slug FROM `thbvietnam_1s`.`nb_slug` WHERE id = '540' and module='category'

2023-06-29 22:06:08 - MySQLi Query Error: MySQL server has gone away

SELECT slug FROM `thbvietnam_1s`.`nb_slug` WHERE id = '384' and module='category'

2023-06-29 22:06:08 - MySQLi Query Error: MySQL server has gone away

SELECT slug FROM `thbvietnam_1s`.`nb_slug` WHERE id = '387' and module='category'

2023-06-29 22:06:08 - MySQLi Query Error: MySQL server has gone away

SELECT slug FROM `thbvietnam_1s`.`nb_slug` WHERE id = '390' and module='category'

2023-06-29 22:06:08 - MySQLi Query Error: MySQL server has gone away

SELECT slug FROM `thbvietnam_1s`.`nb_slug` WHERE id = '385' and module='category'

2023-06-29 22:06:08 - MySQLi Query Error: MySQL server has gone away

SELECT slug FROM `thbvietnam_1s`.`nb_slug` WHERE id = '388' and module='category'

2023-06-29 22:06:08 - MySQLi Query Error: MySQL server has gone away

SELECT slug FROM `thbvietnam_1s`.`nb_slug` WHERE id = '551' and module='category'

2023-06-29 22:06:08 - MySQLi Query Error: MySQL server has gone away

SELECT slug FROM `thbvietnam_1s`.`nb_slug` WHERE id = '391' and module='category'

2023-06-29 22:06:08 - MySQLi Query Error: MySQL server has gone away

SELECT slug FROM `thbvietnam_1s`.`nb_slug` WHERE id = '558' and module='category'

2023-06-29 22:06:08 - MySQLi Query Error: MySQL server has gone away

SELECT slug FROM `thbvietnam_1s`.`nb_slug` WHERE id = '498' and module='category'

2023-06-29 22:06:08 - MySQLi Query Error: MySQL server has gone away

SELECT slug FROM `thbvietnam_1s`.`nb_slug` WHERE id = '395' and module='category'

2023-06-29 22:06:08 - MySQLi Query Error: MySQL server has gone away

SELECT slug FROM `thbvietnam_1s`.`nb_slug` WHERE id = '605' and module='category'

2023-06-29 22:06:08 - MySQLi Query Error: MySQL server has gone away

SELECT slug FROM `thbvietnam_1s`.`nb_slug` WHERE id = '483' and module='category'

2023-06-29 22:06:08 - MySQLi Query Error: MySQL server has gone away

SELECT slug FROM `thbvietnam_1s`.`nb_slug` WHERE id = '501' and module='category'

2023-06-29 22:06:08 - MySQLi Query Error: MySQL server has gone away

SELECT slug FROM `thbvietnam_1s`.`nb_slug` WHERE id = '453' and module='category'

2023-06-29 22:06:08 - MySQLi Query Error: MySQL server has gone away

SELECT slug FROM `thbvietnam_1s`.`nb_slug` WHERE id = '493' and module='category'

2023-06-29 22:06:08 - MySQLi Query Error: MySQL server has gone away

SELECT slug FROM `thbvietnam_1s`.`nb_slug` WHERE id = '494' and module='category'

2023-06-29 22:06:08 - MySQLi Query Error: MySQL server has gone away

SELECT slug FROM `thbvietnam_1s`.`nb_slug` WHERE id = '689' and module='category'

2023-06-29 22:06:08 - MySQLi Query Error: MySQL server has gone away

SELECT slug FROM `thbvietnam_1s`.`nb_slug` WHERE id = '687' and module='category'

2023-06-29 22:06:08 - MySQLi Query Error: MySQL server has gone away

SELECT slug FROM `thbvietnam_1s`.`nb_slug` WHERE id = '502' and module='category'

2023-06-29 22:06:08 - MySQLi Query Error: MySQL server has gone away

SELECT slug FROM `thbvietnam_1s`.`nb_slug` WHERE id = '701' and module='category'

2023-06-29 22:06:08 - MySQLi Query Error: MySQL server has gone away

SELECT slug FROM `thbvietnam_1s`.`nb_slug` WHERE id = '700' and module='category'

2023-06-29 22:06:08 - MySQLi Query Error: MySQL server has gone away

SELECT slug FROM `thbvietnam_1s`.`nb_slug` WHERE id = '703' and module='category'

2023-06-29 22:06:08 - MySQLi Query Error: MySQL server has gone away

SELECT slug FROM `thbvietnam_1s`.`nb_slug` WHERE id = '484' and module='category'

2023-06-29 22:06:08 - MySQLi Query Error: MySQL server has gone away

SELECT slug FROM `thbvietnam_1s`.`nb_slug` WHERE id = '487' and module='category'

2023-06-29 22:06:08 - MySQLi Query Error: MySQL server has gone away

SELECT slug FROM `thbvietnam_1s`.`nb_slug` WHERE id = '490' and module='category'

2023-06-29 22:06:08 - MySQLi Query Error: MySQL server has gone away

SELECT slug FROM `thbvietnam_1s`.`nb_slug` WHERE id = '710' and module='category'

2023-06-29 22:06:08 - MySQLi Query Error: MySQL server has gone away

SELECT slug FROM `thbvietnam_1s`.`nb_slug` WHERE id = '485' and module='category'

2023-06-29 22:06:08 - MySQLi Query Error: MySQL server has gone away

SELECT slug FROM `thbvietnam_1s`.`nb_slug` WHERE id = '488' and module='category'

2023-06-29 22:06:08 - MySQLi Query Error: MySQL server has gone away

SELECT slug FROM `thbvietnam_1s`.`nb_slug` WHERE id = '491' and module='category'

2023-06-29 22:06:08 - MySQLi Query Error: MySQL server has gone away

SELECT slug FROM `thbvietnam_1s`.`nb_slug` WHERE id = '486' and module='category'

2023-06-29 22:06:08 - MySQLi Query Error: MySQL server has gone away

SELECT slug FROM `thbvietnam_1s`.`nb_slug` WHERE id = '489' and module='category'

2023-06-29 22:06:08 - MySQLi Query Error: MySQL server has gone away

SELECT slug FROM `thbvietnam_1s`.`nb_slug` WHERE id = '492' and module='category'

2023-06-29 22:06:08 - MySQLi Query Error: MySQL server has gone away

SELECT slug FROM `thbvietnam_1s`.`nb_slug` WHERE id = '507' and module='category'

2023-06-29 22:06:08 - MySQLi Query Error: MySQL server has gone away

SELECT slug FROM `thbvietnam_1s`.`nb_slug` WHERE id = '510' and module='category'

2023-06-29 22:06:08 - MySQLi Query Error: MySQL server has gone away

SELECT slug FROM `thbvietnam_1s`.`nb_slug` WHERE id = '508' and module='category'

2023-06-29 22:06:08 - MySQLi Query Error: MySQL server has gone away

SELECT slug FROM `thbvietnam_1s`.`nb_slug` WHERE id = '509' and module='category'

2023-06-29 22:06:08 - MySQLi Query Error: MySQL server has gone away

SELECT slug FROM `thbvietnam_1s`.`nb_slug` WHERE id = '478' and module='category'

2023-06-29 22:06:08 - MySQLi Query Error: MySQL server has gone away

SELECT slug FROM `thbvietnam_1s`.`nb_slug` WHERE id = '499' and module='category'

2023-06-29 22:06:08 - MySQLi Query Error: MySQL server has gone away

SELECT slug FROM `thbvietnam_1s`.`nb_slug` WHERE id = '505' and module='category'

2023-06-29 22:06:08 - MySQLi Query Error: MySQL server has gone away

SELECT slug FROM `thbvietnam_1s`.`nb_slug` WHERE id = '479' and module='category'

2023-06-29 22:06:08 - MySQLi Query Error: MySQL server has gone away

SELECT slug FROM `thbvietnam_1s`.`nb_slug` WHERE id = '481' and module='category'

2023-06-29 22:06:08 - MySQLi Query Error: MySQL server has gone away

SELECT slug FROM `thbvietnam_1s`.`nb_slug` WHERE id = '482' and module='category'

2023-06-29 22:06:08 - MySQLi Query Error: MySQL server has gone away

SELECT slug FROM `thbvietnam_1s`.`nb_slug` WHERE id = '480' and module='category'

2023-06-29 22:06:08 - MySQLi Query Error: MySQL server has gone away

SELECT slug FROM `thbvietnam_1s`.`nb_slug` WHERE id = '497' and module='category'

2023-06-29 22:06:08 - MySQLi Query Error: MySQL server has gone away

SELECT slug FROM `thbvietnam_1s`.`nb_slug` WHERE id = '506' and module='category'

2023-06-29 22:06:08 - MySQLi Query Error: MySQL server has gone away

SELECT slug FROM `thbvietnam_1s`.`nb_slug` WHERE id = '541' and module='category'

2023-06-29 22:06:08 - MySQLi Query Error: MySQL server has gone away

SELECT slug FROM `thbvietnam_1s`.`nb_slug` WHERE id = '457' and module='category'

2023-06-29 22:06:08 - MySQLi Query Error: MySQL server has gone away

SELECT slug FROM `thbvietnam_1s`.`nb_slug` WHERE id = '458' and module='category'

2023-06-29 22:06:08 - MySQLi Query Error: MySQL server has gone away

SELECT slug FROM `thbvietnam_1s`.`nb_slug` WHERE id = '459' and module='category'

2023-06-29 22:06:08 - MySQLi Query Error: MySQL server has gone away

SELECT slug FROM `thbvietnam_1s`.`nb_slug` WHERE id = '460' and module='category'

2023-06-29 22:06:08 - MySQLi Query Error: MySQL server has gone away

SELECT slug FROM `thbvietnam_1s`.`nb_slug` WHERE id = '495' and module='category'

2023-06-29 22:06:08 - MySQLi Query Error: MySQL server has gone away

SELECT slug FROM `thbvietnam_1s`.`nb_slug` WHERE id = '530' and module='category'

2023-06-29 22:06:08 - MySQLi Query Error: MySQL server has gone away

SELECT slug FROM `thbvietnam_1s`.`nb_slug` WHERE id = '446' and module='category'

2023-06-29 22:06:08 - MySQLi Query Error: MySQL server has gone away

SELECT slug FROM `thbvietnam_1s`.`nb_slug` WHERE id = '531' and module='category'

2023-06-29 22:06:08 - MySQLi Query Error: MySQL server has gone away

SELECT slug FROM `thbvietnam_1s`.`nb_slug` WHERE id = '534' and module='category'

2023-06-29 22:06:08 - MySQLi Query Error: MySQL server has gone away

SELECT slug FROM `thbvietnam_1s`.`nb_slug` WHERE id = '532' and module='category'

2023-06-29 22:06:08 - MySQLi Query Error: MySQL server has gone away

SELECT slug FROM `thbvietnam_1s`.`nb_slug` WHERE id = '535' and module='category'

2023-06-29 22:06:08 - MySQLi Query Error: MySQL server has gone away

SELECT slug FROM `thbvietnam_1s`.`nb_slug` WHERE id = '533' and module='category'

2023-06-29 22:06:08 - MySQLi Query Error: MySQL server has gone away

SELECT slug FROM `thbvietnam_1s`.`nb_slug` WHERE id = '571' and module='category'

2023-06-29 22:06:08 - MySQLi Query Error: MySQL server has gone away

SELECT slug FROM `thbvietnam_1s`.`nb_slug` WHERE id = '504' and module='category'

2023-06-29 22:06:08 - MySQLi Query Error: MySQL server has gone away

SELECT slug FROM `thbvietnam_1s`.`nb_slug` WHERE id = '393' and module='category'

2023-06-29 22:06:08 - MySQLi Query Error: MySQL server has gone away

SELECT slug FROM `thbvietnam_1s`.`nb_slug` WHERE id = '511' and module='category'

2023-06-29 22:06:08 - MySQLi Query Error: MySQL server has gone away

SELECT slug FROM `thbvietnam_1s`.`nb_slug` WHERE id = '400' and module='category'

2023-06-29 22:06:08 - MySQLi Query Error: MySQL server has gone away

SELECT slug FROM `thbvietnam_1s`.`nb_slug` WHERE id = '401' and module='category'

2023-06-29 22:06:08 - MySQLi Query Error: MySQL server has gone away

SELECT slug FROM `thbvietnam_1s`.`nb_slug` WHERE id = '402' and module='category'

2023-06-29 22:06:08 - MySQLi Query Error: MySQL server has gone away

SELECT slug FROM `thbvietnam_1s`.`nb_slug` WHERE id = '399' and module='category'

2023-06-29 22:06:08 - MySQLi Query Error: MySQL server has gone away

SELECT slug FROM `thbvietnam_1s`.`nb_slug` WHERE id = '405' and module='category'

2023-06-29 22:06:08 - MySQLi Query Error: MySQL server has gone away

SELECT slug FROM `thbvietnam_1s`.`nb_slug` WHERE id = '512' and module='category'

2023-06-29 22:06:08 - MySQLi Query Error: MySQL server has gone away

SELECT slug FROM `thbvietnam_1s`.`nb_slug` WHERE id = '397' and module='category'

2023-06-29 22:06:08 - MySQLi Query Error: MySQL server has gone away

SELECT goods_id, goods_name, goods_thumb, shop_price, promote_price, promote_start_date, promote_end_date FROM `thbvietnam_1s`.`nb_goods` WHERE goods_id IN ('2289','3922','2249','2234')  AND is_on_sale = 1 AND is_alone_sale = 1 AND is_delete = 0 LIMIT 4

2023-06-29 22:06:08 - MySQLi Query Error: MySQL server has gone away

SELECT slug FROM `thbvietnam_1s`.`nb_slug` WHERE id = '398' and module='category'

2023-06-29 22:06:08 - MySQLi Query Error: MySQL server has gone away

SELECT slug FROM `thbvietnam_1s`.`nb_slug` WHERE id = '396' and module='category'

2023-06-29 22:06:08 - MySQLi Query Error: MySQL server has gone away

SELECT slug FROM `thbvietnam_1s`.`nb_slug` WHERE id = '404' and module='category'

2023-06-29 22:06:08 - MySQLi Query Error: MySQL server has gone away

SELECT slug FROM `thbvietnam_1s`.`nb_slug` WHERE id = '653' and module='category'

2023-06-29 22:06:08 - MySQLi Query Error: MySQL server has gone away

SELECT slug FROM `thbvietnam_1s`.`nb_slug` WHERE id = '654' and module='category'

2023-06-29 22:06:08 - MySQLi Query Error: MySQL server has gone away

SELECT slug FROM `thbvietnam_1s`.`nb_slug` WHERE id = '408' and module='category'

2023-06-29 22:06:08 - MySQLi Query Error: MySQL server has gone away

SELECT slug FROM `thbvietnam_1s`.`nb_slug` WHERE id = '655' and module='category'

2023-06-29 22:06:08 - MySQLi Query Error: MySQL server has gone away

SELECT slug FROM `thbvietnam_1s`.`nb_slug` WHERE id = '656' and module='category'

2023-06-29 22:06:08 - MySQLi Query Error: MySQL server has gone away

SELECT slug FROM `thbvietnam_1s`.`nb_slug` WHERE id = '407' and module='category'

2023-06-29 22:06:08 - MySQLi Query Error: MySQL server has gone away

SELECT slug FROM `thbvietnam_1s`.`nb_slug` WHERE id = '403' and module='category'

2023-06-29 22:06:08 - MySQLi Query Error: MySQL server has gone away

SELECT slug FROM `thbvietnam_1s`.`nb_slug` WHERE id = '675' and module='category'

2023-06-29 22:06:08 - MySQLi Query Error: MySQL server has gone away

SELECT slug FROM `thbvietnam_1s`.`nb_slug` WHERE id = '679' and module='category'

2023-06-29 22:06:08 - MySQLi Query Error: MySQL server has gone away

SELECT slug FROM `thbvietnam_1s`.`nb_slug` WHERE id = '677' and module='category'

2023-06-29 22:06:08 - MySQLi Query Error: MySQL server has gone away

SELECT slug FROM `thbvietnam_1s`.`nb_slug` WHERE id = '678' and module='category'

2023-06-29 22:06:08 - MySQLi Query Error: MySQL server has gone away

SELECT slug FROM `thbvietnam_1s`.`nb_slug` WHERE id = '409' and module='category'

2023-06-29 22:06:08 - MySQLi Query Error: MySQL server has gone away

SELECT slug FROM `thbvietnam_1s`.`nb_slug` WHERE id = '692' and module='category'

2023-06-29 22:06:08 - MySQLi Query Error: MySQL server has gone away

SELECT slug FROM `thbvietnam_1s`.`nb_slug` WHERE id = '695' and module='category'

2023-06-29 22:06:08 - MySQLi Query Error: MySQL server has gone away

SELECT slug FROM `thbvietnam_1s`.`nb_slug` WHERE id = '690' and module='category'

2023-06-29 22:06:08 - MySQLi Query Error: MySQL server has gone away

SELECT slug FROM `thbvietnam_1s`.`nb_slug` WHERE id = '693' and module='category'

2023-06-29 22:06:08 - MySQLi Query Error: MySQL server has gone away

SELECT slug FROM `thbvietnam_1s`.`nb_slug` WHERE id = '691' and module='category'

2023-06-29 22:06:08 - MySQLi Query Error: MySQL server has gone away

SELECT slug FROM `thbvietnam_1s`.`nb_slug` WHERE id = '694' and module='category'

2023-06-29 22:06:08 - MySQLi Query Error: MySQL server has gone away

SELECT slug FROM `thbvietnam_1s`.`nb_slug` WHERE id = '688' and module='category'

2023-06-29 22:06:08 - MySQLi Query Error: MySQL server has gone away

SELECT slug FROM `thbvietnam_1s`.`nb_slug` WHERE id = '696' and module='category'

2023-06-29 22:06:08 - MySQLi Query Error: MySQL server has gone away

SELECT slug FROM `thbvietnam_1s`.`nb_slug` WHERE id = '697' and module='category'

2023-06-29 22:06:08 - MySQLi Query Error: MySQL server has gone away

SELECT slug FROM `thbvietnam_1s`.`nb_slug` WHERE id = '412' and module='category'

2023-06-29 22:06:08 - MySQLi Query Error: MySQL server has gone away

SELECT slug FROM `thbvietnam_1s`.`nb_slug` WHERE id = '411' and module='category'

2023-06-29 22:06:08 - MySQLi Query Error: MySQL server has gone away

SELECT slug FROM `thbvietnam_1s`.`nb_slug` WHERE id = '406' and module='category'

2023-06-29 22:06:08 - MySQLi Query Error: MySQL server has gone away

SELECT goods_id, goods_name, goods_thumb, shop_price, promote_price, promote_start_date, promote_end_date FROM `thbvietnam_1s`.`nb_goods` WHERE goods_id IN ('2289','3922','2249','2234')  AND is_on_sale = 1 AND is_alone_sale = 1 AND is_delete = 0 LIMIT 4

2023-06-29 22:06:08 - MySQLi Query Error: MySQL server has gone away

SELECT slug FROM `thbvietnam_1s`.`nb_slug` WHERE id = '404' and module='category'

2023-06-29 22:06:08 - MySQLi Query Error: MySQL server has gone away

SELECT slug FROM `thbvietnam_1s`.`nb_slug` WHERE id = '581' and module='brand'

2023-06-29 22:06:08 - MySQLi Query Error: MySQL server has gone away

SELECT slug FROM `thbvietnam_1s`.`nb_slug` WHERE id = '404' and module='category'

2023-06-29 22:06:08 - MySQLi Query Error: MySQL server has gone away

SELECT slug FROM `thbvietnam_1s`.`nb_slug` WHERE id = '581' and module='brand'

2023-06-29 22:06:08 - MySQLi Query Error: MySQL server has gone away

SELECT slug FROM `thbvietnam_1s`.`nb_slug` WHERE id = '404' and module='category'

2023-06-29 22:06:08 - MySQLi Query Error: MySQL server has gone away

SELECT slug FROM `thbvietnam_1s`.`nb_slug` WHERE id = '581' and module='brand'

2023-06-29 22:06:08 - MySQLi Query Error: MySQL server has gone away

SELECT slug FROM `thbvietnam_1s`.`nb_slug` WHERE id = '410' and module='category'

2023-06-29 22:06:08 - MySQLi Query Error: MySQL server has gone away

SELECT slug FROM `thbvietnam_1s`.`nb_slug` WHERE id = '404' and module='category'

2023-06-29 22:06:08 - MySQLi Query Error: MySQL server has gone away

SELECT slug FROM `thbvietnam_1s`.`nb_slug` WHERE id = '593' and module='category'

2023-06-29 22:06:08 - MySQLi Query Error: MySQL server has gone away

SELECT slug FROM `thbvietnam_1s`.`nb_slug` WHERE id = '581' and module='brand'

2023-06-29 22:06:08 - MySQLi Query Error: MySQL server has gone away

SELECT slug FROM `thbvietnam_1s`.`nb_slug` WHERE id = '597' and module='category'

2023-06-29 22:06:08 - MySQLi Query Error: MySQL server has gone away

SELECT slug FROM `thbvietnam_1s`.`nb_slug` WHERE id = '600' and module='category'

2023-06-29 22:06:08 - MySQLi Query Error: MySQL server has gone away

SELECT slug FROM `thbvietnam_1s`.`nb_slug` WHERE id = '601' and module='category'

2023-06-29 22:06:08 - MySQLi Query Error: MySQL server has gone away

SELECT slug FROM `thbvietnam_1s`.`nb_slug` WHERE id = '599' and module='category'

2023-06-29 22:06:08 - MySQLi Query Error: MySQL server has gone away

SELECT slug FROM `thbvietnam_1s`.`nb_slug` WHERE id = '598' and module='category'

2023-06-29 22:06:08 - MySQLi Query Error: MySQL server has gone away

SELECT slug FROM `thbvietnam_1s`.`nb_slug` WHERE id = '596' and module='category'

2023-06-29 22:06:08 - MySQLi Query Error: MySQL server has gone away

SELECT slug FROM `thbvietnam_1s`.`nb_slug` WHERE id = '594' and module='category'

2023-06-29 22:06:08 - MySQLi Query Error: MySQL server has gone away

SELECT slug FROM `thbvietnam_1s`.`nb_slug` WHERE id = '639' and module='category'

2023-06-29 22:06:08 - MySQLi Query Error: MySQL server has gone away

SELECT slug FROM `thbvietnam_1s`.`nb_slug` WHERE id = '640' and module='category'

2023-06-29 22:06:08 - MySQLi Query Error: MySQL server has gone away

SELECT slug FROM `thbvietnam_1s`.`nb_slug` WHERE id = '641' and module='category'

2023-06-29 22:06:08 - MySQLi Query Error: MySQL server has gone away

SELECT slug FROM `thbvietnam_1s`.`nb_slug` WHERE id = '615' and module='category'

2023-06-29 22:06:08 - MySQLi Query Error: MySQL server has gone away

SELECT slug FROM `thbvietnam_1s`.`nb_slug` WHERE id = '616' and module='category'

2023-06-29 22:06:08 - MySQLi Query Error: MySQL server has gone away

SELECT slug FROM `thbvietnam_1s`.`nb_slug` WHERE id = '618' and module='category'

2023-06-29 22:06:08 - MySQLi Query Error: MySQL server has gone away

SELECT slug FROM `thbvietnam_1s`.`nb_slug` WHERE id = '666' and module='category'

2023-06-29 22:06:08 - MySQLi Query Error: MySQL server has gone away

SELECT slug FROM `thbvietnam_1s`.`nb_slug` WHERE id = '619' and module='category'

2023-06-29 22:06:08 - MySQLi Query Error: MySQL server has gone away

SELECT slug FROM `thbvietnam_1s`.`nb_slug` WHERE id = '667' and module='category'

2023-06-29 22:06:08 - MySQLi Query Error: MySQL server has gone away

SELECT slug FROM `thbvietnam_1s`.`nb_slug` WHERE id = '668' and module='category'

2023-06-29 22:06:08 - MySQLi Query Error: MySQL server has gone away

SELECT slug FROM `thbvietnam_1s`.`nb_slug` WHERE id = '645' and module='category'

2023-06-29 22:06:08 - MySQLi Query Error: MySQL server has gone away

SELECT slug FROM `thbvietnam_1s`.`nb_slug` WHERE id = '617' and module='category'

2023-06-29 22:06:08 - MySQLi Query Error: MySQL server has gone away

SELECT slug FROM `thbvietnam_1s`.`nb_slug` WHERE id = '626' and module='category'

2023-06-29 22:06:08 - MySQLi Query Error: MySQL server has gone away

SELECT slug FROM `thbvietnam_1s`.`nb_slug` WHERE id = '455' and module='category'

2023-06-29 22:06:08 - MySQLi Query Error: MySQL server has gone away

SELECT slug FROM `thbvietnam_1s`.`nb_slug` WHERE id = '496' and module='category'

2023-06-29 22:06:08 - MySQLi Query Error: MySQL server has gone away

SELECT slug FROM `thbvietnam_1s`.`nb_slug` WHERE id = '711' and module='category'

2023-06-29 22:06:08 - MySQLi Query Error: MySQL server has gone away

SELECT slug FROM `thbvietnam_1s`.`nb_slug` WHERE id = '714' and module='category'

2023-06-29 22:06:08 - MySQLi Query Error: MySQL server has gone away

SELECT slug FROM `thbvietnam_1s`.`nb_slug` WHERE id = '717' and module='category'

2023-06-29 22:06:08 - MySQLi Query Error: MySQL server has gone away

SELECT slug FROM `thbvietnam_1s`.`nb_slug` WHERE id = '712' and module='category'

2023-06-29 22:06:08 - MySQLi Query Error: MySQL server has gone away

SELECT slug FROM `thbvietnam_1s`.`nb_slug` WHERE id = '715' and module='category'

2023-06-29 22:06:08 - MySQLi Query Error: MySQL server has gone away

SELECT slug FROM `thbvietnam_1s`.`nb_slug` WHERE id = '713' and module='category'

2023-06-29 22:06:08 - MySQLi Query Error: MySQL server has gone away

SELECT slug FROM `thbvietnam_1s`.`nb_slug` WHERE id = '716' and module='category'

2023-06-29 22:06:08 - MySQLi Query Error: MySQL server has gone away

SELECT slug FROM `thbvietnam_1s`.`nb_slug` WHERE id = '456' and module='category'

2023-06-29 22:06:08 - MySQLi Query Error: MySQL server has gone away

SELECT slug FROM `thbvietnam_1s`.`nb_slug` WHERE id = '503' and module='category'

2023-06-29 22:06:08 - MySQLi Query Error: MySQL server has gone away

SELECT slug FROM `thbvietnam_1s`.`nb_slug` WHERE id = '454' and module='category'

2023-06-29 22:06:08 - MySQLi Query Error: MySQL server has gone away

SELECT slug FROM `thbvietnam_1s`.`nb_slug` WHERE id = '627' and module='category'

2023-06-29 22:06:08 - MySQLi Query Error: MySQL server has gone away

SELECT slug FROM `thbvietnam_1s`.`nb_slug` WHERE id = '450' and module='category'

2023-06-29 22:06:08 - MySQLi Query Error: MySQL server has gone away

SELECT slug FROM `thbvietnam_1s`.`nb_slug` WHERE id = '451' and module='category'

2023-06-29 22:06:08 - MySQLi Query Error: MySQL server has gone away

SELECT slug FROM `thbvietnam_1s`.`nb_slug` WHERE id = '628' and module='category'

2023-06-29 22:06:08 - MySQLi Query Error: MySQL server has gone away

SELECT slug FROM `thbvietnam_1s`.`nb_slug` WHERE id = '513' and module='category'

2023-06-29 22:06:08 - MySQLi Query Error: MySQL server has gone away

SELECT slug FROM `thbvietnam_1s`.`nb_slug` WHERE id = '429' and module='category'

2023-06-29 22:06:08 - MySQLi Query Error: MySQL server has gone away

SELECT slug FROM `thbvietnam_1s`.`nb_slug` WHERE id = '430' and module='category'

2023-06-29 22:06:08 - MySQLi Query Error: MySQL server has gone away

SELECT slug FROM `thbvietnam_1s`.`nb_slug` WHERE id = '433' and module='category'

2023-06-29 22:06:08 - MySQLi Query Error: MySQL server has gone away

SELECT slug FROM `thbvietnam_1s`.`nb_slug` WHERE id = '431' and module='category'

2023-06-29 22:06:08 - MySQLi Query Error: MySQL server has gone away

SELECT slug FROM `thbvietnam_1s`.`nb_slug` WHERE id = '432' and module='category'

2023-06-29 22:06:08 - MySQLi Query Error: MySQL server has gone away

SELECT slug FROM `thbvietnam_1s`.`nb_slug` WHERE id = '514' and module='category'

2023-06-29 22:06:08 - MySQLi Query Error: MySQL server has gone away

SELECT slug FROM `thbvietnam_1s`.`nb_slug` WHERE id = '515' and module='category'

2023-06-29 22:06:08 - MySQLi Query Error: MySQL server has gone away

SELECT slug FROM `thbvietnam_1s`.`nb_slug` WHERE id = '516' and module='category'

2023-06-29 22:06:08 - MySQLi Query Error: MySQL server has gone away

SELECT slug FROM `thbvietnam_1s`.`nb_slug` WHERE id = '522' and module='category'

2023-06-29 22:06:08 - MySQLi Query Error: MySQL server has gone away

SELECT slug FROM `thbvietnam_1s`.`nb_slug` WHERE id = '523' and module='category'

2023-06-29 22:06:08 - MySQLi Query Error: MySQL server has gone away

SELECT slug FROM `thbvietnam_1s`.`nb_slug` WHERE id = '524' and module='category'

2023-06-29 22:06:08 - MySQLi Query Error: MySQL server has gone away

SELECT slug FROM `thbvietnam_1s`.`nb_slug` WHERE id = '517' and module='category'

2023-06-29 22:06:08 - MySQLi Query Error: MySQL server has gone away

SELECT slug FROM `thbvietnam_1s`.`nb_slug` WHERE id = '519' and module='category'

2023-06-29 22:06:08 - MySQLi Query Error: MySQL server has gone away

SELECT slug FROM `thbvietnam_1s`.`nb_slug` WHERE id = '537' and module='category'

2023-06-29 22:06:08 - MySQLi Query Error: MySQL server has gone away

SELECT slug FROM `thbvietnam_1s`.`nb_slug` WHERE id = '520' and module='category'

2023-06-29 22:06:08 - MySQLi Query Error: MySQL server has gone away

SELECT slug FROM `thbvietnam_1s`.`nb_slug` WHERE id = '518' and module='category'

2023-06-29 22:06:08 - MySQLi Query Error: MySQL server has gone away

SELECT slug FROM `thbvietnam_1s`.`nb_slug` WHERE id = '521' and module='category'

2023-06-29 22:06:08 - MySQLi Query Error: MySQL server has gone away

SELECT slug FROM `thbvietnam_1s`.`nb_slug` WHERE id = '536' and module='category'

2023-06-29 22:06:08 - MySQLi Query Error: MySQL server has gone away

SELECT slug FROM `thbvietnam_1s`.`nb_slug` WHERE id = '553' and module='category'

2023-06-29 22:06:08 - MySQLi Query Error: MySQL server has gone away

SELECT slug FROM `thbvietnam_1s`.`nb_slug` WHERE id = '559' and module='category'

2023-06-29 22:06:08 - MySQLi Query Error: MySQL server has gone away

SELECT slug FROM `thbvietnam_1s`.`nb_slug` WHERE id = '560' and module='category'

2023-06-29 22:06:08 - MySQLi Query Error: MySQL server has gone away

SELECT slug FROM `thbvietnam_1s`.`nb_slug` WHERE id = '561' and module='category'

2023-06-29 22:06:08 - MySQLi Query Error: MySQL server has gone away

SELECT slug FROM `thbvietnam_1s`.`nb_slug` WHERE id = '569' and module='category'

2023-06-29 22:06:08 - MySQLi Query Error: MySQL server has gone away

SELECT slug FROM `thbvietnam_1s`.`nb_slug` WHERE id = '567' and module='category'

2023-06-29 22:06:08 - MySQLi Query Error: MySQL server has gone away

SELECT slug FROM `thbvietnam_1s`.`nb_slug` WHERE id = '570' and module='category'

2023-06-29 22:06:08 - MySQLi Query Error: MySQL server has gone away

SELECT slug FROM `thbvietnam_1s`.`nb_slug` WHERE id = '554' and module='category'

2023-06-29 22:06:08 - MySQLi Query Error: MySQL server has gone away

SELECT slug FROM `thbvietnam_1s`.`nb_slug` WHERE id = '555' and module='category'

2023-06-29 22:06:08 - MySQLi Query Error: MySQL server has gone away

SELECT slug FROM `thbvietnam_1s`.`nb_slug` WHERE id = '556' and module='category'

2023-06-29 22:06:08 - MySQLi Query Error: MySQL server has gone away

SELECT slug FROM `thbvietnam_1s`.`nb_slug` WHERE id = '568' and module='category'

2023-06-29 22:06:08 - MySQLi Query Error: MySQL server has gone away

SELECT slug FROM `thbvietnam_1s`.`nb_slug` WHERE id = '646' and module='category'

2023-06-29 22:06:08 - MySQLi Query Error: MySQL server has gone away

SELECT slug FROM `thbvietnam_1s`.`nb_slug` WHERE id = '648' and module='category'

2023-06-29 22:06:08 - MySQLi Query Error: MySQL server has gone away

SELECT slug FROM `thbvietnam_1s`.`nb_slug` WHERE id = '661' and module='category'

2023-06-29 22:06:08 - MySQLi Query Error: MySQL server has gone away

SELECT slug FROM `thbvietnam_1s`.`nb_slug` WHERE id = '663' and module='category'

2023-06-29 22:06:08 - MySQLi Query Error: MySQL server has gone away

SELECT slug FROM `thbvietnam_1s`.`nb_slug` WHERE id = '664' and module='category'

2023-06-29 22:06:08 - MySQLi Query Error: MySQL server has gone away

SELECT slug FROM `thbvietnam_1s`.`nb_slug` WHERE id = '665' and module='category'

2023-06-29 22:06:08 - MySQLi Query Error: MySQL server has gone away

SELECT slug FROM `thbvietnam_1s`.`nb_slug` WHERE id = '671' and module='category'

2023-06-29 22:06:08 - MySQLi Query Error: MySQL server has gone away

SELECT slug FROM `thbvietnam_1s`.`nb_slug` WHERE id = '673' and module='category'

2023-06-29 22:06:08 - MySQLi Query Error: MySQL server has gone away

SELECT slug FROM `thbvietnam_1s`.`nb_slug` WHERE id = '672' and module='category'

2023-06-29 22:06:08 - MySQLi Query Error: MySQL server has gone away

SELECT slug FROM `thbvietnam_1s`.`nb_slug` WHERE id = '647' and module='category'

2023-06-29 22:06:08 - MySQLi Query Error: MySQL server has gone away

SELECT slug FROM `thbvietnam_1s`.`nb_slug` WHERE id = '413' and module='category'

2023-06-29 22:06:08 - MySQLi Query Error: MySQL server has gone away

SELECT slug FROM `thbvietnam_1s`.`nb_slug` WHERE id = '414' and module='category'

2023-06-29 22:06:08 - MySQLi Query Error: MySQL server has gone away

SELECT slug FROM `thbvietnam_1s`.`nb_slug` WHERE id = '417' and module='category'

2023-06-29 22:06:08 - MySQLi Query Error: MySQL server has gone away

SELECT slug FROM `thbvietnam_1s`.`nb_slug` WHERE id = '420' and module='category'

2023-06-29 22:06:08 - MySQLi Query Error: MySQL server has gone away

SELECT slug FROM `thbvietnam_1s`.`nb_slug` WHERE id = '423' and module='category'

2023-06-29 22:06:08 - MySQLi Query Error: MySQL server has gone away

SELECT slug FROM `thbvietnam_1s`.`nb_slug` WHERE id = '461' and module='category'

2023-06-29 22:06:08 - MySQLi Query Error: MySQL server has gone away

SELECT slug FROM `thbvietnam_1s`.`nb_slug` WHERE id = '464' and module='category'

2023-06-29 22:06:08 - MySQLi Query Error: MySQL server has gone away

SELECT slug FROM `thbvietnam_1s`.`nb_slug` WHERE id = '467' and module='category'

2023-06-29 22:06:08 - MySQLi Query Error: MySQL server has gone away

SELECT slug FROM `thbvietnam_1s`.`nb_slug` WHERE id = '470' and module='category'

2023-06-29 22:06:08 - MySQLi Query Error: MySQL server has gone away

SELECT slug FROM `thbvietnam_1s`.`nb_slug` WHERE id = '462' and module='category'

2023-06-29 22:06:08 - MySQLi Query Error: MySQL server has gone away

SELECT slug FROM `thbvietnam_1s`.`nb_slug` WHERE id = '465' and module='category'

2023-06-29 22:06:08 - MySQLi Query Error: MySQL server has gone away

SELECT slug FROM `thbvietnam_1s`.`nb_slug` WHERE id = '468' and module='category'

2023-06-29 22:06:08 - MySQLi Query Error: MySQL server has gone away

SELECT slug FROM `thbvietnam_1s`.`nb_slug` WHERE id = '471' and module='category'

2023-06-29 22:06:08 - MySQLi Query Error: MySQL server has gone away

SELECT slug FROM `thbvietnam_1s`.`nb_slug` WHERE id = '463' and module='category'

2023-06-29 22:06:08 - MySQLi Query Error: MySQL server has gone away

SELECT slug FROM `thbvietnam_1s`.`nb_slug` WHERE id = '466' and module='category'

2023-06-29 22:06:08 - MySQLi Query Error: MySQL server has gone away

SELECT slug FROM `thbvietnam_1s`.`nb_slug` WHERE id = '469' and module='category'

2023-06-29 22:06:08 - MySQLi Query Error: MySQL server has gone away

SELECT slug FROM `thbvietnam_1s`.`nb_slug` WHERE id = '415' and module='category'

2023-06-29 22:06:08 - MySQLi Query Error: MySQL server has gone away

SELECT slug FROM `thbvietnam_1s`.`nb_slug` WHERE id = '418' and module='category'

2023-06-29 22:06:08 - MySQLi Query Error: MySQL server has gone away

SELECT slug FROM `thbvietnam_1s`.`nb_slug` WHERE id = '421' and module='category'

2023-06-29 22:06:08 - MySQLi Query Error: MySQL server has gone away

SELECT slug FROM `thbvietnam_1s`.`nb_slug` WHERE id = '424' and module='category'

2023-06-29 22:06:08 - MySQLi Query Error: MySQL server has gone away

SELECT slug FROM `thbvietnam_1s`.`nb_slug` WHERE id = '416' and module='category'

2023-06-29 22:06:08 - MySQLi Query Error: MySQL server has gone away

SELECT slug FROM `thbvietnam_1s`.`nb_slug` WHERE id = '419' and module='category'

2023-06-29 22:06:08 - MySQLi Query Error: MySQL server has gone away

SELECT slug FROM `thbvietnam_1s`.`nb_slug` WHERE id = '422' and module='category'

2023-06-29 22:06:08 - MySQLi Query Error: MySQL server has gone away

SELECT slug FROM `thbvietnam_1s`.`nb_slug` WHERE id = '472' and module='category'

2023-06-29 22:06:08 - MySQLi Query Error: MySQL server has gone away

SELECT slug FROM `thbvietnam_1s`.`nb_slug` WHERE id = '475' and module='category'

2023-06-29 22:06:08 - MySQLi Query Error: MySQL server has gone away

SELECT slug FROM `thbvietnam_1s`.`nb_slug` WHERE id = '473' and module='category'

2023-06-29 22:06:08 - MySQLi Query Error: MySQL server has gone away

SELECT slug FROM `thbvietnam_1s`.`nb_slug` WHERE id = '476' and module='category'

2023-06-29 22:06:08 - MySQLi Query Error: MySQL server has gone away

SELECT slug FROM `thbvietnam_1s`.`nb_slug` WHERE id = '474' and module='category'

2023-06-29 22:06:08 - MySQLi Query Error: MySQL server has gone away

SELECT slug FROM `thbvietnam_1s`.`nb_slug` WHERE id = '477' and module='category'

2023-06-29 22:06:08 - MySQLi Query Error: MySQL server has gone away

SELECT slug FROM `thbvietnam_1s`.`nb_slug` WHERE id = '294' and module='category'

2023-06-29 22:06:08 - MySQLi Query Error: MySQL server has gone away

SELECT slug FROM `thbvietnam_1s`.`nb_slug` WHERE id = '312' and module='category'

2023-06-29 22:06:08 - MySQLi Query Error: MySQL server has gone away

SELECT slug FROM `thbvietnam_1s`.`nb_slug` WHERE id = '539' and module='category'

2023-06-29 22:06:08 - MySQLi Query Error: MySQL server has gone away

SELECT slug FROM `thbvietnam_1s`.`nb_slug` WHERE id = '315' and module='category'

2023-06-29 22:06:08 - MySQLi Query Error: MySQL server has gone away

SELECT slug FROM `thbvietnam_1s`.`nb_slug` WHERE id = '545' and module='category'

2023-06-29 22:06:08 - MySQLi Query Error: MySQL server has gone away

SELECT slug FROM `thbvietnam_1s`.`nb_slug` WHERE id = '295' and module='category'

2023-06-29 22:06:08 - MySQLi Query Error: MySQL server has gone away

SELECT slug FROM `thbvietnam_1s`.`nb_slug` WHERE id = '318' and module='category'

2023-06-29 22:06:08 - MySQLi Query Error: MySQL server has gone away

SELECT slug FROM `thbvietnam_1s`.`nb_slug` WHERE id = '298' and module='category'

2023-06-29 22:06:08 - MySQLi Query Error: MySQL server has gone away

SELECT slug FROM `thbvietnam_1s`.`nb_slug` WHERE id = '304' and module='category'

2023-06-29 22:06:08 - MySQLi Query Error: MySQL server has gone away

SELECT slug FROM `thbvietnam_1s`.`nb_slug` WHERE id = '302' and module='category'

2023-06-29 22:06:08 - MySQLi Query Error: MySQL server has gone away

SELECT slug FROM `thbvietnam_1s`.`nb_slug` WHERE id = '573' and module='category'

2023-06-29 22:06:08 - MySQLi Query Error: MySQL server has gone away

SELECT slug FROM `thbvietnam_1s`.`nb_slug` WHERE id = '317' and module='category'

2023-06-29 22:06:08 - MySQLi Query Error: MySQL server has gone away

SELECT slug FROM `thbvietnam_1s`.`nb_slug` WHERE id = '297' and module='category'

2023-06-29 22:06:08 - MySQLi Query Error: MySQL server has gone away

SELECT slug FROM `thbvietnam_1s`.`nb_slug` WHERE id = '303' and module='category'

2023-06-29 22:06:08 - MySQLi Query Error: MySQL server has gone away

SELECT slug FROM `thbvietnam_1s`.`nb_slug` WHERE id = '525' and module='category'

2023-06-29 22:06:08 - MySQLi Query Error: MySQL server has gone away

SELECT slug FROM `thbvietnam_1s`.`nb_slug` WHERE id = '528' and module='category'

2023-06-29 22:06:08 - MySQLi Query Error: MySQL server has gone away

SELECT slug FROM `thbvietnam_1s`.`nb_slug` WHERE id = '550' and module='category'

2023-06-29 22:06:08 - MySQLi Query Error: MySQL server has gone away

SELECT slug FROM `thbvietnam_1s`.`nb_slug` WHERE id = '526' and module='category'

2023-06-29 22:06:08 - MySQLi Query Error: MySQL server has gone away

SELECT slug FROM `thbvietnam_1s`.`nb_slug` WHERE id = '529' and module='category'

2023-06-29 22:06:08 - MySQLi Query Error: MySQL server has gone away

SELECT slug FROM `thbvietnam_1s`.`nb_slug` WHERE id = '538' and module='category'

2023-06-29 22:06:08 - MySQLi Query Error: MySQL server has gone away

SELECT slug FROM `thbvietnam_1s`.`nb_slug` WHERE id = '527' and module='category'

2023-06-29 22:06:08 - MySQLi Query Error: MySQL server has gone away

SELECT slug FROM `thbvietnam_1s`.`nb_slug` WHERE id = '301' and module='category'

2023-06-29 22:06:08 - MySQLi Query Error: MySQL server has gone away

SELECT slug FROM `thbvietnam_1s`.`nb_slug` WHERE id = '330' and module='category'

2023-06-29 22:06:08 - MySQLi Query Error: MySQL server has gone away

SELECT slug FROM `thbvietnam_1s`.`nb_slug` WHERE id = '333' and module='category'

2023-06-29 22:06:08 - MySQLi Query Error: MySQL server has gone away

SELECT slug FROM `thbvietnam_1s`.`nb_slug` WHERE id = '547' and module='category'

2023-06-29 22:06:08 - MySQLi Query Error: MySQL server has gone away

SELECT slug FROM `thbvietnam_1s`.`nb_slug` WHERE id = '328' and module='category'

2023-06-29 22:06:08 - MySQLi Query Error: MySQL server has gone away

SELECT slug FROM `thbvietnam_1s`.`nb_slug` WHERE id = '331' and module='category'

2023-06-29 22:06:08 - MySQLi Query Error: MySQL server has gone away

SELECT slug FROM `thbvietnam_1s`.`nb_slug` WHERE id = '334' and module='category'

2023-06-29 22:06:08 - MySQLi Query Error: MySQL server has gone away

SELECT slug FROM `thbvietnam_1s`.`nb_slug` WHERE id = '337' and module='category'

2023-06-29 22:06:08 - MySQLi Query Error: MySQL server has gone away

SELECT slug FROM `thbvietnam_1s`.`nb_slug` WHERE id = '329' and module='category'

2023-06-29 22:06:08 - MySQLi Query Error: MySQL server has gone away

SELECT slug FROM `thbvietnam_1s`.`nb_slug` WHERE id = '332' and module='category'

2023-06-29 22:06:08 - MySQLi Query Error: MySQL server has gone away

SELECT slug FROM `thbvietnam_1s`.`nb_slug` WHERE id = '335' and module='category'

2023-06-29 22:06:08 - MySQLi Query Error: MySQL server has gone away

SELECT slug FROM `thbvietnam_1s`.`nb_slug` WHERE id = '339' and module='category'

2023-06-29 22:06:08 - MySQLi Query Error: MySQL server has gone away

SELECT slug FROM `thbvietnam_1s`.`nb_slug` WHERE id = '307' and module='category'

2023-06-29 22:06:08 - MySQLi Query Error: MySQL server has gone away

SELECT slug FROM `thbvietnam_1s`.`nb_slug` WHERE id = '310' and module='category'

2023-06-29 22:06:08 - MySQLi Query Error: MySQL server has gone away

SELECT slug FROM `thbvietnam_1s`.`nb_slug` WHERE id = '313' and module='category'

2023-06-29 22:06:08 - MySQLi Query Error: MySQL server has gone away

SELECT slug FROM `thbvietnam_1s`.`nb_slug` WHERE id = '296' and module='category'

2023-06-29 22:06:08 - MySQLi Query Error: MySQL server has gone away

SELECT slug FROM `thbvietnam_1s`.`nb_slug` WHERE id = '321' and module='category'

2023-06-29 22:06:08 - MySQLi Query Error: MySQL server has gone away

SELECT slug FROM `thbvietnam_1s`.`nb_slug` WHERE id = '336' and module='category'

2023-06-29 22:06:08 - MySQLi Query Error: MySQL server has gone away

SELECT slug FROM `thbvietnam_1s`.`nb_slug` WHERE id = '305' and module='category'

2023-06-29 22:06:08 - MySQLi Query Error: MySQL server has gone away

SELECT slug FROM `thbvietnam_1s`.`nb_slug` WHERE id = '306' and module='category'

2023-06-29 22:06:08 - MySQLi Query Error: MySQL server has gone away

SELECT slug FROM `thbvietnam_1s`.`nb_slug` WHERE id = '500' and module='category'

2023-06-29 22:06:08 - MySQLi Query Error: MySQL server has gone away

SELECT slug FROM `thbvietnam_1s`.`nb_slug` WHERE id = '341' and module='category'

2023-06-29 22:06:08 - MySQLi Query Error: MySQL server has gone away

SELECT slug FROM `thbvietnam_1s`.`nb_slug` WHERE id = '308' and module='category'

2023-06-29 22:06:08 - MySQLi Query Error: MySQL server has gone away

SELECT slug FROM `thbvietnam_1s`.`nb_slug` WHERE id = '311' and module='category'

2023-06-29 22:06:08 - MySQLi Query Error: MySQL server has gone away

SELECT slug FROM `thbvietnam_1s`.`nb_slug` WHERE id = '314' and module='category'

2023-06-29 22:06:08 - MySQLi Query Error: MySQL server has gone away

SELECT slug FROM `thbvietnam_1s`.`nb_slug` WHERE id = '544' and module='category'

2023-06-29 22:06:08 - MySQLi Query Error: MySQL server has gone away

SELECT slug FROM `thbvietnam_1s`.`nb_slug` WHERE id = '548' and module='category'

2023-06-29 22:06:08 - MySQLi Query Error: MySQL server has gone away

SELECT slug FROM `thbvietnam_1s`.`nb_slug` WHERE id = '338' and module='category'

2023-06-29 22:06:08 - MySQLi Query Error: MySQL server has gone away

SELECT slug FROM `thbvietnam_1s`.`nb_slug` WHERE id = '309' and module='category'

2023-06-29 22:06:08 - MySQLi Query Error: MySQL server has gone away

SELECT slug FROM `thbvietnam_1s`.`nb_slug` WHERE id = '394' and module='category'

2023-06-29 22:06:08 - MySQLi Query Error: MySQL server has gone away

SELECT slug FROM `thbvietnam_1s`.`nb_slug` WHERE id = '438' and module='category'

2023-06-29 22:06:08 - MySQLi Query Error: MySQL server has gone away

SELECT slug FROM `thbvietnam_1s`.`nb_slug` WHERE id = '443' and module='category'

2023-06-29 22:06:08 - MySQLi Query Error: MySQL server has gone away

SELECT slug FROM `thbvietnam_1s`.`nb_slug` WHERE id = '441' and module='category'

2023-06-29 22:06:08 - MySQLi Query Error: MySQL server has gone away

SELECT slug FROM `thbvietnam_1s`.`nb_slug` WHERE id = '444' and module='category'

2023-06-29 22:06:08 - MySQLi Query Error: MySQL server has gone away

SELECT slug FROM `thbvietnam_1s`.`nb_slug` WHERE id = '439' and module='category'

2023-06-29 22:06:08 - MySQLi Query Error: MySQL server has gone away

SELECT slug FROM `thbvietnam_1s`.`nb_slug` WHERE id = '442' and module='category'

2023-06-29 22:06:08 - MySQLi Query Error: MySQL server has gone away

SELECT slug FROM `thbvietnam_1s`.`nb_slug` WHERE id = '445' and module='category'

2023-06-29 22:06:08 - MySQLi Query Error: MySQL server has gone away

SELECT slug FROM `thbvietnam_1s`.`nb_slug` WHERE id = '440' and module='category'

2023-06-29 22:06:08 - MySQLi Query Error: MySQL server has gone away

SELECT slug FROM `thbvietnam_1s`.`nb_slug` WHERE id = '447' and module='category'

2023-06-29 22:06:08 - MySQLi Query Error: MySQL server has gone away

SELECT slug FROM `thbvietnam_1s`.`nb_slug` WHERE id = '449' and module='category'

2023-06-29 22:06:08 - MySQLi Query Error: MySQL server has gone away

SELECT slug FROM `thbvietnam_1s`.`nb_slug` WHERE id = '452' and module='category'

2023-06-29 22:06:08 - MySQLi Query Error: MySQL server has gone away

SELECT slug FROM `thbvietnam_1s`.`nb_slug` WHERE id = '448' and module='category'

2023-06-29 22:06:08 - MySQLi Query Error: MySQL server has gone away

SELECT slug FROM `thbvietnam_1s`.`nb_slug` WHERE id = '425' and module='category'

2023-06-29 22:06:08 - MySQLi Query Error: MySQL server has gone away

SELECT slug FROM `thbvietnam_1s`.`nb_slug` WHERE id = '426' and module='category'

2023-06-29 22:06:08 - MySQLi Query Error: MySQL server has gone away

SELECT slug FROM `thbvietnam_1s`.`nb_slug` WHERE id = '427' and module='category'

2023-06-29 22:06:08 - MySQLi Query Error: MySQL server has gone away

SELECT slug FROM `thbvietnam_1s`.`nb_slug` WHERE id = '428' and module='category'

2023-06-29 22:06:08 - MySQLi Query Error: MySQL server has gone away

SELECT slug FROM `thbvietnam_1s`.`nb_slug` WHERE id = '434' and module='category'

2023-06-29 22:06:08 - MySQLi Query Error: MySQL server has gone away

SELECT slug FROM `thbvietnam_1s`.`nb_slug` WHERE id = '435' and module='category'

2023-06-29 22:06:08 - MySQLi Query Error: MySQL server has gone away

SELECT slug FROM `thbvietnam_1s`.`nb_slug` WHERE id = '436' and module='category'

2023-06-29 22:06:08 - MySQLi Query Error: MySQL server has gone away

SELECT slug FROM `thbvietnam_1s`.`nb_slug` WHERE id = '437' and module='category'

2023-06-29 22:06:08 - MySQLi Query Error: MySQL server has gone away

SELECT slug FROM `thbvietnam_1s`.`nb_slug` WHERE id = '342' and module='category'

2023-06-29 22:06:08 - MySQLi Query Error: MySQL server has gone away

SELECT slug FROM `thbvietnam_1s`.`nb_slug` WHERE id = '542' and module='category'

2023-06-29 22:06:08 - MySQLi Query Error: MySQL server has gone away

SELECT slug FROM `thbvietnam_1s`.`nb_slug` WHERE id = '357' and module='category'

2023-06-29 22:06:08 - MySQLi Query Error: MySQL server has gone away

SELECT SUM(goods_number) AS number, SUM(goods_price * goods_number) AS amount FROM `thbvietnam_1s`.`nb_cart` WHERE session_id = '25dff77c093fe48c667fb0ca91b4b8fb' AND rec_type = '0'

2023-06-29 22:06:08 - MySQLi Query Error: MySQL server has gone away

UPDATE `thbvietnam_1s`.`nb_sessions` SET expiry = '1688051168', ip = '118.71.137.235', userid = '0', adminid = '0', user_name='0', user_rank='0', discount='1', email='0', data = 'a:3:{s:7:\"from_ad\";i:0;s:7:\"referer\";s:11:\"Trang chủ\";s:10:\"login_fail\";i:0;}' WHERE sesskey = '25dff77c093fe48c667fb0ca91b4b8fb' LIMIT 1

2023-06-29 22:06:08 - MySQLi Query Error: MySQL server has gone away

DELETE FROM `thbvietnam_1s`.`nb_sessions_data` WHERE expiry < 1688049368

2023-06-29 22:06:08 - MySQLi Query Error: MySQL server has gone away

DELETE FROM `thbvietnam_1s`.`nb_sessions` WHERE expiry < 1688049368

2023-06-29 22:06:08 - MySQLi Query Error: MySQL server has gone away

SELECT slug FROM `thbvietnam_1s`.`nb_slug` WHERE id = '360' and module='category'

2023-06-29 22:06:08 - MySQLi Query Error: MySQL server has gone away

SELECT slug FROM `thbvietnam_1s`.`nb_slug` WHERE id = '363' and module='category'

2023-06-29 22:06:08 - MySQLi Query Error: MySQL server has gone away

SELECT slug FROM `thbvietnam_1s`.`nb_slug` WHERE id = '343' and module='category'

2023-06-29 22:06:08 - MySQLi Query Error: MySQL server has gone away

SELECT slug FROM `thbvietnam_1s`.`nb_slug` WHERE id = '348' and module='category'

2023-06-29 22:06:08 - MySQLi Query Error: MySQL server has gone away

SELECT slug FROM `thbvietnam_1s`.`nb_slug` WHERE id = '351' and module='category'

2023-06-29 22:06:08 - MySQLi Query Error: MySQL server has gone away

SELECT slug FROM `thbvietnam_1s`.`nb_slug` WHERE id = '366' and module='category'

2023-06-29 22:06:08 - MySQLi Query Error: MySQL server has gone away

SELECT slug FROM `thbvietnam_1s`.`nb_slug` WHERE id = '349' and module='category'

2023-06-29 22:06:08 - MySQLi Query Error: MySQL server has gone away

SELECT slug FROM `thbvietnam_1s`.`nb_slug` WHERE id = '364' and module='category'

2023-06-29 22:06:08 - MySQLi Query Error: MySQL server has gone away

SELECT slug FROM `thbvietnam_1s`.`nb_slug` WHERE id = '367' and module='category'

2023-06-29 22:06:08 - MySQLi Query Error: MySQL server has gone away

SELECT slug FROM `thbvietnam_1s`.`nb_slug` WHERE id = '350' and module='category'

2023-06-29 22:06:08 - MySQLi Query Error: MySQL server has gone away

SELECT slug FROM `thbvietnam_1s`.`nb_slug` WHERE id = '365' and module='category'

2023-06-29 22:06:08 - MySQLi Query Error: MySQL server has gone away

SELECT slug FROM `thbvietnam_1s`.`nb_slug` WHERE id = '368' and module='category'

2023-06-29 22:06:08 - MySQLi Query Error: MySQL server has gone away

SELECT slug FROM `thbvietnam_1s`.`nb_slug` WHERE id = '346' and module='category'

2023-06-29 22:06:08 - MySQLi Query Error: MySQL server has gone away

SELECT slug FROM `thbvietnam_1s`.`nb_slug` WHERE id = '355' and module='category'

2023-06-29 22:06:08 - MySQLi Query Error: MySQL server has gone away

SELECT slug FROM `thbvietnam_1s`.`nb_slug` WHERE id = '358' and module='category'

2023-06-29 22:06:08 - MySQLi Query Error: MySQL server has gone away

SELECT slug FROM `thbvietnam_1s`.`nb_slug` WHERE id = '361' and module='category'

2023-06-29 22:06:08 - MySQLi Query Error: MySQL server has gone away

SELECT slug FROM `thbvietnam_1s`.`nb_slug` WHERE id = '344' and module='category'

2023-06-29 22:06:08 - MySQLi Query Error: MySQL server has gone away

SELECT slug FROM `thbvietnam_1s`.`nb_slug` WHERE id = '354' and module='category'

2023-06-29 22:06:08 - MySQLi Query Error: MySQL server has gone away

SELECT slug FROM `thbvietnam_1s`.`nb_slug` WHERE id = '369' and module='category'

2023-06-29 22:06:08 - MySQLi Query Error: MySQL server has gone away

SELECT slug FROM `thbvietnam_1s`.`nb_slug` WHERE id = '352' and module='category'

2023-06-29 22:06:08 - MySQLi Query Error: MySQL server has gone away

SELECT slug FROM `thbvietnam_1s`.`nb_slug` WHERE id = '370' and module='category'

2023-06-29 22:06:08 - MySQLi Query Error: MySQL server has gone away

SELECT slug FROM `thbvietnam_1s`.`nb_slug` WHERE id = '353' and module='category'

2023-06-29 22:06:08 - MySQLi Query Error: MySQL server has gone away

SELECT slug FROM `thbvietnam_1s`.`nb_slug` WHERE id = '371' and module='category'

2023-06-29 22:06:08 - MySQLi Query Error: MySQL server has gone away

SELECT slug FROM `thbvietnam_1s`.`nb_slug` WHERE id = '347' and module='category'

2023-06-29 22:06:08 - MySQLi Query Error: MySQL server has gone away

SELECT slug FROM `thbvietnam_1s`.`nb_slug` WHERE id = '378' and module='category'

2023-06-29 22:06:08 - MySQLi Query Error: MySQL server has gone away

SELECT slug FROM `thbvietnam_1s`.`nb_slug` WHERE id = '376' and module='category'

2023-06-29 22:06:08 - MySQLi Query Error: MySQL server has gone away

SELECT slug FROM `thbvietnam_1s`.`nb_slug` WHERE id = '379' and module='category'

2023-06-29 22:06:08 - MySQLi Query Error: MySQL server has gone away

SELECT slug FROM `thbvietnam_1s`.`nb_slug` WHERE id = '377' and module='category'

2023-06-29 22:06:08 - MySQLi Query Error: MySQL server has gone away

SELECT slug FROM `thbvietnam_1s`.`nb_slug` WHERE id = '356' and module='category'

2023-06-29 22:06:08 - MySQLi Query Error: MySQL server has gone away

SELECT slug FROM `thbvietnam_1s`.`nb_slug` WHERE id = '359' and module='category'

2023-06-29 22:06:08 - MySQLi Query Error: MySQL server has gone away

SELECT slug FROM `thbvietnam_1s`.`nb_slug` WHERE id = '362' and module='category'

2023-06-29 22:06:08 - MySQLi Query Error: MySQL server has gone away

SELECT slug FROM `thbvietnam_1s`.`nb_slug` WHERE id = '345' and module='category'

2023-06-29 22:06:08 - MySQLi Query Error: MySQL server has gone away

SELECT slug FROM `thbvietnam_1s`.`nb_slug` WHERE id = '372' and module='category'

2023-06-29 22:06:08 - MySQLi Query Error: MySQL server has gone away

SELECT slug FROM `thbvietnam_1s`.`nb_slug` WHERE id = '375' and module='category'

2023-06-29 22:06:08 - MySQLi Query Error: MySQL server has gone away

SELECT slug FROM `thbvietnam_1s`.`nb_slug` WHERE id = '373' and module='category'

2023-06-29 22:06:08 - MySQLi Query Error: MySQL server has gone away

SELECT slug FROM `thbvietnam_1s`.`nb_slug` WHERE id = '374' and module='category'

2023-06-29 22:06:08 - MySQLi Query Error: MySQL server has gone away

SELECT g.goods_id, g.goods_name, RAND() AS rnd, g.goods_thumb, g.goods_img, g.shop_price AS org_price, IFNULL(mp.user_price, g.shop_price * '1') AS shop_price, g.market_price, g.promote_price, g.promote_start_date, g.promote_end_date FROM `thbvietnam_1s`.`nb_goods` g LEFT JOIN `thbvietnam_1s`.`nb_member_price` AS mp ON mp.goods_id = g.goods_id AND mp.user_rank = '0' WHERE g.goods_id <>  AND shop_price >  0 AND shop_price < 0 AND g.cat_id  IN ('','588','316','591','590','595','589','602','608','642','660','662','670','592','606','621','624','634','637','607','632','611','613','622','612','579','580','584','581','585','320','543','319','587','549','582','583','669','674','300','299','650','659','327','704','324','643','649','658','326','644','603','604','623','631','635','633','636','609','638','698','707','699','702','705','708','706','574','577','575','576','718','720','721','719','722','723','726','729','724','727','725','728','380','381','682','680','681','382','685','683','684','709','383','386','389','552','392','572','540','384','387','390','385','388','551','391','558','498','395','605','483','501','453','493','494','689','687','502','701','700','703','484','487','490','710','485','488','491','486','489','492','507','510','508','509','478','499','505','479','481','482','480','497','506','541','457','458','459','460','495','530','446','531','534','532','535','533','571','504','393','511','400','401','402','399','405','512','397','398','396','404','653','654','408','655','656','407','403','675','679','677','678','409','692','695','690','693','691','694','688','696','697','412','411','406','410','593','597','600','601','599','598','596','594','639','640','641','615','616','618','666','619','667','668','645','617','626','455','496','711','714','717','712','715','713','716','456','503','454','627','450','451','628','513','429','430','433','431','432','514','515','516','522','523','524','517','519','537','520','518','521','536','553','559','560','561','569','567','570','554','555','556','568','646','648','661','663','664','665','671','673','672','647','413','414','417','420','423','461','464','467','470','462','465','468','471','463','466','469','415','418','421','424','416','419','422','472','475','473','476','474','477','294','312','539','315','545','295','318','298','304','302','573','317','297','303','525','528','550','526','529','538','527','301','330','333','547','328','331','334','337','329','332','335','339','307','310','313','296','321','336','305','306','500','341','308','311','314','544','548','338','309','394','438','443','441','444','439','442','445','440','447','449','452','448','425','426','427','428','434','435','436','437','342','542','357','360','363','343','348','351','366','349','364','367','350','365','368','346','355','358','361','344','354','369','352','370','353','371','347','378','376','379','377','356','359','362','345','372','375','373','374')  AND g.is_on_sale = 1 AND g.is_alone_sale = 1 AND g.is_delete = 0  ORDER BY rnd LIMIT 10

2023-06-29 22:06:08 - MySQLi Query Error: MySQL server has gone away

SELECT id, number, type FROM `thbvietnam_1s`.`nb_template` WHERE filename = 'goods' AND type > 0 AND remarks ='' AND theme='bkcare2017'

2023-06-29 22:06:08 - MySQLi Query Error: MySQL server has gone away

UPDATE `thbvietnam_1s`.`nb_goods` SET click_count = click_count + 1 WHERE goods_id = '2825'

2023-06-29 22:06:08 - MySQLi Query Error: MySQL server has gone away

SELECT COUNT(*) FROM `thbvietnam_1s`.`nb_comment` WHERE id_value = '2825' AND comment_type = '0' AND status = 1 AND parent_id = 0

2023-06-29 22:06:08 - MySQLi Query Error: MySQL server has gone away

SELECT * FROM `thbvietnam_1s`.`nb_nav`
		WHERE ifshow = "1" AND type = "top" ORDER BY vieworder

2023-06-29 22:06:08 - MySQLi Query Error: MySQL server has gone away

SELECT count(*) FROM `thbvietnam_1s`.`nb_category` WHERE parent_id = '0' AND is_show = 1 

2023-06-29 22:06:08 - MySQLi Query Error: MySQL server has gone away

SELECT cat_id,cat_name, icon, custom_name, class, parent_id,is_show FROM `thbvietnam_1s`.`nb_category`WHERE parent_id = '0' AND is_show = 1 ORDER BY sort_order ASC, cat_id ASC

2023-06-29 22:06:08 - MySQLi Query Error: MySQL server has gone away

SELECT * FROM `thbvietnam_1s`.`nb_nav`
		WHERE ifshow = "1" AND type = "middle" ORDER BY vieworder

2023-06-29 22:06:08 - MySQLi Query Error: MySQL server has gone away

SELECT COUNT(*) FROM `thbvietnam_1s`.`nb_comment` WHERE id_value = '2825' AND comment_type = '0' AND status = 1 AND parent_id = 0

2023-06-29 22:06:08 - MySQLi Query Error: MySQL server has gone away

SELECT COUNT(*) FROM `thbvietnam_1s`.`nb_comment` WHERE id_value = '2825' AND comment_type = '0' AND status = 1 AND parent_id = 0

2023-06-29 22:06:08 - MySQLi Query Error: MySQL server has gone away

SELECT SUM(goods_number) AS number, SUM(goods_price * goods_number) AS amount FROM `thbvietnam_1s`.`nb_cart` WHERE session_id = '9fa14213341735bb51495884d6963c4c' AND rec_type = '0'

2023-06-29 22:06:08 - MySQLi Query Error: MySQL server has gone away

SELECT COUNT(*) FROM `thbvietnam_1s`.`nb_comment` WHERE id_value = '2825' AND comment_type = '0' AND status = 1 AND parent_id = 0

2023-06-29 22:06:08 - MySQLi Query Error: MySQL server has gone away

SELECT * FROM `thbvietnam_1s`.`nb_comment` WHERE id_value = '2825' AND comment_type = '0' AND status = 1 AND parent_id = 0 ORDER BY comment_id DESC LIMIT 30

2023-06-29 22:06:08 - MySQLi Query Error: MySQL server has gone away

UPDATE `thbvietnam_1s`.`nb_sessions` SET expiry = '1688051168', ip = '1.52.41.192', userid = '0', adminid = '0', user_name='0', user_rank='0', discount='1', email='0', data = 'a:5:{s:7:\"from_ad\";i:0;s:7:\"referer\";s:11:\"Trang chủ\";s:10:\"login_fail\";i:0;s:9:\"send_time\";i:1688025950;s:14:\"display_search\";s:4:\"grid\";}' WHERE sesskey = '9fa14213341735bb51495884d6963c4c' LIMIT 1

2023-06-29 22:06:08 - MySQLi Query Error: MySQL server has gone away

DELETE FROM `thbvietnam_1s`.`nb_sessions_data` WHERE expiry < 1688049368

2023-06-29 22:06:08 - MySQLi Query Error: MySQL server has gone away

DELETE FROM `thbvietnam_1s`.`nb_sessions` WHERE expiry < 1688049368

2023-06-29 22:06:08 - MySQLi Query Error: MySQL server has gone away

