SELECT COUNT(*) as goods_num FROM `thbvietnam_1s`.`nb_goods` AS g WHERE (g.cat_id  IN ('396')  OR g.goods_id IN ('') ) AND g.is_delete = 0 AND g.is_on_sale = 1 AND g.is_alone_sale = 1 AND g.shop_price >= 15000000 AND g.shop_price < 

2023-07-17 08:53:44 - MySQLi Query Error: You have an error in your SQL syntax; check the manual that corresponds to your MySQL server version for the right syntax to use near '' at line 1

SELECT COUNT(*) as goods_num FROM `thbvietnam_1s`.`nb_goods` AS g WHERE (g.cat_id  IN ('396')  OR g.goods_id IN ('') ) AND g.is_delete = 0 AND g.is_on_sale = 1 AND g.is_alone_sale = 1 AND g.shop_price >=  AND g.shop_price < 9223372036854775807

2023-07-17 08:53:44 - MySQLi Query Error: You have an error in your SQL syntax; check the manual that corresponds to your MySQL server version for the right syntax to use near 'AND g.shop_price < 9223372036854775807' at line 1

INSERT INTO `thbvietnam_1s`.`nb_sessions` (sesskey, expiry, ip, data) VALUES ('0173f9921cb5305f2739a31d240991a6', '1689575426', '222.252.27.203', 'a:0:{}')

2023-07-17 13:30:26 - MySQLi Query Error: Duplicate entry '0173f9921cb5305f2739a31d240991a6' for key 'PRIMARY'

SELECT COUNT(*) as goods_num FROM `thbvietnam_1s`.`nb_goods` AS g WHERE (g.cat_id  IN ('396')  OR g.goods_id IN ('') ) AND g.is_delete = 0 AND g.is_on_sale = 1 AND g.is_alone_sale = 1 AND g.shop_price >= 15000000 AND g.shop_price < 

2023-07-17 15:07:50 - MySQLi Query Error: You have an error in your SQL syntax; check the manual that corresponds to your MySQL server version for the right syntax to use near '' at line 1

SELECT COUNT(*) as goods_num FROM `thbvietnam_1s`.`nb_goods` AS g WHERE (g.cat_id  IN ('396')  OR g.goods_id IN ('') ) AND g.is_delete = 0 AND g.is_on_sale = 1 AND g.is_alone_sale = 1 AND g.shop_price >=  AND g.shop_price < 9223372036854775807

2023-07-17 15:07:50 - MySQLi Query Error: You have an error in your SQL syntax; check the manual that corresponds to your MySQL server version for the right syntax to use near 'AND g.shop_price < 9223372036854775807' at line 1

SELECT COUNT(*) as goods_num FROM `thbvietnam_1s`.`nb_goods` AS g WHERE (g.cat_id  IN ('396')  OR g.goods_id IN ('') ) AND g.is_delete = 0 AND g.is_on_sale = 1 AND g.is_alone_sale = 1 AND g.shop_price >= 15000000 AND g.shop_price < 

2023-07-17 15:10:01 - MySQLi Query Error: You have an error in your SQL syntax; check the manual that corresponds to your MySQL server version for the right syntax to use near '' at line 1

SELECT COUNT(*) as goods_num FROM `thbvietnam_1s`.`nb_goods` AS g WHERE (g.cat_id  IN ('396')  OR g.goods_id IN ('') ) AND g.is_delete = 0 AND g.is_on_sale = 1 AND g.is_alone_sale = 1 AND g.shop_price >=  AND g.shop_price < 9223372036854775807

2023-07-17 15:10:01 - MySQLi Query Error: You have an error in your SQL syntax; check the manual that corresponds to your MySQL server version for the right syntax to use near 'AND g.shop_price < 9223372036854775807' at line 1

SELECT COUNT(*) as goods_num FROM `thbvietnam_1s`.`nb_goods` AS g WHERE (g.cat_id  IN ('396')  OR g.goods_id IN ('') ) AND g.is_delete = 0 AND g.is_on_sale = 1 AND g.is_alone_sale = 1 AND g.shop_price >= 15000000 AND g.shop_price < 

2023-07-17 15:12:00 - MySQLi Query Error: You have an error in your SQL syntax; check the manual that corresponds to your MySQL server version for the right syntax to use near '' at line 1

SELECT COUNT(*) as goods_num FROM `thbvietnam_1s`.`nb_goods` AS g WHERE (g.cat_id  IN ('396')  OR g.goods_id IN ('') ) AND g.is_delete = 0 AND g.is_on_sale = 1 AND g.is_alone_sale = 1 AND g.shop_price >=  AND g.shop_price < 9223372036854775807

2023-07-17 15:12:00 - MySQLi Query Error: You have an error in your SQL syntax; check the manual that corresponds to your MySQL server version for the right syntax to use near 'AND g.shop_price < 9223372036854775807' at line 1

SELECT COUNT(*) as goods_num FROM `thbvietnam_1s`.`nb_goods` AS g WHERE (g.cat_id  IN ('396')  OR g.goods_id IN ('') ) AND g.is_delete = 0 AND g.is_on_sale = 1 AND g.is_alone_sale = 1 AND g.shop_price >= 15000000 AND g.shop_price < 

2023-07-17 15:12:01 - MySQLi Query Error: You have an error in your SQL syntax; check the manual that corresponds to your MySQL server version for the right syntax to use near '' at line 1

SELECT COUNT(*) as goods_num FROM `thbvietnam_1s`.`nb_goods` AS g WHERE (g.cat_id  IN ('396')  OR g.goods_id IN ('') ) AND g.is_delete = 0 AND g.is_on_sale = 1 AND g.is_alone_sale = 1 AND g.shop_price >=  AND g.shop_price < 9223372036854775807

2023-07-17 15:12:01 - MySQLi Query Error: You have an error in your SQL syntax; check the manual that corresponds to your MySQL server version for the right syntax to use near 'AND g.shop_price < 9223372036854775807' at line 1

SELECT COUNT(*) as goods_num FROM `thbvietnam_1s`.`nb_goods` AS g WHERE (g.cat_id  IN ('396')  OR g.goods_id IN ('') ) AND g.is_delete = 0 AND g.is_on_sale = 1 AND g.is_alone_sale = 1 AND g.shop_price >= 15000000 AND g.shop_price < 

2023-07-17 15:14:36 - MySQLi Query Error: You have an error in your SQL syntax; check the manual that corresponds to your MySQL server version for the right syntax to use near '' at line 1

SELECT COUNT(*) as goods_num FROM `thbvietnam_1s`.`nb_goods` AS g WHERE (g.cat_id  IN ('396')  OR g.goods_id IN ('') ) AND g.is_delete = 0 AND g.is_on_sale = 1 AND g.is_alone_sale = 1 AND g.shop_price >=  AND g.shop_price < 9223372036854775807

2023-07-17 15:14:36 - MySQLi Query Error: You have an error in your SQL syntax; check the manual that corresponds to your MySQL server version for the right syntax to use near 'AND g.shop_price < 9223372036854775807' at line 1

SELECT COUNT(*) as goods_num FROM `thbvietnam_1s`.`nb_goods` AS g WHERE (g.cat_id  IN ('396')  OR g.goods_id IN ('') ) AND g.is_delete = 0 AND g.is_on_sale = 1 AND g.is_alone_sale = 1 AND g.shop_price >= 15000000 AND g.shop_price < 

2023-07-17 15:22:18 - MySQLi Query Error: You have an error in your SQL syntax; check the manual that corresponds to your MySQL server version for the right syntax to use near '' at line 1

SELECT COUNT(*) as goods_num FROM `thbvietnam_1s`.`nb_goods` AS g WHERE (g.cat_id  IN ('396')  OR g.goods_id IN ('') ) AND g.is_delete = 0 AND g.is_on_sale = 1 AND g.is_alone_sale = 1 AND g.shop_price >=  AND g.shop_price < 9223372036854775807

2023-07-17 15:22:18 - MySQLi Query Error: You have an error in your SQL syntax; check the manual that corresponds to your MySQL server version for the right syntax to use near 'AND g.shop_price < 9223372036854775807' at line 1

INSERT INTO `thbvietnam_1s`.`nb_sessions` (sesskey, expiry, ip, data) VALUES ('7dfbfc7d17ff6bb8ea0765767580c51e', '1689582354', '42.116.242.16', 'a:0:{}')

2023-07-17 15:25:54 - MySQLi Query Error: Duplicate entry '7dfbfc7d17ff6bb8ea0765767580c51e' for key 'PRIMARY'

SELECT COUNT(*) as goods_num FROM `thbvietnam_1s`.`nb_goods` AS g WHERE (g.cat_id  IN ('396')  OR g.goods_id IN ('') ) AND g.is_delete = 0 AND g.is_on_sale = 1 AND g.is_alone_sale = 1 AND g.shop_price >= 15000000 AND g.shop_price < 

2023-07-17 15:29:02 - MySQLi Query Error: You have an error in your SQL syntax; check the manual that corresponds to your MySQL server version for the right syntax to use near '' at line 1

SELECT COUNT(*) as goods_num FROM `thbvietnam_1s`.`nb_goods` AS g WHERE (g.cat_id  IN ('396')  OR g.goods_id IN ('') ) AND g.is_delete = 0 AND g.is_on_sale = 1 AND g.is_alone_sale = 1 AND g.shop_price >=  AND g.shop_price < 9223372036854775807

2023-07-17 15:29:02 - MySQLi Query Error: You have an error in your SQL syntax; check the manual that corresponds to your MySQL server version for the right syntax to use near 'AND g.shop_price < 9223372036854775807' at line 1

SELECT COUNT(*) as goods_num FROM `thbvietnam_1s`.`nb_goods` AS g WHERE (g.cat_id  IN ('396')  OR g.goods_id IN ('') ) AND g.is_delete = 0 AND g.is_on_sale = 1 AND g.is_alone_sale = 1 AND g.shop_price >= 15000000 AND g.shop_price < 

2023-07-17 15:31:11 - MySQLi Query Error: You have an error in your SQL syntax; check the manual that corresponds to your MySQL server version for the right syntax to use near '' at line 1

SELECT COUNT(*) as goods_num FROM `thbvietnam_1s`.`nb_goods` AS g WHERE (g.cat_id  IN ('396')  OR g.goods_id IN ('') ) AND g.is_delete = 0 AND g.is_on_sale = 1 AND g.is_alone_sale = 1 AND g.shop_price >=  AND g.shop_price < 9223372036854775807

2023-07-17 15:31:11 - MySQLi Query Error: You have an error in your SQL syntax; check the manual that corresponds to your MySQL server version for the right syntax to use near 'AND g.shop_price < 9223372036854775807' at line 1

SELECT COUNT(*) as goods_num FROM `thbvietnam_1s`.`nb_goods` AS g WHERE (g.cat_id  IN ('396')  OR g.goods_id IN ('') ) AND g.is_delete = 0 AND g.is_on_sale = 1 AND g.is_alone_sale = 1 AND g.shop_price >= 15000000 AND g.shop_price < 

2023-07-17 15:31:13 - MySQLi Query Error: You have an error in your SQL syntax; check the manual that corresponds to your MySQL server version for the right syntax to use near '' at line 1

SELECT COUNT(*) as goods_num FROM `thbvietnam_1s`.`nb_goods` AS g WHERE (g.cat_id  IN ('396')  OR g.goods_id IN ('') ) AND g.is_delete = 0 AND g.is_on_sale = 1 AND g.is_alone_sale = 1 AND g.shop_price >=  AND g.shop_price < 9223372036854775807

2023-07-17 15:31:13 - MySQLi Query Error: You have an error in your SQL syntax; check the manual that corresponds to your MySQL server version for the right syntax to use near 'AND g.shop_price < 9223372036854775807' at line 1

SELECT COUNT(*) as goods_num FROM `thbvietnam_1s`.`nb_goods` AS g WHERE (g.cat_id  IN ('396')  OR g.goods_id IN ('') ) AND g.is_delete = 0 AND g.is_on_sale = 1 AND g.is_alone_sale = 1 AND g.shop_price >= 15000000 AND g.shop_price < 

2023-07-17 15:37:19 - MySQLi Query Error: You have an error in your SQL syntax; check the manual that corresponds to your MySQL server version for the right syntax to use near '' at line 1

SELECT COUNT(*) as goods_num FROM `thbvietnam_1s`.`nb_goods` AS g WHERE (g.cat_id  IN ('396')  OR g.goods_id IN ('') ) AND g.is_delete = 0 AND g.is_on_sale = 1 AND g.is_alone_sale = 1 AND g.shop_price >=  AND g.shop_price < 9223372036854775807

2023-07-17 15:37:19 - MySQLi Query Error: You have an error in your SQL syntax; check the manual that corresponds to your MySQL server version for the right syntax to use near 'AND g.shop_price < 9223372036854775807' at line 1

SELECT COUNT(*) as goods_num FROM `thbvietnam_1s`.`nb_goods` AS g WHERE (g.cat_id  IN ('396')  OR g.goods_id IN ('') ) AND g.is_delete = 0 AND g.is_on_sale = 1 AND g.is_alone_sale = 1 AND g.shop_price >= 15000000 AND g.shop_price < 

2023-07-17 15:41:33 - MySQLi Query Error: You have an error in your SQL syntax; check the manual that corresponds to your MySQL server version for the right syntax to use near '' at line 1

SELECT COUNT(*) as goods_num FROM `thbvietnam_1s`.`nb_goods` AS g WHERE (g.cat_id  IN ('396')  OR g.goods_id IN ('') ) AND g.is_delete = 0 AND g.is_on_sale = 1 AND g.is_alone_sale = 1 AND g.shop_price >=  AND g.shop_price < 9223372036854775807

2023-07-17 15:41:33 - MySQLi Query Error: You have an error in your SQL syntax; check the manual that corresponds to your MySQL server version for the right syntax to use near 'AND g.shop_price < 9223372036854775807' at line 1

SELECT COUNT(*) as goods_num FROM `thbvietnam_1s`.`nb_goods` AS g WHERE (g.cat_id  IN ('396')  OR g.goods_id IN ('') ) AND g.is_delete = 0 AND g.is_on_sale = 1 AND g.is_alone_sale = 1 AND g.shop_price >= 15000000 AND g.shop_price < 

2023-07-17 15:44:02 - MySQLi Query Error: You have an error in your SQL syntax; check the manual that corresponds to your MySQL server version for the right syntax to use near '' at line 1

SELECT COUNT(*) as goods_num FROM `thbvietnam_1s`.`nb_goods` AS g WHERE (g.cat_id  IN ('396')  OR g.goods_id IN ('') ) AND g.is_delete = 0 AND g.is_on_sale = 1 AND g.is_alone_sale = 1 AND g.shop_price >=  AND g.shop_price < 9223372036854775807

2023-07-17 15:44:02 - MySQLi Query Error: You have an error in your SQL syntax; check the manual that corresponds to your MySQL server version for the right syntax to use near 'AND g.shop_price < 9223372036854775807' at line 1

SELECT COUNT(*) as goods_num FROM `thbvietnam_1s`.`nb_goods` AS g WHERE (g.cat_id  IN ('396')  OR g.goods_id IN ('') ) AND g.is_delete = 0 AND g.is_on_sale = 1 AND g.is_alone_sale = 1 AND g.shop_price >= 15000000 AND g.shop_price < 

2023-07-17 15:44:27 - MySQLi Query Error: You have an error in your SQL syntax; check the manual that corresponds to your MySQL server version for the right syntax to use near '' at line 1

SELECT COUNT(*) as goods_num FROM `thbvietnam_1s`.`nb_goods` AS g WHERE (g.cat_id  IN ('396')  OR g.goods_id IN ('') ) AND g.is_delete = 0 AND g.is_on_sale = 1 AND g.is_alone_sale = 1 AND g.shop_price >=  AND g.shop_price < 9223372036854775807

2023-07-17 15:44:27 - MySQLi Query Error: You have an error in your SQL syntax; check the manual that corresponds to your MySQL server version for the right syntax to use near 'AND g.shop_price < 9223372036854775807' at line 1

SELECT COUNT(*) as goods_num FROM `thbvietnam_1s`.`nb_goods` AS g WHERE (g.cat_id  IN ('396')  OR g.goods_id IN ('') ) AND g.is_delete = 0 AND g.is_on_sale = 1 AND g.is_alone_sale = 1 AND g.shop_price >= 15000000 AND g.shop_price < 

2023-07-17 15:44:38 - MySQLi Query Error: You have an error in your SQL syntax; check the manual that corresponds to your MySQL server version for the right syntax to use near '' at line 1

SELECT COUNT(*) as goods_num FROM `thbvietnam_1s`.`nb_goods` AS g WHERE (g.cat_id  IN ('396')  OR g.goods_id IN ('') ) AND g.is_delete = 0 AND g.is_on_sale = 1 AND g.is_alone_sale = 1 AND g.shop_price >=  AND g.shop_price < 9223372036854775807

2023-07-17 15:44:38 - MySQLi Query Error: You have an error in your SQL syntax; check the manual that corresponds to your MySQL server version for the right syntax to use near 'AND g.shop_price < 9223372036854775807' at line 1

SELECT COUNT(*) as goods_num FROM `thbvietnam_1s`.`nb_goods` AS g WHERE (g.cat_id  IN ('396')  OR g.goods_id IN ('') ) AND g.is_delete = 0 AND g.is_on_sale = 1 AND g.is_alone_sale = 1 AND g.shop_price >= 15000000 AND g.shop_price < 

2023-07-17 15:45:20 - MySQLi Query Error: You have an error in your SQL syntax; check the manual that corresponds to your MySQL server version for the right syntax to use near '' at line 1

SELECT COUNT(*) as goods_num FROM `thbvietnam_1s`.`nb_goods` AS g WHERE (g.cat_id  IN ('396')  OR g.goods_id IN ('') ) AND g.is_delete = 0 AND g.is_on_sale = 1 AND g.is_alone_sale = 1 AND g.shop_price >=  AND g.shop_price < 9223372036854775807

2023-07-17 15:45:20 - MySQLi Query Error: You have an error in your SQL syntax; check the manual that corresponds to your MySQL server version for the right syntax to use near 'AND g.shop_price < 9223372036854775807' at line 1

SELECT COUNT(*) as goods_num FROM `thbvietnam_1s`.`nb_goods` AS g WHERE (g.cat_id  IN ('396')  OR g.goods_id IN ('') ) AND g.is_delete = 0 AND g.is_on_sale = 1 AND g.is_alone_sale = 1 AND g.shop_price >= 15000000 AND g.shop_price < 

2023-07-17 15:47:42 - MySQLi Query Error: You have an error in your SQL syntax; check the manual that corresponds to your MySQL server version for the right syntax to use near '' at line 1

SELECT COUNT(*) as goods_num FROM `thbvietnam_1s`.`nb_goods` AS g WHERE (g.cat_id  IN ('396')  OR g.goods_id IN ('') ) AND g.is_delete = 0 AND g.is_on_sale = 1 AND g.is_alone_sale = 1 AND g.shop_price >=  AND g.shop_price < 9223372036854775807

2023-07-17 15:47:42 - MySQLi Query Error: You have an error in your SQL syntax; check the manual that corresponds to your MySQL server version for the right syntax to use near 'AND g.shop_price < 9223372036854775807' at line 1

SELECT COUNT(*) as goods_num FROM `thbvietnam_1s`.`nb_goods` AS g WHERE (g.cat_id  IN ('396')  OR g.goods_id IN ('') ) AND g.is_delete = 0 AND g.is_on_sale = 1 AND g.is_alone_sale = 1 AND g.shop_price >= 15000000 AND g.shop_price < 

2023-07-17 16:07:25 - MySQLi Query Error: You have an error in your SQL syntax; check the manual that corresponds to your MySQL server version for the right syntax to use near '' at line 1

SELECT COUNT(*) as goods_num FROM `thbvietnam_1s`.`nb_goods` AS g WHERE (g.cat_id  IN ('396')  OR g.goods_id IN ('') ) AND g.is_delete = 0 AND g.is_on_sale = 1 AND g.is_alone_sale = 1 AND g.shop_price >=  AND g.shop_price < 9223372036854775807

2023-07-17 16:07:25 - MySQLi Query Error: You have an error in your SQL syntax; check the manual that corresponds to your MySQL server version for the right syntax to use near 'AND g.shop_price < 9223372036854775807' at line 1

SELECT COUNT(*) as goods_num FROM `thbvietnam_1s`.`nb_goods` AS g WHERE (g.cat_id  IN ('396')  OR g.goods_id IN ('') ) AND g.is_delete = 0 AND g.is_on_sale = 1 AND g.is_alone_sale = 1 AND g.shop_price >= 15000000 AND g.shop_price < 

2023-07-17 16:21:35 - MySQLi Query Error: You have an error in your SQL syntax; check the manual that corresponds to your MySQL server version for the right syntax to use near '' at line 1

SELECT COUNT(*) as goods_num FROM `thbvietnam_1s`.`nb_goods` AS g WHERE (g.cat_id  IN ('396')  OR g.goods_id IN ('') ) AND g.is_delete = 0 AND g.is_on_sale = 1 AND g.is_alone_sale = 1 AND g.shop_price >=  AND g.shop_price < 9223372036854775807

2023-07-17 16:21:35 - MySQLi Query Error: You have an error in your SQL syntax; check the manual that corresponds to your MySQL server version for the right syntax to use near 'AND g.shop_price < 9223372036854775807' at line 1

SELECT COUNT(*) as goods_num FROM `thbvietnam_1s`.`nb_goods` AS g WHERE (g.cat_id  IN ('396')  OR g.goods_id IN ('') ) AND g.is_delete = 0 AND g.is_on_sale = 1 AND g.is_alone_sale = 1 AND g.shop_price >= 15000000 AND g.shop_price < 

2023-07-17 16:47:07 - MySQLi Query Error: You have an error in your SQL syntax; check the manual that corresponds to your MySQL server version for the right syntax to use near '' at line 1

SELECT COUNT(*) as goods_num FROM `thbvietnam_1s`.`nb_goods` AS g WHERE (g.cat_id  IN ('396')  OR g.goods_id IN ('') ) AND g.is_delete = 0 AND g.is_on_sale = 1 AND g.is_alone_sale = 1 AND g.shop_price >=  AND g.shop_price < 9223372036854775807

2023-07-17 16:47:07 - MySQLi Query Error: You have an error in your SQL syntax; check the manual that corresponds to your MySQL server version for the right syntax to use near 'AND g.shop_price < 9223372036854775807' at line 1

SELECT COUNT(*) as goods_num FROM `thbvietnam_1s`.`nb_goods` AS g WHERE (g.cat_id  IN ('396')  OR g.goods_id IN ('') ) AND g.is_delete = 0 AND g.is_on_sale = 1 AND g.is_alone_sale = 1 AND g.shop_price >= 15000000 AND g.shop_price < 

2023-07-17 19:21:34 - MySQLi Query Error: You have an error in your SQL syntax; check the manual that corresponds to your MySQL server version for the right syntax to use near '' at line 1

SELECT COUNT(*) as goods_num FROM `thbvietnam_1s`.`nb_goods` AS g WHERE (g.cat_id  IN ('396')  OR g.goods_id IN ('') ) AND g.is_delete = 0 AND g.is_on_sale = 1 AND g.is_alone_sale = 1 AND g.shop_price >=  AND g.shop_price < 9223372036854775807

2023-07-17 19:21:34 - MySQLi Query Error: You have an error in your SQL syntax; check the manual that corresponds to your MySQL server version for the right syntax to use near 'AND g.shop_price < 9223372036854775807' at line 1

