DELETE FROM `kuqpxtvxhosting_minhngoc1`.`nb_sessions_data` WHERE expiry < 1686622771

2023-06-13 09:49:31 - MySQLi Query Error: Commands out of sync; you can't run this command now

SELECT id, phone, phone_id FROM `kuqpxtvxhosting_minhngoc1`.`nb_catphone` WHERE cat_id = '588'

2023-06-13 15:53:07 - MySQLi Query Error: Unknown column 'phone_id' in 'field list'

SELECT id, phone, phone_id FROM `kuqpxtvxhosting_minhngoc1`.`nb_catphone` WHERE cat_id = '588'

2023-06-13 15:53:22 - MySQLi Query Error: Unknown column 'phone_id' in 'field list'

UPDATE `kuqpxtvxhosting_minhngoc1`.`nb_catphone` SET phone='09810608171', name='Ms Loan', khuvuc='' WHERE phone_id='6'

2023-06-13 16:10:01 - MySQLi Query Error: Unknown column 'khuvuc' in 'field list'

UPDATE `kuqpxtvxhosting_minhngoc1`.`nb_catphone` SET phone='0981060817', name='Ms Loan', khuvuc='' WHERE phone_id='6'

2023-06-13 16:11:09 - MySQLi Query Error: Unknown column 'khuvuc' in 'field list'

UPDATE `kuqpxtvxhosting_minhngoc1`.`nb_goods` SET id=0 WHERE id='6'

2023-06-13 16:16:40 - MySQLi Query Error: Unknown column 'id' in 'where clause'

UPDATE `kuqpxtvxhosting_minhngoc1`.`nb_goods` SET id=0 WHERE id='8'

2023-06-13 16:18:16 - MySQLi Query Error: Unknown column 'id' in 'where clause'

UPDATE `kuqpxtvxhosting_minhngoc1`.`nb_goods` SET id=0 WHERE id='9'

2023-06-13 16:27:43 - MySQLi Query Error: Unknown column 'id' in 'where clause'

UPDATE `kuqpxtvxhosting_minhngoc1`.`nb_goods` SET id=0 WHERE id='7'

2023-06-13 16:30:08 - MySQLi Query Error: Unknown column 'id' in 'where clause'

UPDATE `kuqpxtvxhosting_minhngoc1`.`nb_goods` SET id=0 WHERE id='10'

2023-06-13 16:30:16 - MySQLi Query Error: Unknown column 'id' in 'where clause'

UPDATE `kuqpxtvxhosting_minhngoc1`.`nb_sessions` SET expiry = '1686649995', ip = '113.23.44.106', userid = '0', adminid = '0', user_name='0', user_rank='0', discount='1', email='0', data = 'a:3:{s:7:\"from_ad\";i:0;s:7:\"referer\";s:11:\"Trang chủ\";s:10:\"login_fail\";i:0;}' WHERE sesskey = '795e048024f210093a543d5e4bed8932' LIMIT 1

2023-06-13 16:53:15 - MySQLi Query Error: Commands out of sync; you can't run this command now

DELETE FROM `kuqpxtvxhosting_minhngoc1`.`nb_sessions_data` WHERE expiry < 1686648195

2023-06-13 16:53:15 - MySQLi Query Error: Commands out of sync; you can't run this command now

UPDATE `kuqpxtvxhosting_minhngoc1`.`nb_sessions` SET expiry = '1686650796', ip = '113.23.44.106', userid = '0', adminid = '0', user_name='0', user_rank='0', discount='1', email='0', data = 'a:3:{s:7:\"from_ad\";i:0;s:7:\"referer\";s:11:\"Trang chủ\";s:10:\"login_fail\";i:0;}' WHERE sesskey = '795e048024f210093a543d5e4bed8932' LIMIT 1

2023-06-13 17:06:36 - MySQLi Query Error: Commands out of sync; you can't run this command now

DELETE FROM `kuqpxtvxhosting_minhngoc1`.`nb_sessions` WHERE expiry < 1686648996

2023-06-13 17:06:36 - MySQLi Query Error: Commands out of sync; you can't run this command now

UPDATE `kuqpxtvxhosting_minhngoc1`.`nb_sessions` SET expiry = '1686650825', ip = '113.23.44.106', userid = '0', adminid = '0', user_name='0', user_rank='0', discount='1', email='0', data = 'a:3:{s:7:\"from_ad\";i:0;s:7:\"referer\";s:11:\"Trang chủ\";s:10:\"login_fail\";i:0;}' WHERE sesskey = '795e048024f210093a543d5e4bed8932' LIMIT 1

2023-06-13 17:07:05 - MySQLi Query Error: Commands out of sync; you can't run this command now

SELECT rank_id, IFNULL(mp.user_price, r.discount *  / 100) AS price, r.rank_name, r.discount FROM `kuqpxtvxhosting_minhngoc1`.`nb_user_rank` AS r LEFT JOIN `kuqpxtvxhosting_minhngoc1`.`nb_member_price` AS mp ON mp.goods_id = '3638' AND mp.user_rank = r.rank_id WHERE r.show_price = 1 OR r.rank_id = '0'

2023-06-13 18:33:02 - MySQLi Query Error: You have an error in your SQL syntax; check the manual that corresponds to your MariaDB server version for the right syntax to use near '/ 100) AS price, r.rank_name, r.discount FROM `kuqpxtvxhosting_minhngoc1`.`nb...' at line 1

SELECT pg.goods_id, ga.act_id, ga.act_name, ga.act_desc, ga.goods_name, ga.start_time,
                   ga.end_time, ga.is_finished, ga.ext_info
            FROM `kuqpxtvxhosting_minhngoc1`.`nb_goods_activity` AS ga, `kuqpxtvxhosting_minhngoc1`.`nb_package_goods` AS pg
            WHERE pg.package_id = ga.act_id
            AND ga.start_time <= '1686630782'
            AND ga.end_time >= '1686630782'
            AND pg.goods_id = 
            GROUP BY ga.act_id
            ORDER BY ga.act_id 

2023-06-13 18:33:02 - MySQLi Query Error: You have an error in your SQL syntax; check the manual that corresponds to your MariaDB server version for the right syntax to use near 'GROUP BY ga.act_id\x0A            ORDER BY ga.act_id' at line 8

SELECT g.goods_id, g.goods_name, RAND() AS rnd, g.goods_thumb, g.goods_img, g.shop_price AS org_price, IFNULL(mp.user_price, g.shop_price * '1') AS shop_price, g.market_price, g.promote_price, g.promote_start_date, g.promote_end_date FROM `kuqpxtvxhosting_minhngoc1`.`nb_goods` g LEFT JOIN `kuqpxtvxhosting_minhngoc1`.`nb_member_price` AS mp ON mp.goods_id = g.goods_id AND mp.user_rank = '0' WHERE g.goods_id <>  AND shop_price >  0 AND shop_price < 0 AND g.cat_id  IN ('','588','316','591','590','595','589','602','608','642','670','662','660','592','606','621','624','634','637','607','632','611','613','622','612','579','580','584','581','585','320','543','319','587','549','300','582','583','674','669','299','644','650','322','325','659','340','546','323','326','643','649','324','658','327','603','604','623','631','635','633','636','609','638','698','699','702','574','577','575','576','380','381','680','681','682','382','683','684','685','498','383','386','389','551','392','572','540','384','387','390','552','558','385','388','391','395','605','453','483','501','493','494','687','689','502','700','703','701','484','487','490','485','488','491','486','489','492','530','533','446','531','534','532','535','504','571','507','510','508','509','478','499','505','479','481','482','480','497','506','541','457','458','459','460','495','393','511','400','401','402','399','405','512','397','398','396','404','653','654','408','655','656','407','403','675','677','678','679','409','690','693','691','694','692','695','688','696','697','412','411','406','410','593','597','599','600','601','598','596','594','639','641','640','615','616','618','666','619','667','668','645','617','626','455','454','627','450','451','628','434','437','435','436','342','345','374','372','375','373','542','357','360','363','343','348','351','366','349','364','367','350','365','368','346','355','358','361','344','371','354','369','352','370','353','347','377','378','376','379','356','359','362','513','429','430','433','431','432','514','515','516','522','523','524','517','536','519','537','520','518','521','294','307','339','310','313','539','545','548','296','305','306','321','336','525','528','526','529','538','550','527','308','311','314','338','309','500','341','312','315','544','295','302','317','297','303','573','318','298','304','301','328','331','334','337','329','332','335','547','330','333','413','472','475','473','476','474','477','414','417','420','423','461','466','469','464','467','470','462','465','468','471','463','415','418','421','424','416','419','422','646','647','671','673','672','648','663','665','664','661','553','562','568','554','555','556','557','563','565','564','566','569','567','570','559','560','561','394','496','438','440','443','441','444','439','442','445','447','449','452','448','456','503','425','426','427','428')  AND g.is_on_sale = 1 AND g.is_alone_sale = 1 AND g.is_delete = 0  ORDER BY rnd LIMIT 10

2023-06-13 18:33:03 - MySQLi Query Error: You have an error in your SQL syntax; check the manual that corresponds to your MariaDB server version for the right syntax to use near 'AND shop_price >  0 AND shop_price < 0 AND g.cat_id  IN ('','588','316','591'...' at line 1

