SELECT COUNT(*) as goods_num FROM `thbvietnam_1s`.`nb_goods` AS g WHERE (g.cat_id  IN ('396')  OR g.goods_id IN ('') ) AND g.is_delete = 0 AND g.is_on_sale = 1 AND g.is_alone_sale = 1 AND g.shop_price >= 15000000 AND g.shop_price < 

2023-09-02 05:20:01 - MySQLi Query Error: You have an error in your SQL syntax; check the manual that corresponds to your MySQL server version for the right syntax to use near '' at line 1

SELECT COUNT(*) as goods_num FROM `thbvietnam_1s`.`nb_goods` AS g WHERE (g.cat_id  IN ('396')  OR g.goods_id IN ('') ) AND g.is_delete = 0 AND g.is_on_sale = 1 AND g.is_alone_sale = 1 AND g.shop_price >=  AND g.shop_price < 9223372036854775807

2023-09-02 05:20:01 - MySQLi Query Error: You have an error in your SQL syntax; check the manual that corresponds to your MySQL server version for the right syntax to use near 'AND g.shop_price < 9223372036854775807' at line 1

SELECT COUNT(*) as goods_num FROM `thbvietnam_1s`.`nb_goods` AS g WHERE (g.cat_id  IN ('396')  OR g.goods_id IN ('') ) AND g.is_delete = 0 AND g.is_on_sale = 1 AND g.is_alone_sale = 1 AND g.shop_price >= 15000000 AND g.shop_price < 

2023-09-02 07:57:35 - MySQLi Query Error: You have an error in your SQL syntax; check the manual that corresponds to your MySQL server version for the right syntax to use near '' at line 1

SELECT COUNT(*) as goods_num FROM `thbvietnam_1s`.`nb_goods` AS g WHERE (g.cat_id  IN ('396')  OR g.goods_id IN ('') ) AND g.is_delete = 0 AND g.is_on_sale = 1 AND g.is_alone_sale = 1 AND g.shop_price >=  AND g.shop_price < 9223372036854775807

2023-09-02 07:57:35 - MySQLi Query Error: You have an error in your SQL syntax; check the manual that corresponds to your MySQL server version for the right syntax to use near 'AND g.shop_price < 9223372036854775807' at line 1

SELECT COUNT(*) as goods_num FROM `thbvietnam_1s`.`nb_goods` AS g WHERE (g.cat_id  IN ('396')  OR g.goods_id IN ('') ) AND g.is_delete = 0 AND g.is_on_sale = 1 AND g.is_alone_sale = 1 AND g.shop_price >= 15000000 AND g.shop_price < 

2023-09-02 08:24:30 - MySQLi Query Error: You have an error in your SQL syntax; check the manual that corresponds to your MySQL server version for the right syntax to use near '' at line 1

SELECT COUNT(*) as goods_num FROM `thbvietnam_1s`.`nb_goods` AS g WHERE (g.cat_id  IN ('396')  OR g.goods_id IN ('') ) AND g.is_delete = 0 AND g.is_on_sale = 1 AND g.is_alone_sale = 1 AND g.shop_price >=  AND g.shop_price < 9223372036854775807

2023-09-02 08:24:30 - MySQLi Query Error: You have an error in your SQL syntax; check the manual that corresponds to your MySQL server version for the right syntax to use near 'AND g.shop_price < 9223372036854775807' at line 1

SELECT rank_id, IFNULL(mp.user_price, r.discount *  / 100) AS price, r.rank_name, r.discount FROM `thbvietnam_1s`.`nb_user_rank` AS r LEFT JOIN `thbvietnam_1s`.`nb_member_price` AS mp ON mp.goods_id = '5158' AND mp.user_rank = r.rank_id WHERE r.show_price = 1 OR r.rank_id = '0'

2023-09-02 09:59:26 - MySQLi Query Error: You have an error in your SQL syntax; check the manual that corresponds to your MySQL server version for the right syntax to use near '/ 100) AS price, r.rank_name, r.discount FROM `thbvietnam_1s`.`nb_user_rank` AS ' at line 1

SELECT pg.goods_id, ga.act_id, ga.act_name, ga.act_desc, ga.goods_name, ga.start_time,
                   ga.end_time, ga.is_finished, ga.ext_info
            FROM `thbvietnam_1s`.`nb_goods_activity` AS ga, `thbvietnam_1s`.`nb_package_goods` AS pg
            WHERE pg.package_id = ga.act_id
            AND ga.start_time <= '1693598366'
            AND ga.end_time >= '1693598366'
            AND pg.goods_id = 
            GROUP BY ga.act_id
            ORDER BY ga.act_id 

2023-09-02 09:59:26 - MySQLi Query Error: You have an error in your SQL syntax; check the manual that corresponds to your MySQL server version for the right syntax to use near 'GROUP BY ga.act_id\x0A            ORDER BY ga.act_id' at line 8

SELECT g.goods_id, g.goods_name, RAND() AS rnd, g.goods_thumb, g.goods_img, g.shop_price AS org_price, IFNULL(mp.user_price, g.shop_price * '1') AS shop_price, g.market_price, g.promote_price, g.promote_start_date, g.promote_end_date FROM `thbvietnam_1s`.`nb_goods` g LEFT JOIN `thbvietnam_1s`.`nb_member_price` AS mp ON mp.goods_id = g.goods_id AND mp.user_rank = '0' WHERE g.goods_id <>  AND shop_price >  0 AND shop_price < 0 AND g.cat_id  IN ('','588','589','316','591','590','595','602','608','592','606','607','621','632','624','634','637','642','660','670','662','782','783','784','611','622','612','613','739','750','748','747','746','749','751','740','579','580','581','584','585','320','543','319','582','583','674','669','587','549','300','603','604','631','623','635','609','633','636','638','299','644','659','649','643','650','704','658','324','327','718','721','719','720','722','723','724','725','726','727','728','729','698','699','702','707','705','706','708','574','575','576','577','395','605','453','483','501','457','459','460','458','484','486','492','710','493','494','687','689','502','700','703','701','497','499','743','530','532','535','533','446','531','534','571','505','504','506','541','495','507','509','510','508','478','479','482','480','481','380','381','680','681','682','382','683','684','685','709','391','383','386','389','551','392','558','498','387','390','552','572','540','385','388','593','597','601','599','600','598','596','594','639','640','641','393','511','399','400','401','402','405','512','396','397','398','404','653','654','408','656','655','407','403','675','677','678','679','409','690','693','691','694','692','695','688','696','697','412','411','406','410','615','616','617','618','619','666','667','668','645','735','736','737','738','626','627','628','450','451','454','455','456','496','711','712','713','714','715','716','717','503','553','570','554','556','555','568','559','560','561','569','394','438','439','442','445','440','443','441','444','447','448','449','452','741','425','428','426','742','427','314','744','745','762','763','766','463','464','765','764','472','474','477','473','475','476','767','414','768','415','769','416','770','771','772','422','423','419','418','773','774','777','775','776','778','781','420','779','294','301','334','337','329','332','335','330','333','328','547','331','341','307','310','313','500','544','548','338','308','311','539','295','304','573','297','302','317','298','303','318','545','339','525','550','526','529','538','527','528','309','312','315','296','305','336','306','321','646','647','663','665','664','661','648','671','672','673','760','756','752','754','755','753','761','757','758','759','342','344','370','353','371','354','369','352','347','376','379','377','378','356','359','362','345','373','374','372','375','357','360','542','363','343','367','350','365','368','348','351','366','349','364','346','355','358','361','434','436','437','435','513','515','429','430','433','431','432','514','516','517','520','518','521','536','519','537','522','523','524','413','417','421','424','461','462','466','469','467','470','465','468','471')  AND g.is_on_sale = 1 AND g.is_alone_sale = 1 AND g.is_delete = 0  ORDER BY rnd LIMIT 10

2023-09-02 09:59:26 - MySQLi Query Error: You have an error in your SQL syntax; check the manual that corresponds to your MySQL server version for the right syntax to use near 'AND shop_price >  0 AND shop_price < 0 AND g.cat_id  IN ('','588','589','316','5' at line 1

