SELECT COUNT(*) as goods_num FROM `thbvietnam_1s`.`nb_goods` AS g WHERE (g.cat_id  IN ('396')  OR g.goods_id IN ('') ) AND g.is_delete = 0 AND g.is_on_sale = 1 AND g.is_alone_sale = 1 AND g.shop_price >= 15000000 AND g.shop_price < 

2023-08-02 02:06:47 - MySQLi Query Error: You have an error in your SQL syntax; check the manual that corresponds to your MySQL server version for the right syntax to use near '' at line 1

SELECT COUNT(*) as goods_num FROM `thbvietnam_1s`.`nb_goods` AS g WHERE (g.cat_id  IN ('396')  OR g.goods_id IN ('') ) AND g.is_delete = 0 AND g.is_on_sale = 1 AND g.is_alone_sale = 1 AND g.shop_price >=  AND g.shop_price < 9223372036854775807

2023-08-02 02:06:47 - MySQLi Query Error: You have an error in your SQL syntax; check the manual that corresponds to your MySQL server version for the right syntax to use near 'AND g.shop_price < 9223372036854775807' at line 1

SELECT COUNT(*) as goods_num FROM `thbvietnam_1s`.`nb_goods` AS g WHERE (g.cat_id  IN ('396')  OR g.goods_id IN ('') ) AND g.is_delete = 0 AND g.is_on_sale = 1 AND g.is_alone_sale = 1 AND g.shop_price >= 15000000 AND g.shop_price < 

2023-08-02 03:00:21 - MySQLi Query Error: You have an error in your SQL syntax; check the manual that corresponds to your MySQL server version for the right syntax to use near '' at line 1

SELECT COUNT(*) as goods_num FROM `thbvietnam_1s`.`nb_goods` AS g WHERE (g.cat_id  IN ('396')  OR g.goods_id IN ('') ) AND g.is_delete = 0 AND g.is_on_sale = 1 AND g.is_alone_sale = 1 AND g.shop_price >=  AND g.shop_price < 9223372036854775807

2023-08-02 03:00:21 - MySQLi Query Error: You have an error in your SQL syntax; check the manual that corresponds to your MySQL server version for the right syntax to use near 'AND g.shop_price < 9223372036854775807' at line 1

SELECT COUNT(*) as goods_num FROM `thbvietnam_1s`.`nb_goods` AS g WHERE (g.cat_id  IN ('396')  OR g.goods_id IN ('') ) AND g.is_delete = 0 AND g.is_on_sale = 1 AND g.is_alone_sale = 1 AND g.shop_price >= 15000000 AND g.shop_price < 

2023-08-02 03:35:48 - MySQLi Query Error: You have an error in your SQL syntax; check the manual that corresponds to your MySQL server version for the right syntax to use near '' at line 1

SELECT COUNT(*) as goods_num FROM `thbvietnam_1s`.`nb_goods` AS g WHERE (g.cat_id  IN ('396')  OR g.goods_id IN ('') ) AND g.is_delete = 0 AND g.is_on_sale = 1 AND g.is_alone_sale = 1 AND g.shop_price >=  AND g.shop_price < 9223372036854775807

2023-08-02 03:35:48 - MySQLi Query Error: You have an error in your SQL syntax; check the manual that corresponds to your MySQL server version for the right syntax to use near 'AND g.shop_price < 9223372036854775807' at line 1

SELECT COUNT(*) as goods_num FROM `thbvietnam_1s`.`nb_goods` AS g WHERE (g.cat_id  IN ('396')  OR g.goods_id IN ('') ) AND g.is_delete = 0 AND g.is_on_sale = 1 AND g.is_alone_sale = 1 AND g.shop_price >= 15000000 AND g.shop_price < 

2023-08-02 03:49:12 - MySQLi Query Error: You have an error in your SQL syntax; check the manual that corresponds to your MySQL server version for the right syntax to use near '' at line 1

SELECT COUNT(*) as goods_num FROM `thbvietnam_1s`.`nb_goods` AS g WHERE (g.cat_id  IN ('396')  OR g.goods_id IN ('') ) AND g.is_delete = 0 AND g.is_on_sale = 1 AND g.is_alone_sale = 1 AND g.shop_price >=  AND g.shop_price < 9223372036854775807

2023-08-02 03:49:12 - MySQLi Query Error: You have an error in your SQL syntax; check the manual that corresponds to your MySQL server version for the right syntax to use near 'AND g.shop_price < 9223372036854775807' at line 1

SELECT COUNT(*) as goods_num FROM `thbvietnam_1s`.`nb_goods` AS g WHERE (g.cat_id  IN ('396')  OR g.goods_id IN ('') ) AND g.is_delete = 0 AND g.is_on_sale = 1 AND g.is_alone_sale = 1 AND g.shop_price >= 15000000 AND g.shop_price < 

2023-08-02 06:10:10 - MySQLi Query Error: You have an error in your SQL syntax; check the manual that corresponds to your MySQL server version for the right syntax to use near '' at line 1

SELECT COUNT(*) as goods_num FROM `thbvietnam_1s`.`nb_goods` AS g WHERE (g.cat_id  IN ('396')  OR g.goods_id IN ('') ) AND g.is_delete = 0 AND g.is_on_sale = 1 AND g.is_alone_sale = 1 AND g.shop_price >=  AND g.shop_price < 9223372036854775807

2023-08-02 06:10:10 - MySQLi Query Error: You have an error in your SQL syntax; check the manual that corresponds to your MySQL server version for the right syntax to use near 'AND g.shop_price < 9223372036854775807' at line 1

SELECT COUNT(*) as goods_num FROM `thbvietnam_1s`.`nb_goods` AS g WHERE (g.cat_id  IN ('396')  OR g.goods_id IN ('') ) AND g.is_delete = 0 AND g.is_on_sale = 1 AND g.is_alone_sale = 1 AND g.shop_price >= 15000000 AND g.shop_price < 

2023-08-02 09:15:00 - MySQLi Query Error: You have an error in your SQL syntax; check the manual that corresponds to your MySQL server version for the right syntax to use near '' at line 1

SELECT COUNT(*) as goods_num FROM `thbvietnam_1s`.`nb_goods` AS g WHERE (g.cat_id  IN ('396')  OR g.goods_id IN ('') ) AND g.is_delete = 0 AND g.is_on_sale = 1 AND g.is_alone_sale = 1 AND g.shop_price >=  AND g.shop_price < 9223372036854775807

2023-08-02 09:15:00 - MySQLi Query Error: You have an error in your SQL syntax; check the manual that corresponds to your MySQL server version for the right syntax to use near 'AND g.shop_price < 9223372036854775807' at line 1

SELECT COUNT(*) as goods_num FROM `thbvietnam_1s`.`nb_goods` AS g WHERE (g.cat_id  IN ('396')  OR g.goods_id IN ('') ) AND g.is_delete = 0 AND g.is_on_sale = 1 AND g.is_alone_sale = 1 AND g.shop_price >= 15000000 AND g.shop_price < 

2023-08-02 09:31:01 - MySQLi Query Error: You have an error in your SQL syntax; check the manual that corresponds to your MySQL server version for the right syntax to use near '' at line 1

SELECT COUNT(*) as goods_num FROM `thbvietnam_1s`.`nb_goods` AS g WHERE (g.cat_id  IN ('396')  OR g.goods_id IN ('') ) AND g.is_delete = 0 AND g.is_on_sale = 1 AND g.is_alone_sale = 1 AND g.shop_price >=  AND g.shop_price < 9223372036854775807

2023-08-02 09:31:01 - MySQLi Query Error: You have an error in your SQL syntax; check the manual that corresponds to your MySQL server version for the right syntax to use near 'AND g.shop_price < 9223372036854775807' at line 1

INSERT INTO `thbvietnam_1s`.`nb_sessions` (sesskey, expiry, ip, data) VALUES ('e35e6de62be06479c7dd3269a15c2781', '1690952212', '118.70.131.98', 'a:0:{}')

2023-08-02 11:56:52 - MySQLi Query Error: Duplicate entry 'e35e6de62be06479c7dd3269a15c2781' for key 'PRIMARY'

SELECT COUNT(*) as goods_num FROM `thbvietnam_1s`.`nb_goods` AS g WHERE (g.cat_id  IN ('396')  OR g.goods_id IN ('') ) AND g.is_delete = 0 AND g.is_on_sale = 1 AND g.is_alone_sale = 1 AND g.shop_price >= 15000000 AND g.shop_price < 

2023-08-02 12:03:49 - MySQLi Query Error: You have an error in your SQL syntax; check the manual that corresponds to your MySQL server version for the right syntax to use near '' at line 1

SELECT COUNT(*) as goods_num FROM `thbvietnam_1s`.`nb_goods` AS g WHERE (g.cat_id  IN ('396')  OR g.goods_id IN ('') ) AND g.is_delete = 0 AND g.is_on_sale = 1 AND g.is_alone_sale = 1 AND g.shop_price >=  AND g.shop_price < 9223372036854775807

2023-08-02 12:03:49 - MySQLi Query Error: You have an error in your SQL syntax; check the manual that corresponds to your MySQL server version for the right syntax to use near 'AND g.shop_price < 9223372036854775807' at line 1

SELECT COUNT(*) as goods_num FROM `thbvietnam_1s`.`nb_goods` AS g WHERE (g.cat_id  IN ('396')  OR g.goods_id IN ('') ) AND g.is_delete = 0 AND g.is_on_sale = 1 AND g.is_alone_sale = 1 AND g.shop_price >= 15000000 AND g.shop_price < 

2023-08-02 16:44:14 - MySQLi Query Error: You have an error in your SQL syntax; check the manual that corresponds to your MySQL server version for the right syntax to use near '' at line 1

SELECT COUNT(*) as goods_num FROM `thbvietnam_1s`.`nb_goods` AS g WHERE (g.cat_id  IN ('396')  OR g.goods_id IN ('') ) AND g.is_delete = 0 AND g.is_on_sale = 1 AND g.is_alone_sale = 1 AND g.shop_price >=  AND g.shop_price < 9223372036854775807

2023-08-02 16:44:14 - MySQLi Query Error: You have an error in your SQL syntax; check the manual that corresponds to your MySQL server version for the right syntax to use near 'AND g.shop_price < 9223372036854775807' at line 1

SELECT COUNT(*) as goods_num FROM `thbvietnam_1s`.`nb_goods` AS g WHERE (g.cat_id  IN ('396')  OR g.goods_id IN ('') ) AND g.is_delete = 0 AND g.is_on_sale = 1 AND g.is_alone_sale = 1 AND g.shop_price >= 15000000 AND g.shop_price < 

2023-08-02 16:53:03 - MySQLi Query Error: You have an error in your SQL syntax; check the manual that corresponds to your MySQL server version for the right syntax to use near '' at line 1

SELECT COUNT(*) as goods_num FROM `thbvietnam_1s`.`nb_goods` AS g WHERE (g.cat_id  IN ('396')  OR g.goods_id IN ('') ) AND g.is_delete = 0 AND g.is_on_sale = 1 AND g.is_alone_sale = 1 AND g.shop_price >=  AND g.shop_price < 9223372036854775807

2023-08-02 16:53:03 - MySQLi Query Error: You have an error in your SQL syntax; check the manual that corresponds to your MySQL server version for the right syntax to use near 'AND g.shop_price < 9223372036854775807' at line 1

SELECT COUNT(*) as goods_num FROM `thbvietnam_1s`.`nb_goods` AS g WHERE (g.cat_id  IN ('396')  OR g.goods_id IN ('') ) AND g.is_delete = 0 AND g.is_on_sale = 1 AND g.is_alone_sale = 1 AND g.shop_price >= 15000000 AND g.shop_price < 

2023-08-02 16:53:08 - MySQLi Query Error: You have an error in your SQL syntax; check the manual that corresponds to your MySQL server version for the right syntax to use near '' at line 1

SELECT COUNT(*) as goods_num FROM `thbvietnam_1s`.`nb_goods` AS g WHERE (g.cat_id  IN ('396')  OR g.goods_id IN ('') ) AND g.is_delete = 0 AND g.is_on_sale = 1 AND g.is_alone_sale = 1 AND g.shop_price >=  AND g.shop_price < 9223372036854775807

2023-08-02 16:53:08 - MySQLi Query Error: You have an error in your SQL syntax; check the manual that corresponds to your MySQL server version for the right syntax to use near 'AND g.shop_price < 9223372036854775807' at line 1

SELECT COUNT(*) as goods_num FROM `thbvietnam_1s`.`nb_goods` AS g WHERE (g.cat_id  IN ('396')  OR g.goods_id IN ('') ) AND g.is_delete = 0 AND g.is_on_sale = 1 AND g.is_alone_sale = 1 AND g.shop_price >= 15000000 AND g.shop_price < 

2023-08-02 16:53:24 - MySQLi Query Error: You have an error in your SQL syntax; check the manual that corresponds to your MySQL server version for the right syntax to use near '' at line 1

SELECT COUNT(*) as goods_num FROM `thbvietnam_1s`.`nb_goods` AS g WHERE (g.cat_id  IN ('396')  OR g.goods_id IN ('') ) AND g.is_delete = 0 AND g.is_on_sale = 1 AND g.is_alone_sale = 1 AND g.shop_price >=  AND g.shop_price < 9223372036854775807

2023-08-02 16:53:24 - MySQLi Query Error: You have an error in your SQL syntax; check the manual that corresponds to your MySQL server version for the right syntax to use near 'AND g.shop_price < 9223372036854775807' at line 1

SELECT COUNT(*) as goods_num FROM `thbvietnam_1s`.`nb_goods` AS g WHERE (g.cat_id  IN ('396')  OR g.goods_id IN ('') ) AND g.is_delete = 0 AND g.is_on_sale = 1 AND g.is_alone_sale = 1 AND g.shop_price >= 15000000 AND g.shop_price < 

2023-08-02 17:25:37 - MySQLi Query Error: You have an error in your SQL syntax; check the manual that corresponds to your MySQL server version for the right syntax to use near '' at line 1

SELECT COUNT(*) as goods_num FROM `thbvietnam_1s`.`nb_goods` AS g WHERE (g.cat_id  IN ('396')  OR g.goods_id IN ('') ) AND g.is_delete = 0 AND g.is_on_sale = 1 AND g.is_alone_sale = 1 AND g.shop_price >=  AND g.shop_price < 9223372036854775807

2023-08-02 17:25:37 - MySQLi Query Error: You have an error in your SQL syntax; check the manual that corresponds to your MySQL server version for the right syntax to use near 'AND g.shop_price < 9223372036854775807' at line 1

SELECT COUNT(*) as goods_num FROM `thbvietnam_1s`.`nb_goods` AS g WHERE (g.cat_id  IN ('396')  OR g.goods_id IN ('') ) AND g.is_delete = 0 AND g.is_on_sale = 1 AND g.is_alone_sale = 1 AND g.shop_price >= 15000000 AND g.shop_price < 

2023-08-02 17:28:14 - MySQLi Query Error: You have an error in your SQL syntax; check the manual that corresponds to your MySQL server version for the right syntax to use near '' at line 1

SELECT COUNT(*) as goods_num FROM `thbvietnam_1s`.`nb_goods` AS g WHERE (g.cat_id  IN ('396')  OR g.goods_id IN ('') ) AND g.is_delete = 0 AND g.is_on_sale = 1 AND g.is_alone_sale = 1 AND g.shop_price >=  AND g.shop_price < 9223372036854775807

2023-08-02 17:28:14 - MySQLi Query Error: You have an error in your SQL syntax; check the manual that corresponds to your MySQL server version for the right syntax to use near 'AND g.shop_price < 9223372036854775807' at line 1

SELECT COUNT(*) as goods_num FROM `thbvietnam_1s`.`nb_goods` AS g WHERE (g.cat_id  IN ('396')  OR g.goods_id IN ('') ) AND g.is_delete = 0 AND g.is_on_sale = 1 AND g.is_alone_sale = 1 AND g.shop_price >= 15000000 AND g.shop_price < 

2023-08-02 17:37:30 - MySQLi Query Error: You have an error in your SQL syntax; check the manual that corresponds to your MySQL server version for the right syntax to use near '' at line 1

SELECT COUNT(*) as goods_num FROM `thbvietnam_1s`.`nb_goods` AS g WHERE (g.cat_id  IN ('396')  OR g.goods_id IN ('') ) AND g.is_delete = 0 AND g.is_on_sale = 1 AND g.is_alone_sale = 1 AND g.shop_price >=  AND g.shop_price < 9223372036854775807

2023-08-02 17:37:30 - MySQLi Query Error: You have an error in your SQL syntax; check the manual that corresponds to your MySQL server version for the right syntax to use near 'AND g.shop_price < 9223372036854775807' at line 1

SELECT COUNT(*) as goods_num FROM `thbvietnam_1s`.`nb_goods` AS g WHERE (g.cat_id  IN ('396')  OR g.goods_id IN ('') ) AND g.is_delete = 0 AND g.is_on_sale = 1 AND g.is_alone_sale = 1 AND g.shop_price >= 15000000 AND g.shop_price < 

2023-08-02 18:12:42 - MySQLi Query Error: You have an error in your SQL syntax; check the manual that corresponds to your MySQL server version for the right syntax to use near '' at line 1

SELECT COUNT(*) as goods_num FROM `thbvietnam_1s`.`nb_goods` AS g WHERE (g.cat_id  IN ('396')  OR g.goods_id IN ('') ) AND g.is_delete = 0 AND g.is_on_sale = 1 AND g.is_alone_sale = 1 AND g.shop_price >=  AND g.shop_price < 9223372036854775807

2023-08-02 18:12:42 - MySQLi Query Error: You have an error in your SQL syntax; check the manual that corresponds to your MySQL server version for the right syntax to use near 'AND g.shop_price < 9223372036854775807' at line 1

SELECT COUNT(*) as goods_num FROM `thbvietnam_1s`.`nb_goods` AS g WHERE (g.cat_id  IN ('396')  OR g.goods_id IN ('') ) AND g.is_delete = 0 AND g.is_on_sale = 1 AND g.is_alone_sale = 1 AND g.shop_price >= 15000000 AND g.shop_price < 

2023-08-02 18:38:04 - MySQLi Query Error: You have an error in your SQL syntax; check the manual that corresponds to your MySQL server version for the right syntax to use near '' at line 1

SELECT COUNT(*) as goods_num FROM `thbvietnam_1s`.`nb_goods` AS g WHERE (g.cat_id  IN ('396')  OR g.goods_id IN ('') ) AND g.is_delete = 0 AND g.is_on_sale = 1 AND g.is_alone_sale = 1 AND g.shop_price >=  AND g.shop_price < 9223372036854775807

2023-08-02 18:38:04 - MySQLi Query Error: You have an error in your SQL syntax; check the manual that corresponds to your MySQL server version for the right syntax to use near 'AND g.shop_price < 9223372036854775807' at line 1

SELECT COUNT(*) as goods_num FROM `thbvietnam_1s`.`nb_goods` AS g WHERE (g.cat_id  IN ('396')  OR g.goods_id IN ('') ) AND g.is_delete = 0 AND g.is_on_sale = 1 AND g.is_alone_sale = 1 AND g.shop_price >= 15000000 AND g.shop_price < 

2023-08-02 19:32:52 - MySQLi Query Error: You have an error in your SQL syntax; check the manual that corresponds to your MySQL server version for the right syntax to use near '' at line 1

SELECT COUNT(*) as goods_num FROM `thbvietnam_1s`.`nb_goods` AS g WHERE (g.cat_id  IN ('396')  OR g.goods_id IN ('') ) AND g.is_delete = 0 AND g.is_on_sale = 1 AND g.is_alone_sale = 1 AND g.shop_price >=  AND g.shop_price < 9223372036854775807

2023-08-02 19:32:52 - MySQLi Query Error: You have an error in your SQL syntax; check the manual that corresponds to your MySQL server version for the right syntax to use near 'AND g.shop_price < 9223372036854775807' at line 1

SELECT COUNT(*) as goods_num FROM `thbvietnam_1s`.`nb_goods` AS g WHERE (g.cat_id  IN ('396')  OR g.goods_id IN ('') ) AND g.is_delete = 0 AND g.is_on_sale = 1 AND g.is_alone_sale = 1 AND g.shop_price >= 15000000 AND g.shop_price < 

2023-08-02 20:05:43 - MySQLi Query Error: You have an error in your SQL syntax; check the manual that corresponds to your MySQL server version for the right syntax to use near '' at line 1

SELECT COUNT(*) as goods_num FROM `thbvietnam_1s`.`nb_goods` AS g WHERE (g.cat_id  IN ('396')  OR g.goods_id IN ('') ) AND g.is_delete = 0 AND g.is_on_sale = 1 AND g.is_alone_sale = 1 AND g.shop_price >=  AND g.shop_price < 9223372036854775807

2023-08-02 20:05:43 - MySQLi Query Error: You have an error in your SQL syntax; check the manual that corresponds to your MySQL server version for the right syntax to use near 'AND g.shop_price < 9223372036854775807' at line 1

SELECT COUNT(*) as goods_num FROM `thbvietnam_1s`.`nb_goods` AS g WHERE (g.cat_id  IN ('396')  OR g.goods_id IN ('') ) AND g.is_delete = 0 AND g.is_on_sale = 1 AND g.is_alone_sale = 1 AND g.shop_price >= 15000000 AND g.shop_price < 

2023-08-02 20:18:03 - MySQLi Query Error: You have an error in your SQL syntax; check the manual that corresponds to your MySQL server version for the right syntax to use near '' at line 1

SELECT COUNT(*) as goods_num FROM `thbvietnam_1s`.`nb_goods` AS g WHERE (g.cat_id  IN ('396')  OR g.goods_id IN ('') ) AND g.is_delete = 0 AND g.is_on_sale = 1 AND g.is_alone_sale = 1 AND g.shop_price >=  AND g.shop_price < 9223372036854775807

2023-08-02 20:18:03 - MySQLi Query Error: You have an error in your SQL syntax; check the manual that corresponds to your MySQL server version for the right syntax to use near 'AND g.shop_price < 9223372036854775807' at line 1

SELECT COUNT(*) as goods_num FROM `thbvietnam_1s`.`nb_goods` AS g WHERE (g.cat_id  IN ('396')  OR g.goods_id IN ('') ) AND g.is_delete = 0 AND g.is_on_sale = 1 AND g.is_alone_sale = 1 AND g.shop_price >= 15000000 AND g.shop_price < 

2023-08-02 20:45:25 - MySQLi Query Error: You have an error in your SQL syntax; check the manual that corresponds to your MySQL server version for the right syntax to use near '' at line 1

SELECT COUNT(*) as goods_num FROM `thbvietnam_1s`.`nb_goods` AS g WHERE (g.cat_id  IN ('396')  OR g.goods_id IN ('') ) AND g.is_delete = 0 AND g.is_on_sale = 1 AND g.is_alone_sale = 1 AND g.shop_price >=  AND g.shop_price < 9223372036854775807

2023-08-02 20:45:25 - MySQLi Query Error: You have an error in your SQL syntax; check the manual that corresponds to your MySQL server version for the right syntax to use near 'AND g.shop_price < 9223372036854775807' at line 1

SELECT COUNT(*) as goods_num FROM `thbvietnam_1s`.`nb_goods` AS g WHERE (g.cat_id  IN ('396')  OR g.goods_id IN ('') ) AND g.is_delete = 0 AND g.is_on_sale = 1 AND g.is_alone_sale = 1 AND g.shop_price >= 15000000 AND g.shop_price < 

2023-08-02 21:36:47 - MySQLi Query Error: You have an error in your SQL syntax; check the manual that corresponds to your MySQL server version for the right syntax to use near '' at line 1

SELECT COUNT(*) as goods_num FROM `thbvietnam_1s`.`nb_goods` AS g WHERE (g.cat_id  IN ('396')  OR g.goods_id IN ('') ) AND g.is_delete = 0 AND g.is_on_sale = 1 AND g.is_alone_sale = 1 AND g.shop_price >=  AND g.shop_price < 9223372036854775807

2023-08-02 21:36:47 - MySQLi Query Error: You have an error in your SQL syntax; check the manual that corresponds to your MySQL server version for the right syntax to use near 'AND g.shop_price < 9223372036854775807' at line 1

